CRITICAL - 2023-01-16 07:03:00 --> Undefined variable $role
in APPPATH\Views\data-users.php on line 94.
 1 APPPATH\Views\data-users.php(94): CodeIgniter\Debug\Exceptions->errorHandler(2, 'Undefined variable $role', 'APPPATH\\Views\\data-users.php', 94)
 2 SYSTEMPATH\View\View.php(213): include('APPPATH\\Views\\data-users.php')
 3 SYSTEMPATH\View\View.php(216): CodeIgniter\View\View->CodeIgniter\View\{closure}()
 4 SYSTEMPATH\Common.php(1135): CodeIgniter\View\View->render('data-users', [], true)
 5 APPPATH\Controllers\PagesController.php(119): view('data-users', [...])
 6 SYSTEMPATH\CodeIgniter.php(896): App\Controllers\PagesController->data_users()
 7 SYSTEMPATH\CodeIgniter.php(466): CodeIgniter\CodeIgniter->runController(Object(App\Controllers\PagesController))
 8 SYSTEMPATH\CodeIgniter.php(349): CodeIgniter\CodeIgniter->handleRequest(null, Object(Config\Cache), false)
 9 FCPATH\index.php(55): CodeIgniter\CodeIgniter->run()
10 SYSTEMPATH\Commands\Server\rewrite.php(43): require_once('FCPATH\\index.php')
CRITICAL - 2023-01-16 07:29:02 --> Undefined array key "id_pelaporan"
in APPPATH\Views\data-pelaporan-kerusakan.php on line 113.
 1 APPPATH\Views\data-pelaporan-kerusakan.php(113): CodeIgniter\Debug\Exceptions->errorHandler(2, 'Undefined array key "id_pelaporan"', 'APPPATH\\Views\\data-pelaporan-kerusakan.php', 113)
 2 SYSTEMPATH\View\View.php(213): include('APPPATH\\Views\\data-pelaporan-kerusakan.php')
 3 SYSTEMPATH\View\View.php(216): CodeIgniter\View\View->CodeIgniter\View\{closure}()
 4 SYSTEMPATH\Common.php(1135): CodeIgniter\View\View->render('data-pelaporan-kerusakan', [], true)
 5 APPPATH\Controllers\PagesController.php(94): view('data-pelaporan-kerusakan', [...])
 6 SYSTEMPATH\CodeIgniter.php(896): App\Controllers\PagesController->data_pelaporan()
 7 SYSTEMPATH\CodeIgniter.php(466): CodeIgniter\CodeIgniter->runController(Object(App\Controllers\PagesController))
 8 SYSTEMPATH\CodeIgniter.php(349): CodeIgniter\CodeIgniter->handleRequest(null, Object(Config\Cache), false)
 9 FCPATH\index.php(55): CodeIgniter\CodeIgniter->run()
10 SYSTEMPATH\Commands\Server\rewrite.php(43): require_once('FCPATH\\index.php')
CRITICAL - 2023-01-16 07:29:38 --> Undefined array key "id_pelaporan"
in APPPATH\Views\data-pelaporan-kerusakan.php on line 113.
 1 APPPATH\Views\data-pelaporan-kerusakan.php(113): CodeIgniter\Debug\Exceptions->errorHandler(2, 'Undefined array key "id_pelaporan"', 'APPPATH\\Views\\data-pelaporan-kerusakan.php', 113)
 2 SYSTEMPATH\View\View.php(213): include('APPPATH\\Views\\data-pelaporan-kerusakan.php')
 3 SYSTEMPATH\View\View.php(216): CodeIgniter\View\View->CodeIgniter\View\{closure}()
 4 SYSTEMPATH\Common.php(1135): CodeIgniter\View\View->render('data-pelaporan-kerusakan', [], true)
 5 APPPATH\Controllers\PagesController.php(94): view('data-pelaporan-kerusakan', [...])
 6 SYSTEMPATH\CodeIgniter.php(896): App\Controllers\PagesController->data_pelaporan()
 7 SYSTEMPATH\CodeIgniter.php(466): CodeIgniter\CodeIgniter->runController(Object(App\Controllers\PagesController))
 8 SYSTEMPATH\CodeIgniter.php(349): CodeIgniter\CodeIgniter->handleRequest(null, Object(Config\Cache), false)
 9 FCPATH\index.php(55): CodeIgniter\CodeIgniter->run()
10 SYSTEMPATH\Commands\Server\rewrite.php(43): require_once('FCPATH\\index.php')
