CRITICAL - 2022-10-20 01:08:49 --> syntax error, unexpected identifier "assets", expecting ")"
in APPPATH\Views\dashboard.php on line 22.
 1 SYSTEMPATH\View\View.php(216): CodeIgniter\View\View->CodeIgniter\View\{closure}()
 2 SYSTEMPATH\Common.php(1135): CodeIgniter\View\View->render('dashboard', [], true)
 3 APPPATH\Controllers\PagesController.php(52): view('dashboard', [...])
 4 SYSTEMPATH\CodeIgniter.php(896): App\Controllers\PagesController->dashboard()
 5 SYSTEMPATH\CodeIgniter.php(466): CodeIgniter\CodeIgniter->runController(Object(App\Controllers\PagesController))
 6 SYSTEMPATH\CodeIgniter.php(349): CodeIgniter\CodeIgniter->handleRequest(null, Object(Config\Cache), false)
 7 FCPATH\index.php(55): CodeIgniter\CodeIgniter->run()
 8 SYSTEMPATH\Commands\Server\rewrite.php(43): require_once('FCPATH\\index.php')
CRITICAL - 2022-10-20 01:27:53 --> syntax error, unexpected double-quoted string ">", expecting "," or ";"
in APPPATH\Views\dashboard.php on line 210.
 1 SYSTEMPATH\View\View.php(216): CodeIgniter\View\View->CodeIgniter\View\{closure}()
 2 SYSTEMPATH\Common.php(1135): CodeIgniter\View\View->render('dashboard', [], true)
 3 APPPATH\Controllers\PagesController.php(52): view('dashboard', [...])
 4 SYSTEMPATH\CodeIgniter.php(896): App\Controllers\PagesController->dashboard()
 5 SYSTEMPATH\CodeIgniter.php(466): CodeIgniter\CodeIgniter->runController(Object(App\Controllers\PagesController))
 6 SYSTEMPATH\CodeIgniter.php(349): CodeIgniter\CodeIgniter->handleRequest(null, Object(Config\Cache), false)
 7 FCPATH\index.php(55): CodeIgniter\CodeIgniter->run()
 8 SYSTEMPATH\Commands\Server\rewrite.php(43): require_once('FCPATH\\index.php')
CRITICAL - 2022-10-20 01:27:56 --> syntax error, unexpected double-quoted string ">", expecting "," or ";"
in APPPATH\Views\dashboard.php on line 210.
 1 SYSTEMPATH\View\View.php(216): CodeIgniter\View\View->CodeIgniter\View\{closure}()
 2 SYSTEMPATH\Common.php(1135): CodeIgniter\View\View->render('dashboard', [], true)
 3 APPPATH\Controllers\PagesController.php(52): view('dashboard', [...])
 4 SYSTEMPATH\CodeIgniter.php(896): App\Controllers\PagesController->dashboard()
 5 SYSTEMPATH\CodeIgniter.php(466): CodeIgniter\CodeIgniter->runController(Object(App\Controllers\PagesController))
 6 SYSTEMPATH\CodeIgniter.php(349): CodeIgniter\CodeIgniter->handleRequest(null, Object(Config\Cache), false)
 7 FCPATH\index.php(55): CodeIgniter\CodeIgniter->run()
 8 SYSTEMPATH\Commands\Server\rewrite.php(43): require_once('FCPATH\\index.php')
CRITICAL - 2022-10-20 01:28:01 --> syntax error, unexpected double-quoted string ">", expecting "," or ";"
in APPPATH\Views\dashboard.php on line 210.
 1 SYSTEMPATH\View\View.php(216): CodeIgniter\View\View->CodeIgniter\View\{closure}()
 2 SYSTEMPATH\Common.php(1135): CodeIgniter\View\View->render('dashboard', [], true)
 3 APPPATH\Controllers\PagesController.php(52): view('dashboard', [...])
 4 SYSTEMPATH\CodeIgniter.php(896): App\Controllers\PagesController->dashboard()
 5 SYSTEMPATH\CodeIgniter.php(466): CodeIgniter\CodeIgniter->runController(Object(App\Controllers\PagesController))
 6 SYSTEMPATH\CodeIgniter.php(349): CodeIgniter\CodeIgniter->handleRequest(null, Object(Config\Cache), false)
 7 FCPATH\index.php(55): CodeIgniter\CodeIgniter->run()
 8 SYSTEMPATH\Commands\Server\rewrite.php(43): require_once('FCPATH\\index.php')
