CRITICAL - 2022-12-17 00:09:03 --> Undefined variable $title
in APPPATH\Views\Template\index.php on line 8.
 1 APPPATH\Views\Template\index.php(8): CodeIgniter\Debug\Exceptions->errorHandler(2, 'Undefined variable $title', 'APPPATH\\Views\\Template\\index.php', 8)
 2 SYSTEMPATH\View\View.php(213): include('APPPATH\\Views\\Template\\index.php')
 3 SYSTEMPATH\View\View.php(216): CodeIgniter\View\View->CodeIgniter\View\{closure}()
 4 SYSTEMPATH\View\View.php(229): CodeIgniter\View\View->render('Template/index', [], true)
 5 SYSTEMPATH\Common.php(1135): CodeIgniter\View\View->render('input-pelaporan-kerusakan', [], true)
 6 APPPATH\Controllers\InputPelaporanController.php(36): view('input-pelaporan-kerusakan', [...])
 7 SYSTEMPATH\CodeIgniter.php(896): App\Controllers\InputPelaporanController->save()
 8 SYSTEMPATH\CodeIgniter.php(466): CodeIgniter\CodeIgniter->runController(Object(App\Controllers\InputPelaporanController))
 9 SYSTEMPATH\CodeIgniter.php(349): CodeIgniter\CodeIgniter->handleRequest(null, Object(Config\Cache), false)
10 FCPATH\index.php(55): CodeIgniter\CodeIgniter->run()
11 SYSTEMPATH\Commands\Server\rewrite.php(43): require_once('FCPATH\\index.php')
CRITICAL - 2022-12-17 00:34:02 --> Call to undefined function form_open_multipart()
in APPPATH\Views\input-pelaporan-kerusakan.php on line 48.
 1 SYSTEMPATH\View\View.php(213): include()
 2 SYSTEMPATH\View\View.php(216): CodeIgniter\View\View->CodeIgniter\View\{closure}()
 3 SYSTEMPATH\Common.php(1135): CodeIgniter\View\View->render('input-pelaporan-kerusakan', [], true)
 4 APPPATH\Controllers\PagesController.php(67): view('input-pelaporan-kerusakan', [...])
 5 SYSTEMPATH\CodeIgniter.php(896): App\Controllers\PagesController->input_pelaporan()
 6 SYSTEMPATH\CodeIgniter.php(466): CodeIgniter\CodeIgniter->runController(Object(App\Controllers\PagesController))
 7 SYSTEMPATH\CodeIgniter.php(349): CodeIgniter\CodeIgniter->handleRequest(null, Object(Config\Cache), false)
 8 FCPATH\index.php(55): CodeIgniter\CodeIgniter->run()
 9 SYSTEMPATH\Commands\Server\rewrite.php(43): require_once('FCPATH\\index.php')
CRITICAL - 2022-12-17 00:34:09 --> Call to undefined function form_open_multipart()
in APPPATH\Views\input-pelaporan-kerusakan.php on line 48.
 1 SYSTEMPATH\View\View.php(213): include()
 2 SYSTEMPATH\View\View.php(216): CodeIgniter\View\View->CodeIgniter\View\{closure}()
 3 SYSTEMPATH\Common.php(1135): CodeIgniter\View\View->render('input-pelaporan-kerusakan', [], true)
 4 APPPATH\Controllers\PagesController.php(67): view('input-pelaporan-kerusakan', [...])
 5 SYSTEMPATH\CodeIgniter.php(896): App\Controllers\PagesController->input_pelaporan()
 6 SYSTEMPATH\CodeIgniter.php(466): CodeIgniter\CodeIgniter->runController(Object(App\Controllers\PagesController))
 7 SYSTEMPATH\CodeIgniter.php(349): CodeIgniter\CodeIgniter->handleRequest(null, Object(Config\Cache), false)
 8 FCPATH\index.php(55): CodeIgniter\CodeIgniter->run()
 9 SYSTEMPATH\Commands\Server\rewrite.php(43): require_once('FCPATH\\index.php')
