CRITICAL - 2022-12-30 09:23:23 --> Undefined array key "nama"
in APPPATH\Views\data-pelaporan-kerusakan.php on line 44.
 1 APPPATH\Views\data-pelaporan-kerusakan.php(44): CodeIgniter\Debug\Exceptions->errorHandler(2, 'Undefined array key "nama"', 'APPPATH\\Views\\data-pelaporan-kerusakan.php', 44)
 2 SYSTEMPATH\View\View.php(213): include('APPPATH\\Views\\data-pelaporan-kerusakan.php')
 3 SYSTEMPATH\View\View.php(216): CodeIgniter\View\View->CodeIgniter\View\{closure}()
 4 SYSTEMPATH\Common.php(1135): CodeIgniter\View\View->render('data-pelaporan-kerusakan', [], true)
 5 APPPATH\Controllers\PagesController.php(83): view('data-pelaporan-kerusakan', [...])
 6 SYSTEMPATH\CodeIgniter.php(896): App\Controllers\PagesController->data_pelaporan()
 7 SYSTEMPATH\CodeIgniter.php(466): CodeIgniter\CodeIgniter->runController(Object(App\Controllers\PagesController))
 8 SYSTEMPATH\CodeIgniter.php(349): CodeIgniter\CodeIgniter->handleRequest(null, Object(Config\Cache), false)
 9 FCPATH\index.php(55): CodeIgniter\CodeIgniter->run()
10 SYSTEMPATH\Commands\Server\rewrite.php(43): require_once('FCPATH\\index.php')
CRITICAL - 2022-12-30 09:31:03 --> Cannot use object of type mysqli as array
in APPPATH\Views\data-pelaporan-kerusakan.php on line 43.
 1 SYSTEMPATH\View\View.php(213): include()
 2 SYSTEMPATH\View\View.php(216): CodeIgniter\View\View->CodeIgniter\View\{closure}()
 3 SYSTEMPATH\Common.php(1135): CodeIgniter\View\View->render('data-pelaporan-kerusakan', [], true)
 4 APPPATH\Controllers\PagesController.php(84): view('data-pelaporan-kerusakan', [...])
 5 SYSTEMPATH\CodeIgniter.php(896): App\Controllers\PagesController->data_pelaporan()
 6 SYSTEMPATH\CodeIgniter.php(466): CodeIgniter\CodeIgniter->runController(Object(App\Controllers\PagesController))
 7 SYSTEMPATH\CodeIgniter.php(349): CodeIgniter\CodeIgniter->handleRequest(null, Object(Config\Cache), false)
 8 FCPATH\index.php(55): CodeIgniter\CodeIgniter->run()
 9 SYSTEMPATH\Commands\Server\rewrite.php(43): require_once('FCPATH\\index.php')
CRITICAL - 2022-12-30 09:31:06 --> Cannot use object of type mysqli as array
in APPPATH\Views\data-pelaporan-kerusakan.php on line 43.
 1 SYSTEMPATH\View\View.php(213): include()
 2 SYSTEMPATH\View\View.php(216): CodeIgniter\View\View->CodeIgniter\View\{closure}()
 3 SYSTEMPATH\Common.php(1135): CodeIgniter\View\View->render('data-pelaporan-kerusakan', [], true)
 4 APPPATH\Controllers\PagesController.php(84): view('data-pelaporan-kerusakan', [...])
 5 SYSTEMPATH\CodeIgniter.php(896): App\Controllers\PagesController->data_pelaporan()
 6 SYSTEMPATH\CodeIgniter.php(466): CodeIgniter\CodeIgniter->runController(Object(App\Controllers\PagesController))
 7 SYSTEMPATH\CodeIgniter.php(349): CodeIgniter\CodeIgniter->handleRequest(null, Object(Config\Cache), false)
 8 FCPATH\index.php(55): CodeIgniter\CodeIgniter->run()
 9 SYSTEMPATH\Commands\Server\rewrite.php(43): require_once('FCPATH\\index.php')
CRITICAL - 2022-12-30 10:20:49 --> Undefined array key "lat"
in APPPATH\Views\data-users.php on line 45.
 1 APPPATH\Views\data-users.php(45): CodeIgniter\Debug\Exceptions->errorHandler(2, 'Undefined array key "lat"', 'APPPATH\\Views\\data-users.php', 45)
 2 SYSTEMPATH\View\View.php(213): include('APPPATH\\Views\\data-users.php')
 3 SYSTEMPATH\View\View.php(216): CodeIgniter\View\View->CodeIgniter\View\{closure}()
 4 SYSTEMPATH\Common.php(1135): CodeIgniter\View\View->render('data-users', [], true)
 5 APPPATH\Controllers\PagesController.php(109): view('data-users', [...])
 6 SYSTEMPATH\CodeIgniter.php(896): App\Controllers\PagesController->data_users()
 7 SYSTEMPATH\CodeIgniter.php(466): CodeIgniter\CodeIgniter->runController(Object(App\Controllers\PagesController))
 8 SYSTEMPATH\CodeIgniter.php(349): CodeIgniter\CodeIgniter->handleRequest(null, Object(Config\Cache), false)
 9 FCPATH\index.php(55): CodeIgniter\CodeIgniter->run()
10 SYSTEMPATH\Commands\Server\rewrite.php(43): require_once('FCPATH\\index.php')
CRITICAL - 2022-12-30 10:22:22 --> Undefined variable $akun
in APPPATH\Views\data-users.php on line 39.
 1 APPPATH\Views\data-users.php(39): CodeIgniter\Debug\Exceptions->errorHandler(2, 'Undefined variable $akun', 'APPPATH\\Views\\data-users.php', 39)
 2 SYSTEMPATH\View\View.php(213): include('APPPATH\\Views\\data-users.php')
 3 SYSTEMPATH\View\View.php(216): CodeIgniter\View\View->CodeIgniter\View\{closure}()
 4 SYSTEMPATH\Common.php(1135): CodeIgniter\View\View->render('data-users', [], true)
 5 APPPATH\Controllers\PagesController.php(109): view('data-users', [...])
 6 SYSTEMPATH\CodeIgniter.php(896): App\Controllers\PagesController->data_users()
 7 SYSTEMPATH\CodeIgniter.php(466): CodeIgniter\CodeIgniter->runController(Object(App\Controllers\PagesController))
 8 SYSTEMPATH\CodeIgniter.php(349): CodeIgniter\CodeIgniter->handleRequest(null, Object(Config\Cache), false)
 9 FCPATH\index.php(55): CodeIgniter\CodeIgniter->run()
10 SYSTEMPATH\Commands\Server\rewrite.php(43): require_once('FCPATH\\index.php')
CRITICAL - 2022-12-30 10:23:26 --> Undefined variable $akun
in APPPATH\Views\data-users.php on line 39.
 1 APPPATH\Views\data-users.php(39): CodeIgniter\Debug\Exceptions->errorHandler(2, 'Undefined variable $akun', 'APPPATH\\Views\\data-users.php', 39)
 2 SYSTEMPATH\View\View.php(213): include('APPPATH\\Views\\data-users.php')
 3 SYSTEMPATH\View\View.php(216): CodeIgniter\View\View->CodeIgniter\View\{closure}()
 4 SYSTEMPATH\Common.php(1135): CodeIgniter\View\View->render('data-users', [], true)
 5 APPPATH\Controllers\PagesController.php(109): view('data-users', [...])
 6 SYSTEMPATH\CodeIgniter.php(896): App\Controllers\PagesController->data_users()
 7 SYSTEMPATH\CodeIgniter.php(466): CodeIgniter\CodeIgniter->runController(Object(App\Controllers\PagesController))
 8 SYSTEMPATH\CodeIgniter.php(349): CodeIgniter\CodeIgniter->handleRequest(null, Object(Config\Cache), false)
 9 FCPATH\index.php(55): CodeIgniter\CodeIgniter->run()
10 SYSTEMPATH\Commands\Server\rewrite.php(43): require_once('FCPATH\\index.php')
CRITICAL - 2022-12-30 10:27:39 --> Undefined variable $akun
in APPPATH\Views\data-users.php on line 39.
 1 APPPATH\Views\data-users.php(39): CodeIgniter\Debug\Exceptions->errorHandler(2, 'Undefined variable $akun', 'APPPATH\\Views\\data-users.php', 39)
 2 SYSTEMPATH\View\View.php(213): include('APPPATH\\Views\\data-users.php')
 3 SYSTEMPATH\View\View.php(216): CodeIgniter\View\View->CodeIgniter\View\{closure}()
 4 SYSTEMPATH\Common.php(1135): CodeIgniter\View\View->render('data-users', [], true)
 5 APPPATH\Controllers\PagesController.php(109): view('data-users', [...])
 6 SYSTEMPATH\CodeIgniter.php(896): App\Controllers\PagesController->data_users()
 7 SYSTEMPATH\CodeIgniter.php(466): CodeIgniter\CodeIgniter->runController(Object(App\Controllers\PagesController))
 8 SYSTEMPATH\CodeIgniter.php(349): CodeIgniter\CodeIgniter->handleRequest(null, Object(Config\Cache), false)
 9 FCPATH\index.php(55): CodeIgniter\CodeIgniter->run()
10 SYSTEMPATH\Commands\Server\rewrite.php(43): require_once('FCPATH\\index.php')
CRITICAL - 2022-12-30 10:27:41 --> Undefined variable $akun
in APPPATH\Views\data-users.php on line 39.
 1 APPPATH\Views\data-users.php(39): CodeIgniter\Debug\Exceptions->errorHandler(2, 'Undefined variable $akun', 'APPPATH\\Views\\data-users.php', 39)
 2 SYSTEMPATH\View\View.php(213): include('APPPATH\\Views\\data-users.php')
 3 SYSTEMPATH\View\View.php(216): CodeIgniter\View\View->CodeIgniter\View\{closure}()
 4 SYSTEMPATH\Common.php(1135): CodeIgniter\View\View->render('data-users', [], true)
 5 APPPATH\Controllers\PagesController.php(109): view('data-users', [...])
 6 SYSTEMPATH\CodeIgniter.php(896): App\Controllers\PagesController->data_users()
 7 SYSTEMPATH\CodeIgniter.php(466): CodeIgniter\CodeIgniter->runController(Object(App\Controllers\PagesController))
 8 SYSTEMPATH\CodeIgniter.php(349): CodeIgniter\CodeIgniter->handleRequest(null, Object(Config\Cache), false)
 9 FCPATH\index.php(55): CodeIgniter\CodeIgniter->run()
10 SYSTEMPATH\Commands\Server\rewrite.php(43): require_once('FCPATH\\index.php')
CRITICAL - 2022-12-30 10:27:44 --> Undefined variable $akun
in APPPATH\Views\data-users.php on line 39.
 1 APPPATH\Views\data-users.php(39): CodeIgniter\Debug\Exceptions->errorHandler(2, 'Undefined variable $akun', 'APPPATH\\Views\\data-users.php', 39)
 2 SYSTEMPATH\View\View.php(213): include('APPPATH\\Views\\data-users.php')
 3 SYSTEMPATH\View\View.php(216): CodeIgniter\View\View->CodeIgniter\View\{closure}()
 4 SYSTEMPATH\Common.php(1135): CodeIgniter\View\View->render('data-users', [], true)
 5 APPPATH\Controllers\PagesController.php(109): view('data-users', [...])
 6 SYSTEMPATH\CodeIgniter.php(896): App\Controllers\PagesController->data_users()
 7 SYSTEMPATH\CodeIgniter.php(466): CodeIgniter\CodeIgniter->runController(Object(App\Controllers\PagesController))
 8 SYSTEMPATH\CodeIgniter.php(349): CodeIgniter\CodeIgniter->handleRequest(null, Object(Config\Cache), false)
 9 FCPATH\index.php(55): CodeIgniter\CodeIgniter->run()
10 SYSTEMPATH\Commands\Server\rewrite.php(43): require_once('FCPATH\\index.php')
CRITICAL - 2022-12-30 10:29:01 --> Undefined variable $akun
in APPPATH\Views\data-users.php on line 39.
 1 APPPATH\Views\data-users.php(39): CodeIgniter\Debug\Exceptions->errorHandler(2, 'Undefined variable $akun', 'APPPATH\\Views\\data-users.php', 39)
 2 SYSTEMPATH\View\View.php(213): include('APPPATH\\Views\\data-users.php')
 3 SYSTEMPATH\View\View.php(216): CodeIgniter\View\View->CodeIgniter\View\{closure}()
 4 SYSTEMPATH\Common.php(1135): CodeIgniter\View\View->render('data-users', [], true)
 5 APPPATH\Controllers\PagesController.php(109): view('data-users', [...])
 6 SYSTEMPATH\CodeIgniter.php(896): App\Controllers\PagesController->data_users()
 7 SYSTEMPATH\CodeIgniter.php(466): CodeIgniter\CodeIgniter->runController(Object(App\Controllers\PagesController))
 8 SYSTEMPATH\CodeIgniter.php(349): CodeIgniter\CodeIgniter->handleRequest(null, Object(Config\Cache), false)
 9 FCPATH\index.php(55): CodeIgniter\CodeIgniter->run()
10 SYSTEMPATH\Commands\Server\rewrite.php(43): require_once('FCPATH\\index.php')
CRITICAL - 2022-12-30 10:29:32 --> Undefined variable $akun
in APPPATH\Views\data-users.php on line 39.
 1 APPPATH\Views\data-users.php(39): CodeIgniter\Debug\Exceptions->errorHandler(2, 'Undefined variable $akun', 'APPPATH\\Views\\data-users.php', 39)
 2 SYSTEMPATH\View\View.php(213): include('APPPATH\\Views\\data-users.php')
 3 SYSTEMPATH\View\View.php(216): CodeIgniter\View\View->CodeIgniter\View\{closure}()
 4 SYSTEMPATH\Common.php(1135): CodeIgniter\View\View->render('data-users', [], true)
 5 APPPATH\Controllers\PagesController.php(109): view('data-users', [...])
 6 SYSTEMPATH\CodeIgniter.php(896): App\Controllers\PagesController->data_users()
 7 SYSTEMPATH\CodeIgniter.php(466): CodeIgniter\CodeIgniter->runController(Object(App\Controllers\PagesController))
 8 SYSTEMPATH\CodeIgniter.php(349): CodeIgniter\CodeIgniter->handleRequest(null, Object(Config\Cache), false)
 9 FCPATH\index.php(55): CodeIgniter\CodeIgniter->run()
10 SYSTEMPATH\Commands\Server\rewrite.php(43): require_once('FCPATH\\index.php')
CRITICAL - 2022-12-30 10:33:12 --> Undefined variable $akun
in APPPATH\Views\data-users.php on line 39.
 1 APPPATH\Views\data-users.php(39): CodeIgniter\Debug\Exceptions->errorHandler(2, 'Undefined variable $akun', 'APPPATH\\Views\\data-users.php', 39)
 2 SYSTEMPATH\View\View.php(213): include('APPPATH\\Views\\data-users.php')
 3 SYSTEMPATH\View\View.php(216): CodeIgniter\View\View->CodeIgniter\View\{closure}()
 4 SYSTEMPATH\Common.php(1135): CodeIgniter\View\View->render('data-users', [], true)
 5 APPPATH\Controllers\PagesController.php(109): view('data-users', [...])
 6 SYSTEMPATH\CodeIgniter.php(896): App\Controllers\PagesController->data_users()
 7 SYSTEMPATH\CodeIgniter.php(466): CodeIgniter\CodeIgniter->runController(Object(App\Controllers\PagesController))
 8 SYSTEMPATH\CodeIgniter.php(349): CodeIgniter\CodeIgniter->handleRequest(null, Object(Config\Cache), false)
 9 FCPATH\index.php(55): CodeIgniter\CodeIgniter->run()
10 SYSTEMPATH\Commands\Server\rewrite.php(43): require_once('FCPATH\\index.php')
CRITICAL - 2022-12-30 10:34:24 --> Undefined variable $akun
in APPPATH\Views\data-users.php on line 39.
 1 APPPATH\Views\data-users.php(39): CodeIgniter\Debug\Exceptions->errorHandler(2, 'Undefined variable $akun', 'APPPATH\\Views\\data-users.php', 39)
 2 SYSTEMPATH\View\View.php(213): include('APPPATH\\Views\\data-users.php')
 3 SYSTEMPATH\View\View.php(216): CodeIgniter\View\View->CodeIgniter\View\{closure}()
 4 SYSTEMPATH\Common.php(1135): CodeIgniter\View\View->render('data-users', [], true)
 5 APPPATH\Controllers\PagesController.php(109): view('data-users', [...])
 6 SYSTEMPATH\CodeIgniter.php(896): App\Controllers\PagesController->data_users()
 7 SYSTEMPATH\CodeIgniter.php(466): CodeIgniter\CodeIgniter->runController(Object(App\Controllers\PagesController))
 8 SYSTEMPATH\CodeIgniter.php(349): CodeIgniter\CodeIgniter->handleRequest(null, Object(Config\Cache), false)
 9 FCPATH\index.php(55): CodeIgniter\CodeIgniter->run()
10 SYSTEMPATH\Commands\Server\rewrite.php(43): require_once('FCPATH\\index.php')
CRITICAL - 2022-12-30 10:35:38 --> Undefined variable $akun
in APPPATH\Views\data-users.php on line 39.
 1 APPPATH\Views\data-users.php(39): CodeIgniter\Debug\Exceptions->errorHandler(2, 'Undefined variable $akun', 'APPPATH\\Views\\data-users.php', 39)
 2 SYSTEMPATH\View\View.php(213): include('APPPATH\\Views\\data-users.php')
 3 SYSTEMPATH\View\View.php(216): CodeIgniter\View\View->CodeIgniter\View\{closure}()
 4 SYSTEMPATH\Common.php(1135): CodeIgniter\View\View->render('data-users', [], true)
 5 APPPATH\Controllers\PagesController.php(109): view('data-users', [...])
 6 SYSTEMPATH\CodeIgniter.php(896): App\Controllers\PagesController->data_users()
 7 SYSTEMPATH\CodeIgniter.php(466): CodeIgniter\CodeIgniter->runController(Object(App\Controllers\PagesController))
 8 SYSTEMPATH\CodeIgniter.php(349): CodeIgniter\CodeIgniter->handleRequest(null, Object(Config\Cache), false)
 9 FCPATH\index.php(55): CodeIgniter\CodeIgniter->run()
10 SYSTEMPATH\Commands\Server\rewrite.php(43): require_once('FCPATH\\index.php')
CRITICAL - 2022-12-30 10:58:48 --> Undefined variable $akun
in APPPATH\Views\data-users.php on line 39.
 1 APPPATH\Views\data-users.php(39): CodeIgniter\Debug\Exceptions->errorHandler(2, 'Undefined variable $akun', 'APPPATH\\Views\\data-users.php', 39)
 2 SYSTEMPATH\View\View.php(213): include('APPPATH\\Views\\data-users.php')
 3 SYSTEMPATH\View\View.php(216): CodeIgniter\View\View->CodeIgniter\View\{closure}()
 4 SYSTEMPATH\Common.php(1135): CodeIgniter\View\View->render('data-users', [], true)
 5 APPPATH\Controllers\PagesController.php(109): view('data-users', [...])
 6 SYSTEMPATH\CodeIgniter.php(896): App\Controllers\PagesController->data_users()
 7 SYSTEMPATH\CodeIgniter.php(466): CodeIgniter\CodeIgniter->runController(Object(App\Controllers\PagesController))
 8 SYSTEMPATH\CodeIgniter.php(349): CodeIgniter\CodeIgniter->handleRequest(null, Object(Config\Cache), false)
 9 FCPATH\index.php(55): CodeIgniter\CodeIgniter->run()
10 SYSTEMPATH\Commands\Server\rewrite.php(43): require_once('FCPATH\\index.php')
CRITICAL - 2022-12-30 11:00:44 --> Undefined variable $akun
in APPPATH\Views\data-users.php on line 39.
 1 APPPATH\Views\data-users.php(39): CodeIgniter\Debug\Exceptions->errorHandler(2, 'Undefined variable $akun', 'APPPATH\\Views\\data-users.php', 39)
 2 SYSTEMPATH\View\View.php(213): include('APPPATH\\Views\\data-users.php')
 3 SYSTEMPATH\View\View.php(216): CodeIgniter\View\View->CodeIgniter\View\{closure}()
 4 SYSTEMPATH\Common.php(1135): CodeIgniter\View\View->render('data-users', [], true)
 5 APPPATH\Controllers\PagesController.php(109): view('data-users', [...])
 6 SYSTEMPATH\CodeIgniter.php(896): App\Controllers\PagesController->data_users()
 7 SYSTEMPATH\CodeIgniter.php(466): CodeIgniter\CodeIgniter->runController(Object(App\Controllers\PagesController))
 8 SYSTEMPATH\CodeIgniter.php(349): CodeIgniter\CodeIgniter->handleRequest(null, Object(Config\Cache), false)
 9 FCPATH\index.php(55): CodeIgniter\CodeIgniter->run()
10 SYSTEMPATH\Commands\Server\rewrite.php(43): require_once('FCPATH\\index.php')
CRITICAL - 2022-12-30 11:06:33 --> Undefined array key "role_id"
in APPPATH\Views\data-users.php on line 47.
 1 APPPATH\Views\data-users.php(47): CodeIgniter\Debug\Exceptions->errorHandler(2, 'Undefined array key "role_id"', 'APPPATH\\Views\\data-users.php', 47)
 2 SYSTEMPATH\View\View.php(213): include('APPPATH\\Views\\data-users.php')
 3 SYSTEMPATH\View\View.php(216): CodeIgniter\View\View->CodeIgniter\View\{closure}()
 4 SYSTEMPATH\Common.php(1135): CodeIgniter\View\View->render('data-users', [], true)
 5 APPPATH\Controllers\PagesController.php(109): view('data-users', [...])
 6 SYSTEMPATH\CodeIgniter.php(896): App\Controllers\PagesController->data_users()
 7 SYSTEMPATH\CodeIgniter.php(466): CodeIgniter\CodeIgniter->runController(Object(App\Controllers\PagesController))
 8 SYSTEMPATH\CodeIgniter.php(349): CodeIgniter\CodeIgniter->handleRequest(null, Object(Config\Cache), false)
 9 FCPATH\index.php(55): CodeIgniter\CodeIgniter->run()
10 SYSTEMPATH\Commands\Server\rewrite.php(43): require_once('FCPATH\\index.php')
CRITICAL - 2022-12-30 11:06:51 --> Undefined variable $u
in APPPATH\Views\data-users.php on line 47.
 1 APPPATH\Views\data-users.php(47): CodeIgniter\Debug\Exceptions->errorHandler(2, 'Undefined variable $u', 'APPPATH\\Views\\data-users.php', 47)
 2 SYSTEMPATH\View\View.php(213): include('APPPATH\\Views\\data-users.php')
 3 SYSTEMPATH\View\View.php(216): CodeIgniter\View\View->CodeIgniter\View\{closure}()
 4 SYSTEMPATH\Common.php(1135): CodeIgniter\View\View->render('data-users', [], true)
 5 APPPATH\Controllers\PagesController.php(109): view('data-users', [...])
 6 SYSTEMPATH\CodeIgniter.php(896): App\Controllers\PagesController->data_users()
 7 SYSTEMPATH\CodeIgniter.php(466): CodeIgniter\CodeIgniter->runController(Object(App\Controllers\PagesController))
 8 SYSTEMPATH\CodeIgniter.php(349): CodeIgniter\CodeIgniter->handleRequest(null, Object(Config\Cache), false)
 9 FCPATH\index.php(55): CodeIgniter\CodeIgniter->run()
10 SYSTEMPATH\Commands\Server\rewrite.php(43): require_once('FCPATH\\index.php')
CRITICAL - 2022-12-30 11:17:18 --> Undefined array key "tanggal lahir"
in APPPATH\Views\data-users.php on line 45.
 1 APPPATH\Views\data-users.php(45): CodeIgniter\Debug\Exceptions->errorHandler(2, 'Undefined array key "tanggal lahir"', 'APPPATH\\Views\\data-users.php', 45)
 2 SYSTEMPATH\View\View.php(213): include('APPPATH\\Views\\data-users.php')
 3 SYSTEMPATH\View\View.php(216): CodeIgniter\View\View->CodeIgniter\View\{closure}()
 4 SYSTEMPATH\Common.php(1135): CodeIgniter\View\View->render('data-users', [], true)
 5 APPPATH\Controllers\PagesController.php(109): view('data-users', [...])
 6 SYSTEMPATH\CodeIgniter.php(896): App\Controllers\PagesController->data_users()
 7 SYSTEMPATH\CodeIgniter.php(466): CodeIgniter\CodeIgniter->runController(Object(App\Controllers\PagesController))
 8 SYSTEMPATH\CodeIgniter.php(349): CodeIgniter\CodeIgniter->handleRequest(null, Object(Config\Cache), false)
 9 FCPATH\index.php(55): CodeIgniter\CodeIgniter->run()
10 SYSTEMPATH\Commands\Server\rewrite.php(43): require_once('FCPATH\\index.php')
CRITICAL - 2022-12-30 21:27:24 --> Undefined property: CodeIgniter\View\View::$session
in APPPATH\Views\data-users.php on line 6.
 1 APPPATH\Views\data-users.php(6): CodeIgniter\Debug\Exceptions->errorHandler(2, 'Undefined property: CodeIgniter\\View\\View::$session', 'APPPATH\\Views\\data-users.php', 6)
 2 SYSTEMPATH\View\View.php(213): include('APPPATH\\Views\\data-users.php')
 3 SYSTEMPATH\View\View.php(216): CodeIgniter\View\View->CodeIgniter\View\{closure}()
 4 SYSTEMPATH\Common.php(1135): CodeIgniter\View\View->render('data-users', [], true)
 5 APPPATH\Controllers\PagesController.php(109): view('data-users', [...])
 6 SYSTEMPATH\CodeIgniter.php(896): App\Controllers\PagesController->data_users()
 7 SYSTEMPATH\CodeIgniter.php(466): CodeIgniter\CodeIgniter->runController(Object(App\Controllers\PagesController))
 8 SYSTEMPATH\CodeIgniter.php(349): CodeIgniter\CodeIgniter->handleRequest(null, Object(Config\Cache), false)
 9 FCPATH\index.php(55): CodeIgniter\CodeIgniter->run()
10 SYSTEMPATH\Commands\Server\rewrite.php(43): require_once('FCPATH\\index.php')
CRITICAL - 2022-12-30 21:31:23 --> Undefined property: CodeIgniter\View\View::$session
in APPPATH\Views\data-users.php on line 5.
 1 APPPATH\Views\data-users.php(5): CodeIgniter\Debug\Exceptions->errorHandler(2, 'Undefined property: CodeIgniter\\View\\View::$session', 'APPPATH\\Views\\data-users.php', 5)
 2 SYSTEMPATH\View\View.php(213): include('APPPATH\\Views\\data-users.php')
 3 SYSTEMPATH\View\View.php(216): CodeIgniter\View\View->CodeIgniter\View\{closure}()
 4 SYSTEMPATH\Common.php(1135): CodeIgniter\View\View->render('data-users', [], true)
 5 APPPATH\Controllers\PagesController.php(109): view('data-users', [...])
 6 SYSTEMPATH\CodeIgniter.php(896): App\Controllers\PagesController->data_users()
 7 SYSTEMPATH\CodeIgniter.php(466): CodeIgniter\CodeIgniter->runController(Object(App\Controllers\PagesController))
 8 SYSTEMPATH\CodeIgniter.php(349): CodeIgniter\CodeIgniter->handleRequest(null, Object(Config\Cache), false)
 9 FCPATH\index.php(55): CodeIgniter\CodeIgniter->run()
10 SYSTEMPATH\Commands\Server\rewrite.php(43): require_once('FCPATH\\index.php')
CRITICAL - 2022-12-30 22:14:52 --> Call to undefined method CodeIgniter\Session\Session::Flashdata()
in APPPATH\Views\data-users.php on line 8.
 1 SYSTEMPATH\View\View.php(213): include()
 2 SYSTEMPATH\View\View.php(216): CodeIgniter\View\View->CodeIgniter\View\{closure}()
 3 SYSTEMPATH\Common.php(1135): CodeIgniter\View\View->render('data-users', [], true)
 4 APPPATH\Controllers\PagesController.php(109): view('data-users', [...])
 5 SYSTEMPATH\CodeIgniter.php(896): App\Controllers\PagesController->data_users()
 6 SYSTEMPATH\CodeIgniter.php(466): CodeIgniter\CodeIgniter->runController(Object(App\Controllers\PagesController))
 7 SYSTEMPATH\CodeIgniter.php(349): CodeIgniter\CodeIgniter->handleRequest(null, Object(Config\Cache), false)
 8 FCPATH\index.php(55): CodeIgniter\CodeIgniter->run()
 9 SYSTEMPATH\Commands\Server\rewrite.php(43): require_once('FCPATH\\index.php')
CRITICAL - 2022-12-30 22:15:02 --> Call to undefined method CodeIgniter\Session\Session::flashdata()
in APPPATH\Views\data-users.php on line 8.
 1 SYSTEMPATH\View\View.php(213): include()
 2 SYSTEMPATH\View\View.php(216): CodeIgniter\View\View->CodeIgniter\View\{closure}()
 3 SYSTEMPATH\Common.php(1135): CodeIgniter\View\View->render('data-users', [], true)
 4 APPPATH\Controllers\PagesController.php(109): view('data-users', [...])
 5 SYSTEMPATH\CodeIgniter.php(896): App\Controllers\PagesController->data_users()
 6 SYSTEMPATH\CodeIgniter.php(466): CodeIgniter\CodeIgniter->runController(Object(App\Controllers\PagesController))
 7 SYSTEMPATH\CodeIgniter.php(349): CodeIgniter\CodeIgniter->handleRequest(null, Object(Config\Cache), false)
 8 FCPATH\index.php(55): CodeIgniter\CodeIgniter->run()
 9 SYSTEMPATH\Commands\Server\rewrite.php(43): require_once('FCPATH\\index.php')
CRITICAL - 2022-12-30 22:15:28 --> Call to undefined method CodeIgniter\View\View::session()
in APPPATH\Views\data-users.php on line 8.
 1 SYSTEMPATH\View\View.php(213): include()
 2 SYSTEMPATH\View\View.php(216): CodeIgniter\View\View->CodeIgniter\View\{closure}()
 3 SYSTEMPATH\Common.php(1135): CodeIgniter\View\View->render('data-users', [], true)
 4 APPPATH\Controllers\PagesController.php(109): view('data-users', [...])
 5 SYSTEMPATH\CodeIgniter.php(896): App\Controllers\PagesController->data_users()
 6 SYSTEMPATH\CodeIgniter.php(466): CodeIgniter\CodeIgniter->runController(Object(App\Controllers\PagesController))
 7 SYSTEMPATH\CodeIgniter.php(349): CodeIgniter\CodeIgniter->handleRequest(null, Object(Config\Cache), false)
 8 FCPATH\index.php(55): CodeIgniter\CodeIgniter->run()
 9 SYSTEMPATH\Commands\Server\rewrite.php(43): require_once('FCPATH\\index.php')
CRITICAL - 2022-12-30 22:15:42 --> Undefined property: CodeIgniter\View\View::$session
in APPPATH\Views\data-users.php on line 8.
 1 APPPATH\Views\data-users.php(8): CodeIgniter\Debug\Exceptions->errorHandler(2, 'Undefined property: CodeIgniter\\View\\View::$session', 'APPPATH\\Views\\data-users.php', 8)
 2 SYSTEMPATH\View\View.php(213): include('APPPATH\\Views\\data-users.php')
 3 SYSTEMPATH\View\View.php(216): CodeIgniter\View\View->CodeIgniter\View\{closure}()
 4 SYSTEMPATH\Common.php(1135): CodeIgniter\View\View->render('data-users', [], true)
 5 APPPATH\Controllers\PagesController.php(109): view('data-users', [...])
 6 SYSTEMPATH\CodeIgniter.php(896): App\Controllers\PagesController->data_users()
 7 SYSTEMPATH\CodeIgniter.php(466): CodeIgniter\CodeIgniter->runController(Object(App\Controllers\PagesController))
 8 SYSTEMPATH\CodeIgniter.php(349): CodeIgniter\CodeIgniter->handleRequest(null, Object(Config\Cache), false)
 9 FCPATH\index.php(55): CodeIgniter\CodeIgniter->run()
10 SYSTEMPATH\Commands\Server\rewrite.php(43): require_once('FCPATH\\index.php')
CRITICAL - 2022-12-30 22:15:54 --> Undefined property: CodeIgniter\View\View::$session
in APPPATH\Views\data-users.php on line 8.
 1 APPPATH\Views\data-users.php(8): CodeIgniter\Debug\Exceptions->errorHandler(2, 'Undefined property: CodeIgniter\\View\\View::$session', 'APPPATH\\Views\\data-users.php', 8)
 2 SYSTEMPATH\View\View.php(213): include('APPPATH\\Views\\data-users.php')
 3 SYSTEMPATH\View\View.php(216): CodeIgniter\View\View->CodeIgniter\View\{closure}()
 4 SYSTEMPATH\Common.php(1135): CodeIgniter\View\View->render('data-users', [], true)
 5 APPPATH\Controllers\PagesController.php(109): view('data-users', [...])
 6 SYSTEMPATH\CodeIgniter.php(896): App\Controllers\PagesController->data_users()
 7 SYSTEMPATH\CodeIgniter.php(466): CodeIgniter\CodeIgniter->runController(Object(App\Controllers\PagesController))
 8 SYSTEMPATH\CodeIgniter.php(349): CodeIgniter\CodeIgniter->handleRequest(null, Object(Config\Cache), false)
 9 FCPATH\index.php(55): CodeIgniter\CodeIgniter->run()
10 SYSTEMPATH\Commands\Server\rewrite.php(43): require_once('FCPATH\\index.php')
CRITICAL - 2022-12-30 22:17:01 --> Undefined property: CodeIgniter\View\View::$session
in APPPATH\Views\data-users.php on line 8.
 1 APPPATH\Views\data-users.php(8): CodeIgniter\Debug\Exceptions->errorHandler(2, 'Undefined property: CodeIgniter\\View\\View::$session', 'APPPATH\\Views\\data-users.php', 8)
 2 SYSTEMPATH\View\View.php(213): include('APPPATH\\Views\\data-users.php')
 3 SYSTEMPATH\View\View.php(216): CodeIgniter\View\View->CodeIgniter\View\{closure}()
 4 SYSTEMPATH\Common.php(1135): CodeIgniter\View\View->render('data-users', [], true)
 5 APPPATH\Controllers\PagesController.php(109): view('data-users', [...])
 6 SYSTEMPATH\CodeIgniter.php(896): App\Controllers\PagesController->data_users()
 7 SYSTEMPATH\CodeIgniter.php(466): CodeIgniter\CodeIgniter->runController(Object(App\Controllers\PagesController))
 8 SYSTEMPATH\CodeIgniter.php(349): CodeIgniter\CodeIgniter->handleRequest(null, Object(Config\Cache), false)
 9 FCPATH\index.php(55): CodeIgniter\CodeIgniter->run()
10 SYSTEMPATH\Commands\Server\rewrite.php(43): require_once('FCPATH\\index.php')
