CRITICAL - 2022-11-23 01:50:15 --> Undefined variable $id
in APPPATH\Views\users-profile.php on line 53.
 1 APPPATH\Views\users-profile.php(53): CodeIgniter\Debug\Exceptions->errorHandler(2, 'Undefined variable $id', 'APPPATH\\Views\\users-profile.php', 53)
 2 SYSTEMPATH\View\View.php(213): include('APPPATH\\Views\\users-profile.php')
 3 SYSTEMPATH\View\View.php(216): CodeIgniter\View\View->CodeIgniter\View\{closure}()
 4 SYSTEMPATH\Common.php(1135): CodeIgniter\View\View->render('users-profile', [], true)
 5 APPPATH\Controllers\PagesController.php(95): view('users-profile', [...])
 6 SYSTEMPATH\CodeIgniter.php(896): App\Controllers\PagesController->users_profile()
 7 SYSTEMPATH\CodeIgniter.php(466): CodeIgniter\CodeIgniter->runController(Object(App\Controllers\PagesController))
 8 SYSTEMPATH\CodeIgniter.php(349): CodeIgniter\CodeIgniter->handleRequest(null, Object(Config\Cache), false)
 9 FCPATH\index.php(55): CodeIgniter\CodeIgniter->run()
10 SYSTEMPATH\Commands\Server\rewrite.php(43): require_once('FCPATH\\index.php')
CRITICAL - 2022-11-23 01:50:43 --> Undefined variable $id
in APPPATH\Views\users-profile.php on line 53.
 1 APPPATH\Views\users-profile.php(53): CodeIgniter\Debug\Exceptions->errorHandler(2, 'Undefined variable $id', 'APPPATH\\Views\\users-profile.php', 53)
 2 SYSTEMPATH\View\View.php(213): include('APPPATH\\Views\\users-profile.php')
 3 SYSTEMPATH\View\View.php(216): CodeIgniter\View\View->CodeIgniter\View\{closure}()
 4 SYSTEMPATH\Common.php(1135): CodeIgniter\View\View->render('users-profile', [], true)
 5 APPPATH\Controllers\PagesController.php(95): view('users-profile', [...])
 6 SYSTEMPATH\CodeIgniter.php(896): App\Controllers\PagesController->users_profile()
 7 SYSTEMPATH\CodeIgniter.php(466): CodeIgniter\CodeIgniter->runController(Object(App\Controllers\PagesController))
 8 SYSTEMPATH\CodeIgniter.php(349): CodeIgniter\CodeIgniter->handleRequest(null, Object(Config\Cache), false)
 9 FCPATH\index.php(55): CodeIgniter\CodeIgniter->run()
10 SYSTEMPATH\Commands\Server\rewrite.php(43): require_once('FCPATH\\index.php')
CRITICAL - 2022-11-23 01:51:01 --> Undefined variable $id
in APPPATH\Views\users-profile.php on line 53.
 1 APPPATH\Views\users-profile.php(53): CodeIgniter\Debug\Exceptions->errorHandler(2, 'Undefined variable $id', 'APPPATH\\Views\\users-profile.php', 53)
 2 SYSTEMPATH\View\View.php(213): include('APPPATH\\Views\\users-profile.php')
 3 SYSTEMPATH\View\View.php(216): CodeIgniter\View\View->CodeIgniter\View\{closure}()
 4 SYSTEMPATH\Common.php(1135): CodeIgniter\View\View->render('users-profile', [], true)
 5 APPPATH\Controllers\PagesController.php(95): view('users-profile', [...])
 6 SYSTEMPATH\CodeIgniter.php(896): App\Controllers\PagesController->users_profile()
 7 SYSTEMPATH\CodeIgniter.php(466): CodeIgniter\CodeIgniter->runController(Object(App\Controllers\PagesController))
 8 SYSTEMPATH\CodeIgniter.php(349): CodeIgniter\CodeIgniter->handleRequest(null, Object(Config\Cache), false)
 9 FCPATH\index.php(55): CodeIgniter\CodeIgniter->run()
10 SYSTEMPATH\Commands\Server\rewrite.php(43): require_once('FCPATH\\index.php')
CRITICAL - 2022-11-23 01:55:29 --> Undefined variable $id
in APPPATH\Views\users-profile.php on line 53.
 1 APPPATH\Views\users-profile.php(53): CodeIgniter\Debug\Exceptions->errorHandler(2, 'Undefined variable $id', 'APPPATH\\Views\\users-profile.php', 53)
 2 SYSTEMPATH\View\View.php(213): include('APPPATH\\Views\\users-profile.php')
 3 SYSTEMPATH\View\View.php(216): CodeIgniter\View\View->CodeIgniter\View\{closure}()
 4 SYSTEMPATH\Common.php(1135): CodeIgniter\View\View->render('users-profile', [], true)
 5 APPPATH\Controllers\PagesController.php(95): view('users-profile', [...])
 6 SYSTEMPATH\CodeIgniter.php(896): App\Controllers\PagesController->users_profile()
 7 SYSTEMPATH\CodeIgniter.php(466): CodeIgniter\CodeIgniter->runController(Object(App\Controllers\PagesController))
 8 SYSTEMPATH\CodeIgniter.php(349): CodeIgniter\CodeIgniter->handleRequest(null, Object(Config\Cache), false)
 9 FCPATH\index.php(55): CodeIgniter\CodeIgniter->run()
10 SYSTEMPATH\Commands\Server\rewrite.php(43): require_once('FCPATH\\index.php')
CRITICAL - 2022-11-23 01:55:43 --> password_hash(): Passing null to parameter #1 ($password) of type string is deprecated
in APPPATH\Controllers\AuthenticationController.php on line 165.
 1 [internal function]: CodeIgniter\Debug\Exceptions->errorHandler(8192, 'password_hash(): Passing null to parameter #1 ($password) of type string is deprecated', 'APPPATH\\Controllers\\AuthenticationController.php', 165)
 2 APPPATH\Controllers\AuthenticationController.php(165): password_hash(null, '2y')
 3 SYSTEMPATH\CodeIgniter.php(896): App\Controllers\AuthenticationController->updatepass('sutris@gmail.com')
 4 SYSTEMPATH\CodeIgniter.php(466): CodeIgniter\CodeIgniter->runController(Object(App\Controllers\AuthenticationController))
 5 SYSTEMPATH\CodeIgniter.php(349): CodeIgniter\CodeIgniter->handleRequest(null, Object(Config\Cache), false)
 6 FCPATH\index.php(55): CodeIgniter\CodeIgniter->run()
 7 SYSTEMPATH\Commands\Server\rewrite.php(43): require_once('FCPATH\\index.php')
CRITICAL - 2022-11-23 01:56:15 --> password_hash(): Passing null to parameter #1 ($password) of type string is deprecated
in APPPATH\Controllers\AuthenticationController.php on line 165.
 1 [internal function]: CodeIgniter\Debug\Exceptions->errorHandler(8192, 'password_hash(): Passing null to parameter #1 ($password) of type string is deprecated', 'APPPATH\\Controllers\\AuthenticationController.php', 165)
 2 APPPATH\Controllers\AuthenticationController.php(165): password_hash(null, '2y')
 3 SYSTEMPATH\CodeIgniter.php(896): App\Controllers\AuthenticationController->updatepass('sutris@gmail.com')
 4 SYSTEMPATH\CodeIgniter.php(466): CodeIgniter\CodeIgniter->runController(Object(App\Controllers\AuthenticationController))
 5 SYSTEMPATH\CodeIgniter.php(349): CodeIgniter\CodeIgniter->handleRequest(null, Object(Config\Cache), false)
 6 FCPATH\index.php(55): CodeIgniter\CodeIgniter->run()
 7 SYSTEMPATH\Commands\Server\rewrite.php(43): require_once('FCPATH\\index.php')
CRITICAL - 2022-11-23 01:56:16 --> Undefined variable $id
in APPPATH\Views\users-profile.php on line 53.
 1 APPPATH\Views\users-profile.php(53): CodeIgniter\Debug\Exceptions->errorHandler(2, 'Undefined variable $id', 'APPPATH\\Views\\users-profile.php', 53)
 2 SYSTEMPATH\View\View.php(213): include('APPPATH\\Views\\users-profile.php')
 3 SYSTEMPATH\View\View.php(216): CodeIgniter\View\View->CodeIgniter\View\{closure}()
 4 SYSTEMPATH\Common.php(1135): CodeIgniter\View\View->render('users-profile', [], true)
 5 APPPATH\Controllers\PagesController.php(95): view('users-profile', [...])
 6 SYSTEMPATH\CodeIgniter.php(896): App\Controllers\PagesController->users_profile()
 7 SYSTEMPATH\CodeIgniter.php(466): CodeIgniter\CodeIgniter->runController(Object(App\Controllers\PagesController))
 8 SYSTEMPATH\CodeIgniter.php(349): CodeIgniter\CodeIgniter->handleRequest(null, Object(Config\Cache), false)
 9 FCPATH\index.php(55): CodeIgniter\CodeIgniter->run()
10 SYSTEMPATH\Commands\Server\rewrite.php(43): require_once('FCPATH\\index.php')
CRITICAL - 2022-11-23 01:56:18 --> Undefined variable $id
in APPPATH\Views\users-profile.php on line 53.
 1 APPPATH\Views\users-profile.php(53): CodeIgniter\Debug\Exceptions->errorHandler(2, 'Undefined variable $id', 'APPPATH\\Views\\users-profile.php', 53)
 2 SYSTEMPATH\View\View.php(213): include('APPPATH\\Views\\users-profile.php')
 3 SYSTEMPATH\View\View.php(216): CodeIgniter\View\View->CodeIgniter\View\{closure}()
 4 SYSTEMPATH\Common.php(1135): CodeIgniter\View\View->render('users-profile', [], true)
 5 APPPATH\Controllers\PagesController.php(95): view('users-profile', [...])
 6 SYSTEMPATH\CodeIgniter.php(896): App\Controllers\PagesController->users_profile()
 7 SYSTEMPATH\CodeIgniter.php(466): CodeIgniter\CodeIgniter->runController(Object(App\Controllers\PagesController))
 8 SYSTEMPATH\CodeIgniter.php(349): CodeIgniter\CodeIgniter->handleRequest(null, Object(Config\Cache), false)
 9 FCPATH\index.php(55): CodeIgniter\CodeIgniter->run()
10 SYSTEMPATH\Commands\Server\rewrite.php(43): require_once('FCPATH\\index.php')
CRITICAL - 2022-11-23 01:56:20 --> Undefined variable $id
in APPPATH\Views\users-profile.php on line 53.
 1 APPPATH\Views\users-profile.php(53): CodeIgniter\Debug\Exceptions->errorHandler(2, 'Undefined variable $id', 'APPPATH\\Views\\users-profile.php', 53)
 2 SYSTEMPATH\View\View.php(213): include('APPPATH\\Views\\users-profile.php')
 3 SYSTEMPATH\View\View.php(216): CodeIgniter\View\View->CodeIgniter\View\{closure}()
 4 SYSTEMPATH\Common.php(1135): CodeIgniter\View\View->render('users-profile', [], true)
 5 APPPATH\Controllers\PagesController.php(95): view('users-profile', [...])
 6 SYSTEMPATH\CodeIgniter.php(896): App\Controllers\PagesController->users_profile()
 7 SYSTEMPATH\CodeIgniter.php(466): CodeIgniter\CodeIgniter->runController(Object(App\Controllers\PagesController))
 8 SYSTEMPATH\CodeIgniter.php(349): CodeIgniter\CodeIgniter->handleRequest(null, Object(Config\Cache), false)
 9 FCPATH\index.php(55): CodeIgniter\CodeIgniter->run()
10 SYSTEMPATH\Commands\Server\rewrite.php(43): require_once('FCPATH\\index.php')
CRITICAL - 2022-11-23 01:56:42 --> Undefined variable $id
in APPPATH\Views\users-profile.php on line 53.
 1 APPPATH\Views\users-profile.php(53): CodeIgniter\Debug\Exceptions->errorHandler(2, 'Undefined variable $id', 'APPPATH\\Views\\users-profile.php', 53)
 2 SYSTEMPATH\View\View.php(213): include('APPPATH\\Views\\users-profile.php')
 3 SYSTEMPATH\View\View.php(216): CodeIgniter\View\View->CodeIgniter\View\{closure}()
 4 SYSTEMPATH\Common.php(1135): CodeIgniter\View\View->render('users-profile', [], true)
 5 APPPATH\Controllers\PagesController.php(95): view('users-profile', [...])
 6 SYSTEMPATH\CodeIgniter.php(896): App\Controllers\PagesController->users_profile()
 7 SYSTEMPATH\CodeIgniter.php(466): CodeIgniter\CodeIgniter->runController(Object(App\Controllers\PagesController))
 8 SYSTEMPATH\CodeIgniter.php(349): CodeIgniter\CodeIgniter->handleRequest(null, Object(Config\Cache), false)
 9 FCPATH\index.php(55): CodeIgniter\CodeIgniter->run()
10 SYSTEMPATH\Commands\Server\rewrite.php(43): require_once('FCPATH\\index.php')
CRITICAL - 2022-11-23 01:57:44 --> Undefined variable $id
in APPPATH\Views\users-profile.php on line 53.
 1 APPPATH\Views\users-profile.php(53): CodeIgniter\Debug\Exceptions->errorHandler(2, 'Undefined variable $id', 'APPPATH\\Views\\users-profile.php', 53)
 2 SYSTEMPATH\View\View.php(213): include('APPPATH\\Views\\users-profile.php')
 3 SYSTEMPATH\View\View.php(216): CodeIgniter\View\View->CodeIgniter\View\{closure}()
 4 SYSTEMPATH\Common.php(1135): CodeIgniter\View\View->render('users-profile', [], true)
 5 APPPATH\Controllers\PagesController.php(95): view('users-profile', [...])
 6 SYSTEMPATH\CodeIgniter.php(896): App\Controllers\PagesController->users_profile()
 7 SYSTEMPATH\CodeIgniter.php(466): CodeIgniter\CodeIgniter->runController(Object(App\Controllers\PagesController))
 8 SYSTEMPATH\CodeIgniter.php(349): CodeIgniter\CodeIgniter->handleRequest(null, Object(Config\Cache), false)
 9 FCPATH\index.php(55): CodeIgniter\CodeIgniter->run()
10 SYSTEMPATH\Commands\Server\rewrite.php(43): require_once('FCPATH\\index.php')
CRITICAL - 2022-11-23 01:58:01 --> Undefined variable $id
in APPPATH\Views\users-profile.php on line 53.
 1 APPPATH\Views\users-profile.php(53): CodeIgniter\Debug\Exceptions->errorHandler(2, 'Undefined variable $id', 'APPPATH\\Views\\users-profile.php', 53)
 2 SYSTEMPATH\View\View.php(213): include('APPPATH\\Views\\users-profile.php')
 3 SYSTEMPATH\View\View.php(216): CodeIgniter\View\View->CodeIgniter\View\{closure}()
 4 SYSTEMPATH\Common.php(1135): CodeIgniter\View\View->render('users-profile', [], true)
 5 APPPATH\Controllers\PagesController.php(95): view('users-profile', [...])
 6 SYSTEMPATH\CodeIgniter.php(896): App\Controllers\PagesController->users_profile()
 7 SYSTEMPATH\CodeIgniter.php(466): CodeIgniter\CodeIgniter->runController(Object(App\Controllers\PagesController))
 8 SYSTEMPATH\CodeIgniter.php(349): CodeIgniter\CodeIgniter->handleRequest(null, Object(Config\Cache), false)
 9 FCPATH\index.php(55): CodeIgniter\CodeIgniter->run()
10 SYSTEMPATH\Commands\Server\rewrite.php(43): require_once('FCPATH\\index.php')
CRITICAL - 2022-11-23 01:58:21 --> Undefined constant "App\Controllers\this"
in APPPATH\Controllers\AuthenticationController.php on line 149.
 1 SYSTEMPATH\CodeIgniter.php(896): App\Controllers\AuthenticationController->updateprofile('Sutris hehe')
 2 SYSTEMPATH\CodeIgniter.php(466): CodeIgniter\CodeIgniter->runController(Object(App\Controllers\AuthenticationController))
 3 SYSTEMPATH\CodeIgniter.php(349): CodeIgniter\CodeIgniter->handleRequest(null, Object(Config\Cache), false)
 4 FCPATH\index.php(55): CodeIgniter\CodeIgniter->run()
 5 SYSTEMPATH\Commands\Server\rewrite.php(43): require_once('FCPATH\\index.php')
ERROR - 2022-11-23 01:59:41 --> Duplicate entry '' for key 'PRIMARY'
CRITICAL - 2022-11-23 01:59:41 --> Duplicate entry '' for key 'PRIMARY'
in SYSTEMPATH\Database\MySQLi\Connection.php on line 292.
 1 SYSTEMPATH\Database\MySQLi\Connection.php(292): mysqli->query('INSERT INTO `akun` (`nama`, `created_at`, `updated_at`) VALUES (\'Sutris Eee\', \'2022-11-23 01:59:41\', \'2022-11-23 01:59:41\')', 0)
 2 SYSTEMPATH\Database\BaseConnection.php(695): CodeIgniter\Database\MySQLi\Connection->execute('INSERT INTO `akun` (`nama`, `created_at`, `updated_at`) VALUES (\'Sutris Eee\', \'2022-11-23 01:59:41\', \'2022-11-23 01:59:41\')')
 3 SYSTEMPATH\Database\BaseConnection.php(609): CodeIgniter\Database\BaseConnection->simpleQuery('INSERT INTO `akun` (`nama`, `created_at`, `updated_at`) VALUES (\'Sutris Eee\', \'2022-11-23 01:59:41\', \'2022-11-23 01:59:41\')')
 4 SYSTEMPATH\Database\BaseBuilder.php(1904): CodeIgniter\Database\BaseConnection->query('INSERT INTO `akun` (`nama`, `created_at`, `updated_at`) VALUES (:nama:, :created_at:, :updated_at:)', [...], false)
 5 SYSTEMPATH\Model.php(278): CodeIgniter\Database\BaseBuilder->insert()
 6 SYSTEMPATH\BaseModel.php(738): CodeIgniter\Model->doInsert([...])
 7 SYSTEMPATH\Model.php(666): CodeIgniter\BaseModel->insert([...], false)
 8 SYSTEMPATH\BaseModel.php(658): CodeIgniter\Model->insert([...], false)
 9 APPPATH\Controllers\AuthenticationController.php(152): CodeIgniter\BaseModel->save([...])
10 SYSTEMPATH\CodeIgniter.php(896): App\Controllers\AuthenticationController->updateprofile('Sutris Eee')
11 SYSTEMPATH\CodeIgniter.php(466): CodeIgniter\CodeIgniter->runController(Object(App\Controllers\AuthenticationController))
12 SYSTEMPATH\CodeIgniter.php(349): CodeIgniter\CodeIgniter->handleRequest(null, Object(Config\Cache), false)
13 FCPATH\index.php(55): CodeIgniter\CodeIgniter->run()
14 SYSTEMPATH\Commands\Server\rewrite.php(43): require_once('FCPATH\\index.php')
ERROR - 2022-11-23 01:59:59 --> Duplicate entry '' for key 'PRIMARY'
CRITICAL - 2022-11-23 02:00:00 --> Duplicate entry '' for key 'PRIMARY'
in SYSTEMPATH\Database\MySQLi\Connection.php on line 292.
 1 SYSTEMPATH\Database\MySQLi\Connection.php(292): mysqli->query('INSERT INTO `akun` (`nama`, `created_at`, `updated_at`) VALUES (\'Sutris Eee\', \'2022-11-23 01:59:59\', \'2022-11-23 01:59:59\')', 0)
 2 SYSTEMPATH\Database\BaseConnection.php(695): CodeIgniter\Database\MySQLi\Connection->execute('INSERT INTO `akun` (`nama`, `created_at`, `updated_at`) VALUES (\'Sutris Eee\', \'2022-11-23 01:59:59\', \'2022-11-23 01:59:59\')')
 3 SYSTEMPATH\Database\BaseConnection.php(609): CodeIgniter\Database\BaseConnection->simpleQuery('INSERT INTO `akun` (`nama`, `created_at`, `updated_at`) VALUES (\'Sutris Eee\', \'2022-11-23 01:59:59\', \'2022-11-23 01:59:59\')')
 4 SYSTEMPATH\Database\BaseBuilder.php(1904): CodeIgniter\Database\BaseConnection->query('INSERT INTO `akun` (`nama`, `created_at`, `updated_at`) VALUES (:nama:, :created_at:, :updated_at:)', [...], false)
 5 SYSTEMPATH\Model.php(278): CodeIgniter\Database\BaseBuilder->insert()
 6 SYSTEMPATH\BaseModel.php(738): CodeIgniter\Model->doInsert([...])
 7 SYSTEMPATH\Model.php(666): CodeIgniter\BaseModel->insert([...], false)
 8 SYSTEMPATH\BaseModel.php(658): CodeIgniter\Model->insert([...], false)
 9 APPPATH\Controllers\AuthenticationController.php(152): CodeIgniter\BaseModel->save([...])
10 SYSTEMPATH\CodeIgniter.php(896): App\Controllers\AuthenticationController->updateprofile(null)
11 SYSTEMPATH\CodeIgniter.php(466): CodeIgniter\CodeIgniter->runController(Object(App\Controllers\AuthenticationController))
12 SYSTEMPATH\CodeIgniter.php(349): CodeIgniter\CodeIgniter->handleRequest(null, Object(Config\Cache), false)
13 FCPATH\index.php(55): CodeIgniter\CodeIgniter->run()
14 SYSTEMPATH\Commands\Server\rewrite.php(43): require_once('FCPATH\\index.php')
CRITICAL - 2022-11-23 02:00:01 --> Undefined variable $id
in APPPATH\Views\users-profile.php on line 53.
 1 APPPATH\Views\users-profile.php(53): CodeIgniter\Debug\Exceptions->errorHandler(2, 'Undefined variable $id', 'APPPATH\\Views\\users-profile.php', 53)
 2 SYSTEMPATH\View\View.php(213): include('APPPATH\\Views\\users-profile.php')
 3 SYSTEMPATH\View\View.php(216): CodeIgniter\View\View->CodeIgniter\View\{closure}()
 4 SYSTEMPATH\Common.php(1135): CodeIgniter\View\View->render('users-profile', [], true)
 5 APPPATH\Controllers\PagesController.php(95): view('users-profile', [...])
 6 SYSTEMPATH\CodeIgniter.php(896): App\Controllers\PagesController->users_profile()
 7 SYSTEMPATH\CodeIgniter.php(466): CodeIgniter\CodeIgniter->runController(Object(App\Controllers\PagesController))
 8 SYSTEMPATH\CodeIgniter.php(349): CodeIgniter\CodeIgniter->handleRequest(null, Object(Config\Cache), false)
 9 FCPATH\index.php(55): CodeIgniter\CodeIgniter->run()
10 SYSTEMPATH\Commands\Server\rewrite.php(43): require_once('FCPATH\\index.php')
