CRITICAL - 2023-02-16 16:52:15 --> Undefined array key "tingakt_rusak"
in APPPATH\Views\print-pdf.php on line 50.
 1 APPPATH\Views\print-pdf.php(50): CodeIgniter\Debug\Exceptions->errorHandler(2, 'Undefined array key "tingakt_rusak"', 'APPPATH\\Views\\print-pdf.php', 50)
 2 SYSTEMPATH\View\View.php(213): include('APPPATH\\Views\\print-pdf.php')
 3 SYSTEMPATH\View\View.php(216): CodeIgniter\View\View->CodeIgniter\View\{closure}()
 4 SYSTEMPATH\Common.php(1135): CodeIgniter\View\View->render('print-pdf', [], true)
 5 APPPATH\Controllers\PagesController.php(174): view('print-pdf', [...])
 6 SYSTEMPATH\CodeIgniter.php(896): App\Controllers\PagesController->printpdf()
 7 SYSTEMPATH\CodeIgniter.php(466): CodeIgniter\CodeIgniter->runController(Object(App\Controllers\PagesController))
 8 SYSTEMPATH\CodeIgniter.php(349): CodeIgniter\CodeIgniter->handleRequest(null, Object(Config\Cache), false)
 9 FCPATH\index.php(55): CodeIgniter\CodeIgniter->run()
10 SYSTEMPATH\Commands\Server\rewrite.php(43): require_once('FCPATH\\index.php')
CRITICAL - 2023-02-16 16:52:26 --> Undefined array key "tingkat_rusak"
in APPPATH\Views\print-pdf.php on line 50.
 1 APPPATH\Views\print-pdf.php(50): CodeIgniter\Debug\Exceptions->errorHandler(2, 'Undefined array key "tingkat_rusak"', 'APPPATH\\Views\\print-pdf.php', 50)
 2 SYSTEMPATH\View\View.php(213): include('APPPATH\\Views\\print-pdf.php')
 3 SYSTEMPATH\View\View.php(216): CodeIgniter\View\View->CodeIgniter\View\{closure}()
 4 SYSTEMPATH\Common.php(1135): CodeIgniter\View\View->render('print-pdf', [], true)
 5 APPPATH\Controllers\PagesController.php(174): view('print-pdf', [...])
 6 SYSTEMPATH\CodeIgniter.php(896): App\Controllers\PagesController->printpdf()
 7 SYSTEMPATH\CodeIgniter.php(466): CodeIgniter\CodeIgniter->runController(Object(App\Controllers\PagesController))
 8 SYSTEMPATH\CodeIgniter.php(349): CodeIgniter\CodeIgniter->handleRequest(null, Object(Config\Cache), false)
 9 FCPATH\index.php(55): CodeIgniter\CodeIgniter->run()
10 SYSTEMPATH\Commands\Server\rewrite.php(43): require_once('FCPATH\\index.php')
CRITICAL - 2023-02-16 16:52:34 --> Undefined array key "tingkat_rusak"
in APPPATH\Views\print-pdf.php on line 50.
 1 APPPATH\Views\print-pdf.php(50): CodeIgniter\Debug\Exceptions->errorHandler(2, 'Undefined array key "tingkat_rusak"', 'APPPATH\\Views\\print-pdf.php', 50)
 2 SYSTEMPATH\View\View.php(213): include('APPPATH\\Views\\print-pdf.php')
 3 SYSTEMPATH\View\View.php(216): CodeIgniter\View\View->CodeIgniter\View\{closure}()
 4 SYSTEMPATH\Common.php(1135): CodeIgniter\View\View->render('print-pdf', [], true)
 5 APPPATH\Controllers\PagesController.php(174): view('print-pdf', [...])
 6 SYSTEMPATH\CodeIgniter.php(896): App\Controllers\PagesController->printpdf()
 7 SYSTEMPATH\CodeIgniter.php(466): CodeIgniter\CodeIgniter->runController(Object(App\Controllers\PagesController))
 8 SYSTEMPATH\CodeIgniter.php(349): CodeIgniter\CodeIgniter->handleRequest(null, Object(Config\Cache), false)
 9 FCPATH\index.php(55): CodeIgniter\CodeIgniter->run()
10 SYSTEMPATH\Commands\Server\rewrite.php(43): require_once('FCPATH\\index.php')
CRITICAL - 2023-02-16 16:53:44 --> Undefined array key "tingkat_rusak"
in APPPATH\Views\print-pdf.php on line 50.
 1 APPPATH\Views\print-pdf.php(50): CodeIgniter\Debug\Exceptions->errorHandler(2, 'Undefined array key "tingkat_rusak"', 'APPPATH\\Views\\print-pdf.php', 50)
 2 SYSTEMPATH\View\View.php(213): include('APPPATH\\Views\\print-pdf.php')
 3 SYSTEMPATH\View\View.php(216): CodeIgniter\View\View->CodeIgniter\View\{closure}()
 4 SYSTEMPATH\Common.php(1135): CodeIgniter\View\View->render('print-pdf', [], true)
 5 APPPATH\Controllers\PagesController.php(174): view('print-pdf', [...])
 6 SYSTEMPATH\CodeIgniter.php(896): App\Controllers\PagesController->printpdf()
 7 SYSTEMPATH\CodeIgniter.php(466): CodeIgniter\CodeIgniter->runController(Object(App\Controllers\PagesController))
 8 SYSTEMPATH\CodeIgniter.php(349): CodeIgniter\CodeIgniter->handleRequest(null, Object(Config\Cache), false)
 9 FCPATH\index.php(55): CodeIgniter\CodeIgniter->run()
10 SYSTEMPATH\Commands\Server\rewrite.php(43): require_once('FCPATH\\index.php')
CRITICAL - 2023-02-16 16:56:52 --> Undefined array key "tingkat_rusak"
in APPPATH\Views\print-pdf.php on line 50.
 1 APPPATH\Views\print-pdf.php(50): CodeIgniter\Debug\Exceptions->errorHandler(2, 'Undefined array key "tingkat_rusak"', 'APPPATH\\Views\\print-pdf.php', 50)
 2 SYSTEMPATH\View\View.php(213): include('APPPATH\\Views\\print-pdf.php')
 3 SYSTEMPATH\View\View.php(216): CodeIgniter\View\View->CodeIgniter\View\{closure}()
 4 SYSTEMPATH\Common.php(1135): CodeIgniter\View\View->render('print-pdf', [], true)
 5 APPPATH\Controllers\PagesController.php(174): view('print-pdf', [...])
 6 SYSTEMPATH\CodeIgniter.php(896): App\Controllers\PagesController->printpdf()
 7 SYSTEMPATH\CodeIgniter.php(466): CodeIgniter\CodeIgniter->runController(Object(App\Controllers\PagesController))
 8 SYSTEMPATH\CodeIgniter.php(349): CodeIgniter\CodeIgniter->handleRequest(null, Object(Config\Cache), false)
 9 FCPATH\index.php(55): CodeIgniter\CodeIgniter->run()
10 SYSTEMPATH\Commands\Server\rewrite.php(43): require_once('FCPATH\\index.php')
CRITICAL - 2023-02-16 16:57:21 --> Undefined array key "tingkat_rusak"
in APPPATH\Views\print-pdf.php on line 50.
 1 APPPATH\Views\print-pdf.php(50): CodeIgniter\Debug\Exceptions->errorHandler(2, 'Undefined array key "tingkat_rusak"', 'APPPATH\\Views\\print-pdf.php', 50)
 2 SYSTEMPATH\View\View.php(213): include('APPPATH\\Views\\print-pdf.php')
 3 SYSTEMPATH\View\View.php(216): CodeIgniter\View\View->CodeIgniter\View\{closure}()
 4 SYSTEMPATH\Common.php(1135): CodeIgniter\View\View->render('print-pdf', [], true)
 5 APPPATH\Controllers\PagesController.php(174): view('print-pdf', [...])
 6 SYSTEMPATH\CodeIgniter.php(896): App\Controllers\PagesController->printpdf()
 7 SYSTEMPATH\CodeIgniter.php(466): CodeIgniter\CodeIgniter->runController(Object(App\Controllers\PagesController))
 8 SYSTEMPATH\CodeIgniter.php(349): CodeIgniter\CodeIgniter->handleRequest(null, Object(Config\Cache), false)
 9 FCPATH\index.php(55): CodeIgniter\CodeIgniter->run()
10 SYSTEMPATH\Commands\Server\rewrite.php(43): require_once('FCPATH\\index.php')
