CRITICAL - 2023-02-13 18:41:18 --> htmlspecialchars(): Passing null to parameter #1 ($string) of type string is deprecated
in APPPATH\Views\users-profile.php on line 82.
 1 [internal function]: CodeIgniter\Debug\Exceptions->errorHandler(8192, 'htmlspecialchars(): Passing null to parameter #1 ($string) of type string is deprecated', 'APPPATH\\Views\\users-profile.php', 82)
 2 APPPATH\Views\users-profile.php(82): htmlspecialchars(null)
 3 SYSTEMPATH\View\View.php(213): include('APPPATH\\Views\\users-profile.php')
 4 SYSTEMPATH\View\View.php(216): CodeIgniter\View\View->CodeIgniter\View\{closure}()
 5 SYSTEMPATH\Common.php(1135): CodeIgniter\View\View->render('users-profile', [], true)
 6 APPPATH\Controllers\PagesController.php(115): view('users-profile', [...])
 7 SYSTEMPATH\CodeIgniter.php(896): App\Controllers\PagesController->users_profile()
 8 SYSTEMPATH\CodeIgniter.php(466): CodeIgniter\CodeIgniter->runController(Object(App\Controllers\PagesController))
 9 SYSTEMPATH\CodeIgniter.php(349): CodeIgniter\CodeIgniter->handleRequest(null, Object(Config\Cache), false)
10 FCPATH\index.php(55): CodeIgniter\CodeIgniter->run()
11 SYSTEMPATH\Commands\Server\rewrite.php(43): require_once('FCPATH\\index.php')
CRITICAL - 2023-02-13 18:41:32 --> htmlspecialchars(): Passing null to parameter #1 ($string) of type string is deprecated
in APPPATH\Views\users-profile.php on line 82.
 1 [internal function]: CodeIgniter\Debug\Exceptions->errorHandler(8192, 'htmlspecialchars(): Passing null to parameter #1 ($string) of type string is deprecated', 'APPPATH\\Views\\users-profile.php', 82)
 2 APPPATH\Views\users-profile.php(82): htmlspecialchars(null)
 3 SYSTEMPATH\View\View.php(213): include('APPPATH\\Views\\users-profile.php')
 4 SYSTEMPATH\View\View.php(216): CodeIgniter\View\View->CodeIgniter\View\{closure}()
 5 SYSTEMPATH\Common.php(1135): CodeIgniter\View\View->render('users-profile', [], true)
 6 APPPATH\Controllers\PagesController.php(115): view('users-profile', [...])
 7 SYSTEMPATH\CodeIgniter.php(896): App\Controllers\PagesController->users_profile()
 8 SYSTEMPATH\CodeIgniter.php(466): CodeIgniter\CodeIgniter->runController(Object(App\Controllers\PagesController))
 9 SYSTEMPATH\CodeIgniter.php(349): CodeIgniter\CodeIgniter->handleRequest(null, Object(Config\Cache), false)
10 FCPATH\index.php(55): CodeIgniter\CodeIgniter->run()
11 SYSTEMPATH\Commands\Server\rewrite.php(43): require_once('FCPATH\\index.php')
CRITICAL - 2023-02-13 18:42:35 --> htmlspecialchars(): Passing null to parameter #1 ($string) of type string is deprecated
in APPPATH\Views\users-profile.php on line 82.
 1 [internal function]: CodeIgniter\Debug\Exceptions->errorHandler(8192, 'htmlspecialchars(): Passing null to parameter #1 ($string) of type string is deprecated', 'APPPATH\\Views\\users-profile.php', 82)
 2 APPPATH\Views\users-profile.php(82): htmlspecialchars(null)
 3 SYSTEMPATH\View\View.php(213): include('APPPATH\\Views\\users-profile.php')
 4 SYSTEMPATH\View\View.php(216): CodeIgniter\View\View->CodeIgniter\View\{closure}()
 5 SYSTEMPATH\Common.php(1135): CodeIgniter\View\View->render('users-profile', [], true)
 6 APPPATH\Controllers\PagesController.php(115): view('users-profile', [...])
 7 SYSTEMPATH\CodeIgniter.php(896): App\Controllers\PagesController->users_profile()
 8 SYSTEMPATH\CodeIgniter.php(466): CodeIgniter\CodeIgniter->runController(Object(App\Controllers\PagesController))
 9 SYSTEMPATH\CodeIgniter.php(349): CodeIgniter\CodeIgniter->handleRequest(null, Object(Config\Cache), false)
10 FCPATH\index.php(55): CodeIgniter\CodeIgniter->run()
11 SYSTEMPATH\Commands\Server\rewrite.php(43): require_once('FCPATH\\index.php')
CRITICAL - 2023-02-13 18:43:02 --> htmlspecialchars(): Passing null to parameter #1 ($string) of type string is deprecated
in APPPATH\Views\users-profile.php on line 82.
 1 [internal function]: CodeIgniter\Debug\Exceptions->errorHandler(8192, 'htmlspecialchars(): Passing null to parameter #1 ($string) of type string is deprecated', 'APPPATH\\Views\\users-profile.php', 82)
 2 APPPATH\Views\users-profile.php(82): htmlspecialchars(null)
 3 SYSTEMPATH\View\View.php(213): include('APPPATH\\Views\\users-profile.php')
 4 SYSTEMPATH\View\View.php(216): CodeIgniter\View\View->CodeIgniter\View\{closure}()
 5 SYSTEMPATH\Common.php(1135): CodeIgniter\View\View->render('users-profile', [], true)
 6 APPPATH\Controllers\PagesController.php(115): view('users-profile', [...])
 7 SYSTEMPATH\CodeIgniter.php(896): App\Controllers\PagesController->users_profile()
 8 SYSTEMPATH\CodeIgniter.php(466): CodeIgniter\CodeIgniter->runController(Object(App\Controllers\PagesController))
 9 SYSTEMPATH\CodeIgniter.php(349): CodeIgniter\CodeIgniter->handleRequest(null, Object(Config\Cache), false)
10 FCPATH\index.php(55): CodeIgniter\CodeIgniter->run()
11 SYSTEMPATH\Commands\Server\rewrite.php(43): require_once('FCPATH\\index.php')
CRITICAL - 2023-02-13 18:43:04 --> htmlspecialchars(): Passing null to parameter #1 ($string) of type string is deprecated
in APPPATH\Views\users-profile.php on line 82.
 1 [internal function]: CodeIgniter\Debug\Exceptions->errorHandler(8192, 'htmlspecialchars(): Passing null to parameter #1 ($string) of type string is deprecated', 'APPPATH\\Views\\users-profile.php', 82)
 2 APPPATH\Views\users-profile.php(82): htmlspecialchars(null)
 3 SYSTEMPATH\View\View.php(213): include('APPPATH\\Views\\users-profile.php')
 4 SYSTEMPATH\View\View.php(216): CodeIgniter\View\View->CodeIgniter\View\{closure}()
 5 SYSTEMPATH\Common.php(1135): CodeIgniter\View\View->render('users-profile', [], true)
 6 APPPATH\Controllers\PagesController.php(115): view('users-profile', [...])
 7 SYSTEMPATH\CodeIgniter.php(896): App\Controllers\PagesController->users_profile()
 8 SYSTEMPATH\CodeIgniter.php(466): CodeIgniter\CodeIgniter->runController(Object(App\Controllers\PagesController))
 9 SYSTEMPATH\CodeIgniter.php(349): CodeIgniter\CodeIgniter->handleRequest(null, Object(Config\Cache), false)
10 FCPATH\index.php(55): CodeIgniter\CodeIgniter->run()
11 SYSTEMPATH\Commands\Server\rewrite.php(43): require_once('FCPATH\\index.php')
