CRITICAL - 2023-01-23 15:04:08 --> Undefined variable $pelaporan
in APPPATH\Views\pages-blank.php on line 541.
 1 APPPATH\Views\pages-blank.php(541): CodeIgniter\Debug\Exceptions->errorHandler(2, 'Undefined variable $pelaporan', 'APPPATH\\Views\\pages-blank.php', 541)
 2 SYSTEMPATH\View\View.php(213): include('APPPATH\\Views\\pages-blank.php')
 3 SYSTEMPATH\View\View.php(216): CodeIgniter\View\View->CodeIgniter\View\{closure}()
 4 SYSTEMPATH\Common.php(1135): CodeIgniter\View\View->render('pages-blank', [], true)
 5 APPPATH\Controllers\PagesController.php(139): view('pages-blank', [...])
 6 SYSTEMPATH\CodeIgniter.php(896): App\Controllers\PagesController->blank()
 7 SYSTEMPATH\CodeIgniter.php(466): CodeIgniter\CodeIgniter->runController(Object(App\Controllers\PagesController))
 8 SYSTEMPATH\CodeIgniter.php(349): CodeIgniter\CodeIgniter->handleRequest(null, Object(Config\Cache), false)
 9 FCPATH\index.php(55): CodeIgniter\CodeIgniter->run()
10 SYSTEMPATH\Commands\Server\rewrite.php(43): require_once('FCPATH\\index.php')
CRITICAL - 2023-01-23 15:04:29 --> Undefined variable $pelaporan
in APPPATH\Views\pages-blank.php on line 538.
 1 APPPATH\Views\pages-blank.php(538): CodeIgniter\Debug\Exceptions->errorHandler(2, 'Undefined variable $pelaporan', 'APPPATH\\Views\\pages-blank.php', 538)
 2 SYSTEMPATH\View\View.php(213): include('APPPATH\\Views\\pages-blank.php')
 3 SYSTEMPATH\View\View.php(216): CodeIgniter\View\View->CodeIgniter\View\{closure}()
 4 SYSTEMPATH\Common.php(1135): CodeIgniter\View\View->render('pages-blank', [], true)
 5 APPPATH\Controllers\PagesController.php(139): view('pages-blank', [...])
 6 SYSTEMPATH\CodeIgniter.php(896): App\Controllers\PagesController->blank()
 7 SYSTEMPATH\CodeIgniter.php(466): CodeIgniter\CodeIgniter->runController(Object(App\Controllers\PagesController))
 8 SYSTEMPATH\CodeIgniter.php(349): CodeIgniter\CodeIgniter->handleRequest(null, Object(Config\Cache), false)
 9 FCPATH\index.php(55): CodeIgniter\CodeIgniter->run()
10 SYSTEMPATH\Commands\Server\rewrite.php(43): require_once('FCPATH\\index.php')
CRITICAL - 2023-01-23 15:08:34 --> Undefined variable $pelaporan
in APPPATH\Views\pages-blank.php on line 538.
 1 APPPATH\Views\pages-blank.php(538): CodeIgniter\Debug\Exceptions->errorHandler(2, 'Undefined variable $pelaporan', 'APPPATH\\Views\\pages-blank.php', 538)
 2 SYSTEMPATH\View\View.php(213): include('APPPATH\\Views\\pages-blank.php')
 3 SYSTEMPATH\View\View.php(216): CodeIgniter\View\View->CodeIgniter\View\{closure}()
 4 SYSTEMPATH\Common.php(1135): CodeIgniter\View\View->render('pages-blank', [], true)
 5 APPPATH\Controllers\PagesController.php(139): view('pages-blank', [...])
 6 SYSTEMPATH\CodeIgniter.php(896): App\Controllers\PagesController->blank()
 7 SYSTEMPATH\CodeIgniter.php(466): CodeIgniter\CodeIgniter->runController(Object(App\Controllers\PagesController))
 8 SYSTEMPATH\CodeIgniter.php(349): CodeIgniter\CodeIgniter->handleRequest(null, Object(Config\Cache), false)
 9 FCPATH\index.php(55): CodeIgniter\CodeIgniter->run()
10 SYSTEMPATH\Commands\Server\rewrite.php(43): require_once('FCPATH\\index.php')
CRITICAL - 2023-01-23 16:47:05 --> syntax error, unexpected token "[", expecting variable or "{" or "$"
in APPPATH\Views\users-profile.php on line 26.
 1 SYSTEMPATH\View\View.php(216): CodeIgniter\View\View->CodeIgniter\View\{closure}()
 2 SYSTEMPATH\Common.php(1135): CodeIgniter\View\View->render('users-profile', [], true)
 3 APPPATH\Controllers\PagesController.php(106): view('users-profile', [...])
 4 SYSTEMPATH\CodeIgniter.php(896): App\Controllers\PagesController->users_profile()
 5 SYSTEMPATH\CodeIgniter.php(466): CodeIgniter\CodeIgniter->runController(Object(App\Controllers\PagesController))
 6 SYSTEMPATH\CodeIgniter.php(349): CodeIgniter\CodeIgniter->handleRequest(null, Object(Config\Cache), false)
 7 FCPATH\index.php(55): CodeIgniter\CodeIgniter->run()
 8 SYSTEMPATH\Commands\Server\rewrite.php(43): require_once('FCPATH\\index.php')
