CRITICAL - 2023-01-31 18:46:39 --> Undefined variable $akun
in APPPATH\Views\data-users.php on line 86.
 1 APPPATH\Views\data-users.php(86): CodeIgniter\Debug\Exceptions->errorHandler(2, 'Undefined variable $akun', 'APPPATH\\Views\\data-users.php', 86)
 2 SYSTEMPATH\View\View.php(213): include('APPPATH\\Views\\data-users.php')
 3 SYSTEMPATH\View\View.php(216): CodeIgniter\View\View->CodeIgniter\View\{closure}()
 4 SYSTEMPATH\Common.php(1135): CodeIgniter\View\View->render('data-users', [], true)
 5 APPPATH\Controllers\PagesController.php(119): view('data-users', [...])
 6 SYSTEMPATH\CodeIgniter.php(896): App\Controllers\PagesController->data_users()
 7 SYSTEMPATH\CodeIgniter.php(466): CodeIgniter\CodeIgniter->runController(Object(App\Controllers\PagesController))
 8 SYSTEMPATH\CodeIgniter.php(349): CodeIgniter\CodeIgniter->handleRequest(null, Object(Config\Cache), false)
 9 FCPATH\index.php(55): CodeIgniter\CodeIgniter->run()
10 SYSTEMPATH\Commands\Server\rewrite.php(43): require_once('FCPATH\\index.php')
CRITICAL - 2023-01-31 19:17:22 --> Undefined variable $value
in APPPATH\Views\data-pelaporan-kerusakan.php on line 107.
 1 APPPATH\Views\data-pelaporan-kerusakan.php(107): CodeIgniter\Debug\Exceptions->errorHandler(2, 'Undefined variable $value', 'APPPATH\\Views\\data-pelaporan-kerusakan.php', 107)
 2 SYSTEMPATH\View\View.php(213): include('APPPATH\\Views\\data-pelaporan-kerusakan.php')
 3 SYSTEMPATH\View\View.php(216): CodeIgniter\View\View->CodeIgniter\View\{closure}()
 4 SYSTEMPATH\Common.php(1135): CodeIgniter\View\View->render('data-pelaporan-kerusakan', [], true)
 5 APPPATH\Controllers\PagesController.php(94): view('data-pelaporan-kerusakan', [...])
 6 SYSTEMPATH\CodeIgniter.php(896): App\Controllers\PagesController->data_pelaporan()
 7 SYSTEMPATH\CodeIgniter.php(466): CodeIgniter\CodeIgniter->runController(Object(App\Controllers\PagesController))
 8 SYSTEMPATH\CodeIgniter.php(349): CodeIgniter\CodeIgniter->handleRequest(null, Object(Config\Cache), false)
 9 FCPATH\index.php(55): CodeIgniter\CodeIgniter->run()
10 SYSTEMPATH\Commands\Server\rewrite.php(43): require_once('FCPATH\\index.php')
CRITICAL - 2023-01-31 19:17:32 --> Undefined variable $value
in APPPATH\Views\data-pelaporan-kerusakan.php on line 107.
 1 APPPATH\Views\data-pelaporan-kerusakan.php(107): CodeIgniter\Debug\Exceptions->errorHandler(2, 'Undefined variable $value', 'APPPATH\\Views\\data-pelaporan-kerusakan.php', 107)
 2 SYSTEMPATH\View\View.php(213): include('APPPATH\\Views\\data-pelaporan-kerusakan.php')
 3 SYSTEMPATH\View\View.php(216): CodeIgniter\View\View->CodeIgniter\View\{closure}()
 4 SYSTEMPATH\Common.php(1135): CodeIgniter\View\View->render('data-pelaporan-kerusakan', [], true)
 5 APPPATH\Controllers\PagesController.php(94): view('data-pelaporan-kerusakan', [...])
 6 SYSTEMPATH\CodeIgniter.php(896): App\Controllers\PagesController->data_pelaporan()
 7 SYSTEMPATH\CodeIgniter.php(466): CodeIgniter\CodeIgniter->runController(Object(App\Controllers\PagesController))
 8 SYSTEMPATH\CodeIgniter.php(349): CodeIgniter\CodeIgniter->handleRequest(null, Object(Config\Cache), false)
 9 FCPATH\index.php(55): CodeIgniter\CodeIgniter->run()
10 SYSTEMPATH\Commands\Server\rewrite.php(43): require_once('FCPATH\\index.php')
CRITICAL - 2023-01-31 20:36:52 --> syntax error, unexpected variable "$pdf"
in APPPATH\Controllers\PagesController.php on line 146.
 1 SYSTEMPATH\Router\Router.php(499): CodeIgniter\Router\AutoRouter->getRoute('PagesController/data_pelaporan')
 2 SYSTEMPATH\Router\Router.php(205): CodeIgniter\Router\Router->autoRoute('PagesController/data_pelaporan')
 3 SYSTEMPATH\CodeIgniter.php(771): CodeIgniter\Router\Router->handle('PagesController/data_pelaporan')
 4 SYSTEMPATH\CodeIgniter.php(415): CodeIgniter\CodeIgniter->tryToRouteIt(Object(CodeIgniter\Router\RouteCollection))
 5 SYSTEMPATH\CodeIgniter.php(349): CodeIgniter\CodeIgniter->handleRequest(null, Object(Config\Cache), false)
 6 FCPATH\index.php(55): CodeIgniter\CodeIgniter->run()
 7 SYSTEMPATH\Commands\Server\rewrite.php(43): require_once('FCPATH\\index.php')
CRITICAL - 2023-01-31 21:04:42 --> syntax error, unexpected variable "$pdf"
in APPPATH\Controllers\PagesController.php on line 147.
 1 SYSTEMPATH\Router\Router.php(499): CodeIgniter\Router\AutoRouter->getRoute('PagesController/data_pelaporan')
 2 SYSTEMPATH\Router\Router.php(205): CodeIgniter\Router\Router->autoRoute('PagesController/data_pelaporan')
 3 SYSTEMPATH\CodeIgniter.php(771): CodeIgniter\Router\Router->handle('PagesController/data_pelaporan')
 4 SYSTEMPATH\CodeIgniter.php(415): CodeIgniter\CodeIgniter->tryToRouteIt(Object(CodeIgniter\Router\RouteCollection))
 5 SYSTEMPATH\CodeIgniter.php(349): CodeIgniter\CodeIgniter->handleRequest(null, Object(Config\Cache), false)
 6 FCPATH\index.php(55): CodeIgniter\CodeIgniter->run()
 7 SYSTEMPATH\Commands\Server\rewrite.php(43): require_once('FCPATH\\index.php')
