CRITICAL - 2022-11-22 04:21:24 --> Undefined variable $title
in APPPATH\Views\Template\index.php on line 5.
 1 APPPATH\Views\Template\index.php(5): CodeIgniter\Debug\Exceptions->errorHandler(2, 'Undefined variable $title', 'APPPATH\\Views\\Template\\index.php', 5)
 2 SYSTEMPATH\View\View.php(213): include('APPPATH\\Views\\Template\\index.php')
 3 SYSTEMPATH\View\View.php(216): CodeIgniter\View\View->CodeIgniter\View\{closure}()
 4 SYSTEMPATH\View\View.php(229): CodeIgniter\View\View->render('Template/index', [], true)
 5 SYSTEMPATH\Common.php(1135): CodeIgniter\View\View->render('riwayat-pelaporan', [], true)
 6 APPPATH\Controllers\PagesController.php(72): view('riwayat-pelaporan')
 7 SYSTEMPATH\CodeIgniter.php(896): App\Controllers\PagesController->riwayat_pelaporan()
 8 SYSTEMPATH\CodeIgniter.php(466): CodeIgniter\CodeIgniter->runController(Object(App\Controllers\PagesController))
 9 SYSTEMPATH\CodeIgniter.php(349): CodeIgniter\CodeIgniter->handleRequest(null, Object(Config\Cache), false)
10 FCPATH\index.php(55): CodeIgniter\CodeIgniter->run()
11 SYSTEMPATH\Commands\Server\rewrite.php(43): require_once('FCPATH\\index.php')
CRITICAL - 2022-11-22 04:21:33 --> Undefined variable $title
in APPPATH\Views\Template\index.php on line 5.
 1 APPPATH\Views\Template\index.php(5): CodeIgniter\Debug\Exceptions->errorHandler(2, 'Undefined variable $title', 'APPPATH\\Views\\Template\\index.php', 5)
 2 SYSTEMPATH\View\View.php(213): include('APPPATH\\Views\\Template\\index.php')
 3 SYSTEMPATH\View\View.php(216): CodeIgniter\View\View->CodeIgniter\View\{closure}()
 4 SYSTEMPATH\View\View.php(229): CodeIgniter\View\View->render('Template/index', [], true)
 5 SYSTEMPATH\Common.php(1135): CodeIgniter\View\View->render('riwayat-pelaporan', [], true)
 6 APPPATH\Controllers\PagesController.php(72): view('riwayat-pelaporan')
 7 SYSTEMPATH\CodeIgniter.php(896): App\Controllers\PagesController->riwayat_pelaporan()
 8 SYSTEMPATH\CodeIgniter.php(466): CodeIgniter\CodeIgniter->runController(Object(App\Controllers\PagesController))
 9 SYSTEMPATH\CodeIgniter.php(349): CodeIgniter\CodeIgniter->handleRequest(null, Object(Config\Cache), false)
10 FCPATH\index.php(55): CodeIgniter\CodeIgniter->run()
11 SYSTEMPATH\Commands\Server\rewrite.php(43): require_once('FCPATH\\index.php')
CRITICAL - 2022-11-22 04:21:46 --> Undefined variable $title
in APPPATH\Views\Template\index.php on line 5.
 1 APPPATH\Views\Template\index.php(5): CodeIgniter\Debug\Exceptions->errorHandler(2, 'Undefined variable $title', 'APPPATH\\Views\\Template\\index.php', 5)
 2 SYSTEMPATH\View\View.php(213): include('APPPATH\\Views\\Template\\index.php')
 3 SYSTEMPATH\View\View.php(216): CodeIgniter\View\View->CodeIgniter\View\{closure}()
 4 SYSTEMPATH\View\View.php(229): CodeIgniter\View\View->render('Template/index', [], true)
 5 SYSTEMPATH\Common.php(1135): CodeIgniter\View\View->render('riwayat-pelaporan', [], true)
 6 APPPATH\Controllers\PagesController.php(72): view('riwayat-pelaporan')
 7 SYSTEMPATH\CodeIgniter.php(896): App\Controllers\PagesController->riwayat_pelaporan()
 8 SYSTEMPATH\CodeIgniter.php(466): CodeIgniter\CodeIgniter->runController(Object(App\Controllers\PagesController))
 9 SYSTEMPATH\CodeIgniter.php(349): CodeIgniter\CodeIgniter->handleRequest(null, Object(Config\Cache), false)
10 FCPATH\index.php(55): CodeIgniter\CodeIgniter->run()
11 SYSTEMPATH\Commands\Server\rewrite.php(43): require_once('FCPATH\\index.php')
CRITICAL - 2022-11-22 07:53:09 --> Undefined variable $title
in APPPATH\Views\Template\index.php on line 5.
 1 APPPATH\Views\Template\index.php(5): CodeIgniter\Debug\Exceptions->errorHandler(2, 'Undefined variable $title', 'APPPATH\\Views\\Template\\index.php', 5)
 2 SYSTEMPATH\View\View.php(213): include('APPPATH\\Views\\Template\\index.php')
 3 SYSTEMPATH\View\View.php(216): CodeIgniter\View\View->CodeIgniter\View\{closure}()
 4 SYSTEMPATH\View\View.php(229): CodeIgniter\View\View->render('Template/index', [], true)
 5 SYSTEMPATH\Common.php(1135): CodeIgniter\View\View->render('riwayat-pelaporan', [], true)
 6 APPPATH\Controllers\PagesController.php(72): view('riwayat-pelaporan')
 7 SYSTEMPATH\CodeIgniter.php(896): App\Controllers\PagesController->riwayat_pelaporan()
 8 SYSTEMPATH\CodeIgniter.php(466): CodeIgniter\CodeIgniter->runController(Object(App\Controllers\PagesController))
 9 SYSTEMPATH\CodeIgniter.php(349): CodeIgniter\CodeIgniter->handleRequest(null, Object(Config\Cache), false)
10 FCPATH\index.php(55): CodeIgniter\CodeIgniter->run()
11 SYSTEMPATH\Commands\Server\rewrite.php(43): require_once('FCPATH\\index.php')
CRITICAL - 2022-11-22 08:02:28 --> Undefined variable $data
in APPPATH\Views\Template\index.php on line 5.
 1 APPPATH\Views\Template\index.php(5): CodeIgniter\Debug\Exceptions->errorHandler(2, 'Undefined variable $data', 'APPPATH\\Views\\Template\\index.php', 5)
 2 SYSTEMPATH\View\View.php(213): include('APPPATH\\Views\\Template\\index.php')
 3 SYSTEMPATH\View\View.php(216): CodeIgniter\View\View->CodeIgniter\View\{closure}()
 4 SYSTEMPATH\View\View.php(229): CodeIgniter\View\View->render('Template/index', [], true)
 5 SYSTEMPATH\Common.php(1135): CodeIgniter\View\View->render('input-pelaporan-kerusakan', [], true)
 6 APPPATH\Controllers\PagesController.php(67): view('input-pelaporan-kerusakan', [...])
 7 SYSTEMPATH\CodeIgniter.php(896): App\Controllers\PagesController->input_pelaporan()
 8 SYSTEMPATH\CodeIgniter.php(466): CodeIgniter\CodeIgniter->runController(Object(App\Controllers\PagesController))
 9 SYSTEMPATH\CodeIgniter.php(349): CodeIgniter\CodeIgniter->handleRequest(null, Object(Config\Cache), false)
10 FCPATH\index.php(55): CodeIgniter\CodeIgniter->run()
11 SYSTEMPATH\Commands\Server\rewrite.php(43): require_once('FCPATH\\index.php')
CRITICAL - 2022-11-22 09:22:10 --> Undefined variable $data
in APPPATH\Views\Template\sidebar.php on line 29.
 1 APPPATH\Views\Template\sidebar.php(29): CodeIgniter\Debug\Exceptions->errorHandler(2, 'Undefined variable $data', 'APPPATH\\Views\\Template\\sidebar.php', 29)
 2 SYSTEMPATH\View\View.php(213): include('APPPATH\\Views\\Template\\sidebar.php')
 3 SYSTEMPATH\View\View.php(216): CodeIgniter\View\View->CodeIgniter\View\{closure}()
 4 SYSTEMPATH\View\View.php(429): CodeIgniter\View\View->render('Template/sidebar', null, true)
 5 APPPATH\Views\Template\index.php(42): CodeIgniter\View\View->include('Template/sidebar')
 6 SYSTEMPATH\View\View.php(213): include('APPPATH\\Views\\Template\\index.php')
 7 SYSTEMPATH\View\View.php(216): CodeIgniter\View\View->CodeIgniter\View\{closure}()
 8 SYSTEMPATH\View\View.php(229): CodeIgniter\View\View->render('Template/index', [], true)
 9 SYSTEMPATH\Common.php(1135): CodeIgniter\View\View->render('input-pelaporan-kerusakan', [], true)
10 APPPATH\Controllers\PagesController.php(67): view('input-pelaporan-kerusakan', [...])
11 SYSTEMPATH\CodeIgniter.php(896): App\Controllers\PagesController->input_pelaporan()
12 SYSTEMPATH\CodeIgniter.php(466): CodeIgniter\CodeIgniter->runController(Object(App\Controllers\PagesController))
13 SYSTEMPATH\CodeIgniter.php(349): CodeIgniter\CodeIgniter->handleRequest(null, Object(Config\Cache), false)
14 FCPATH\index.php(55): CodeIgniter\CodeIgniter->run()
15 SYSTEMPATH\Commands\Server\rewrite.php(43): require_once('FCPATH\\index.php')
CRITICAL - 2022-11-22 09:22:28 --> Undefined variable $data
in APPPATH\Views\Template\sidebar.php on line 29.
 1 APPPATH\Views\Template\sidebar.php(29): CodeIgniter\Debug\Exceptions->errorHandler(2, 'Undefined variable $data', 'APPPATH\\Views\\Template\\sidebar.php', 29)
 2 SYSTEMPATH\View\View.php(213): include('APPPATH\\Views\\Template\\sidebar.php')
 3 SYSTEMPATH\View\View.php(216): CodeIgniter\View\View->CodeIgniter\View\{closure}()
 4 SYSTEMPATH\View\View.php(429): CodeIgniter\View\View->render('Template/sidebar', null, true)
 5 APPPATH\Views\Template\index.php(42): CodeIgniter\View\View->include('Template/sidebar')
 6 SYSTEMPATH\View\View.php(213): include('APPPATH\\Views\\Template\\index.php')
 7 SYSTEMPATH\View\View.php(216): CodeIgniter\View\View->CodeIgniter\View\{closure}()
 8 SYSTEMPATH\View\View.php(229): CodeIgniter\View\View->render('Template/index', [], true)
 9 SYSTEMPATH\Common.php(1135): CodeIgniter\View\View->render('input-pelaporan-kerusakan', [], true)
10 APPPATH\Controllers\PagesController.php(67): view('input-pelaporan-kerusakan', [...])
11 SYSTEMPATH\CodeIgniter.php(896): App\Controllers\PagesController->input_pelaporan()
12 SYSTEMPATH\CodeIgniter.php(466): CodeIgniter\CodeIgniter->runController(Object(App\Controllers\PagesController))
13 SYSTEMPATH\CodeIgniter.php(349): CodeIgniter\CodeIgniter->handleRequest(null, Object(Config\Cache), false)
14 FCPATH\index.php(55): CodeIgniter\CodeIgniter->run()
15 SYSTEMPATH\Commands\Server\rewrite.php(43): require_once('FCPATH\\index.php')
CRITICAL - 2022-11-22 09:26:46 --> Undefined variable $data
in APPPATH\Views\data-pelaporan-kerusakan.php on line 118.
 1 APPPATH\Views\data-pelaporan-kerusakan.php(118): CodeIgniter\Debug\Exceptions->errorHandler(2, 'Undefined variable $data', 'APPPATH\\Views\\data-pelaporan-kerusakan.php', 118)
 2 SYSTEMPATH\View\View.php(213): include('APPPATH\\Views\\data-pelaporan-kerusakan.php')
 3 SYSTEMPATH\View\View.php(216): CodeIgniter\View\View->CodeIgniter\View\{closure}()
 4 SYSTEMPATH\Common.php(1135): CodeIgniter\View\View->render('data-pelaporan-kerusakan', [], true)
 5 APPPATH\Controllers\PagesController.php(85): view('data-pelaporan-kerusakan', [...])
 6 SYSTEMPATH\CodeIgniter.php(896): App\Controllers\PagesController->data_pelaporan()
 7 SYSTEMPATH\CodeIgniter.php(466): CodeIgniter\CodeIgniter->runController(Object(App\Controllers\PagesController))
 8 SYSTEMPATH\CodeIgniter.php(349): CodeIgniter\CodeIgniter->handleRequest(null, Object(Config\Cache), false)
 9 FCPATH\index.php(55): CodeIgniter\CodeIgniter->run()
10 SYSTEMPATH\Commands\Server\rewrite.php(43): require_once('FCPATH\\index.php')
