CRITICAL - 2023-01-11 00:13:53 --> Undefined variable $status_pelaporan
in APPPATH\Views\riwayat-pelaporan.php on line 64.
 1 APPPATH\Views\riwayat-pelaporan.php(64): CodeIgniter\Debug\Exceptions->errorHandler(2, 'Undefined variable $status_pelaporan', 'APPPATH\\Views\\riwayat-pelaporan.php', 64)
 2 SYSTEMPATH\View\View.php(213): include('APPPATH\\Views\\riwayat-pelaporan.php')
 3 SYSTEMPATH\View\View.php(216): CodeIgniter\View\View->CodeIgniter\View\{closure}()
 4 SYSTEMPATH\Common.php(1135): CodeIgniter\View\View->render('riwayat-pelaporan', [], true)
 5 APPPATH\Controllers\PagesController.php(73): view('riwayat-pelaporan', [...])
 6 SYSTEMPATH\CodeIgniter.php(896): App\Controllers\PagesController->riwayat_pelaporan()
 7 SYSTEMPATH\CodeIgniter.php(466): CodeIgniter\CodeIgniter->runController(Object(App\Controllers\PagesController))
 8 SYSTEMPATH\CodeIgniter.php(349): CodeIgniter\CodeIgniter->handleRequest(null, Object(Config\Cache), false)
 9 FCPATH\index.php(55): CodeIgniter\CodeIgniter->run()
10 SYSTEMPATH\Commands\Server\rewrite.php(43): require_once('FCPATH\\index.php')
ERROR - 2023-01-11 23:28:14 --> Error connecting to the database: No connection could be made because the target machine actively refused it
CRITICAL - 2023-01-11 23:28:14 --> Unable to connect to the database.
Main connection [MySQLi]: No connection could be made because the target machine actively refused it
in SYSTEMPATH\Database\BaseConnection.php on line 416.
 1 SYSTEMPATH\Database\BaseConnection.php(586): CodeIgniter\Database\BaseConnection->initialize()
 2 SYSTEMPATH\Database\BaseBuilder.php(1585): CodeIgniter\Database\BaseConnection->query('SELECT *
FROM `akun`
WHERE `email_pengguna` = :email_pengguna:
 LIMIT 1', [...], false)
 3 SYSTEMPATH\Model.php(249): CodeIgniter\Database\BaseBuilder->get()
 4 SYSTEMPATH\BaseModel.php(622): CodeIgniter\Model->doFirst()
 5 APPPATH\Controllers\AuthenticationController.php(82): CodeIgniter\BaseModel->first()
 6 SYSTEMPATH\CodeIgniter.php(896): App\Controllers\AuthenticationController->Login()
 7 SYSTEMPATH\CodeIgniter.php(466): CodeIgniter\CodeIgniter->runController(Object(App\Controllers\AuthenticationController))
 8 SYSTEMPATH\CodeIgniter.php(349): CodeIgniter\CodeIgniter->handleRequest(null, Object(Config\Cache), false)
 9 FCPATH\index.php(55): CodeIgniter\CodeIgniter->run()
10 SYSTEMPATH\Commands\Server\rewrite.php(43): require_once('FCPATH\\index.php')
CRITICAL - 2023-01-11 23:45:45 --> Undefined array key "created_at"
in APPPATH\Views\riwayat-pelaporan.php on line 70.
 1 APPPATH\Views\riwayat-pelaporan.php(70): CodeIgniter\Debug\Exceptions->errorHandler(2, 'Undefined array key "created_at"', 'APPPATH\\Views\\riwayat-pelaporan.php', 70)
 2 SYSTEMPATH\View\View.php(213): include('APPPATH\\Views\\riwayat-pelaporan.php')
 3 SYSTEMPATH\View\View.php(216): CodeIgniter\View\View->CodeIgniter\View\{closure}()
 4 SYSTEMPATH\Common.php(1135): CodeIgniter\View\View->render('riwayat-pelaporan', [], true)
 5 APPPATH\Controllers\PagesController.php(73): view('riwayat-pelaporan', [...])
 6 SYSTEMPATH\CodeIgniter.php(896): App\Controllers\PagesController->riwayat_pelaporan()
 7 SYSTEMPATH\CodeIgniter.php(466): CodeIgniter\CodeIgniter->runController(Object(App\Controllers\PagesController))
 8 SYSTEMPATH\CodeIgniter.php(349): CodeIgniter\CodeIgniter->handleRequest(null, Object(Config\Cache), false)
 9 FCPATH\index.php(55): CodeIgniter\CodeIgniter->run()
10 SYSTEMPATH\Commands\Server\rewrite.php(43): require_once('FCPATH\\index.php')
CRITICAL - 2023-01-11 23:46:08 --> Undefined array key "id"
in APPPATH\Views\riwayat-pelaporan.php on line 70.
 1 APPPATH\Views\riwayat-pelaporan.php(70): CodeIgniter\Debug\Exceptions->errorHandler(2, 'Undefined array key "id"', 'APPPATH\\Views\\riwayat-pelaporan.php', 70)
 2 SYSTEMPATH\View\View.php(213): include('APPPATH\\Views\\riwayat-pelaporan.php')
 3 SYSTEMPATH\View\View.php(216): CodeIgniter\View\View->CodeIgniter\View\{closure}()
 4 SYSTEMPATH\Common.php(1135): CodeIgniter\View\View->render('riwayat-pelaporan', [], true)
 5 APPPATH\Controllers\PagesController.php(73): view('riwayat-pelaporan', [...])
 6 SYSTEMPATH\CodeIgniter.php(896): App\Controllers\PagesController->riwayat_pelaporan()
 7 SYSTEMPATH\CodeIgniter.php(466): CodeIgniter\CodeIgniter->runController(Object(App\Controllers\PagesController))
 8 SYSTEMPATH\CodeIgniter.php(349): CodeIgniter\CodeIgniter->handleRequest(null, Object(Config\Cache), false)
 9 FCPATH\index.php(55): CodeIgniter\CodeIgniter->run()
10 SYSTEMPATH\Commands\Server\rewrite.php(43): require_once('FCPATH\\index.php')
