CRITICAL - 2022-12-05 06:19:33 --> Undefined variable $id
in APPPATH\Views\users-profile.php on line 53.
 1 APPPATH\Views\users-profile.php(53): CodeIgniter\Debug\Exceptions->errorHandler(2, 'Undefined variable $id', 'APPPATH\\Views\\users-profile.php', 53)
 2 SYSTEMPATH\View\View.php(213): include('APPPATH\\Views\\users-profile.php')
 3 SYSTEMPATH\View\View.php(216): CodeIgniter\View\View->CodeIgniter\View\{closure}()
 4 SYSTEMPATH\Common.php(1135): CodeIgniter\View\View->render('users-profile', [], true)
 5 APPPATH\Controllers\PagesController.php(95): view('users-profile', [...])
 6 SYSTEMPATH\CodeIgniter.php(896): App\Controllers\PagesController->users_profile()
 7 SYSTEMPATH\CodeIgniter.php(466): CodeIgniter\CodeIgniter->runController(Object(App\Controllers\PagesController))
 8 SYSTEMPATH\CodeIgniter.php(349): CodeIgniter\CodeIgniter->handleRequest(null, Object(Config\Cache), false)
 9 FCPATH\index.php(55): CodeIgniter\CodeIgniter->run()
10 SYSTEMPATH\Commands\Server\rewrite.php(43): require_once('FCPATH\\index.php')
CRITICAL - 2022-12-05 06:19:36 --> Undefined variable $id
in APPPATH\Views\users-profile.php on line 53.
 1 APPPATH\Views\users-profile.php(53): CodeIgniter\Debug\Exceptions->errorHandler(2, 'Undefined variable $id', 'APPPATH\\Views\\users-profile.php', 53)
 2 SYSTEMPATH\View\View.php(213): include('APPPATH\\Views\\users-profile.php')
 3 SYSTEMPATH\View\View.php(216): CodeIgniter\View\View->CodeIgniter\View\{closure}()
 4 SYSTEMPATH\Common.php(1135): CodeIgniter\View\View->render('users-profile', [], true)
 5 APPPATH\Controllers\PagesController.php(95): view('users-profile', [...])
 6 SYSTEMPATH\CodeIgniter.php(896): App\Controllers\PagesController->users_profile()
 7 SYSTEMPATH\CodeIgniter.php(466): CodeIgniter\CodeIgniter->runController(Object(App\Controllers\PagesController))
 8 SYSTEMPATH\CodeIgniter.php(349): CodeIgniter\CodeIgniter->handleRequest(null, Object(Config\Cache), false)
 9 FCPATH\index.php(55): CodeIgniter\CodeIgniter->run()
10 SYSTEMPATH\Commands\Server\rewrite.php(43): require_once('FCPATH\\index.php')
CRITICAL - 2022-12-05 06:22:03 --> Undefined variable $id
in APPPATH\Views\users-profile.php on line 53.
 1 APPPATH\Views\users-profile.php(53): CodeIgniter\Debug\Exceptions->errorHandler(2, 'Undefined variable $id', 'APPPATH\\Views\\users-profile.php', 53)
 2 SYSTEMPATH\View\View.php(213): include('APPPATH\\Views\\users-profile.php')
 3 SYSTEMPATH\View\View.php(216): CodeIgniter\View\View->CodeIgniter\View\{closure}()
 4 SYSTEMPATH\Common.php(1135): CodeIgniter\View\View->render('users-profile', [], true)
 5 APPPATH\Controllers\PagesController.php(95): view('users-profile', [...])
 6 SYSTEMPATH\CodeIgniter.php(896): App\Controllers\PagesController->users_profile()
 7 SYSTEMPATH\CodeIgniter.php(466): CodeIgniter\CodeIgniter->runController(Object(App\Controllers\PagesController))
 8 SYSTEMPATH\CodeIgniter.php(349): CodeIgniter\CodeIgniter->handleRequest(null, Object(Config\Cache), false)
 9 FCPATH\index.php(55): CodeIgniter\CodeIgniter->run()
10 SYSTEMPATH\Commands\Server\rewrite.php(43): require_once('FCPATH\\index.php')
ERROR - 2022-12-05 06:25:27 --> Duplicate entry '' for key 'PRIMARY'
CRITICAL - 2022-12-05 06:25:27 --> Duplicate entry '' for key 'PRIMARY'
in SYSTEMPATH\Database\MySQLi\Connection.php on line 292.
 1 SYSTEMPATH\Database\MySQLi\Connection.php(292): mysqli->query('INSERT INTO `akun` (`nama`, `created_at`, `updated_at`) VALUES (\'Uchiha Fajar\', \'2022-12-05 06:25:27\', \'2022-12-05 06:25:27\')', 0)
 2 SYSTEMPATH\Database\BaseConnection.php(695): CodeIgniter\Database\MySQLi\Connection->execute('INSERT INTO `akun` (`nama`, `created_at`, `updated_at`) VALUES (\'Uchiha Fajar\', \'2022-12-05 06:25:27\', \'2022-12-05 06:25:27\')')
 3 SYSTEMPATH\Database\BaseConnection.php(609): CodeIgniter\Database\BaseConnection->simpleQuery('INSERT INTO `akun` (`nama`, `created_at`, `updated_at`) VALUES (\'Uchiha Fajar\', \'2022-12-05 06:25:27\', \'2022-12-05 06:25:27\')')
 4 SYSTEMPATH\Database\BaseBuilder.php(1904): CodeIgniter\Database\BaseConnection->query('INSERT INTO `akun` (`nama`, `created_at`, `updated_at`) VALUES (:nama:, :created_at:, :updated_at:)', [...], false)
 5 SYSTEMPATH\Model.php(278): CodeIgniter\Database\BaseBuilder->insert()
 6 SYSTEMPATH\BaseModel.php(738): CodeIgniter\Model->doInsert([...])
 7 SYSTEMPATH\Model.php(666): CodeIgniter\BaseModel->insert([...], false)
 8 SYSTEMPATH\BaseModel.php(658): CodeIgniter\Model->insert([...], false)
 9 APPPATH\Controllers\AuthenticationController.php(152): CodeIgniter\BaseModel->save([...])
10 SYSTEMPATH\CodeIgniter.php(896): App\Controllers\AuthenticationController->updateprofile()
11 SYSTEMPATH\CodeIgniter.php(466): CodeIgniter\CodeIgniter->runController(Object(App\Controllers\AuthenticationController))
12 SYSTEMPATH\CodeIgniter.php(349): CodeIgniter\CodeIgniter->handleRequest(null, Object(Config\Cache), false)
13 FCPATH\index.php(55): CodeIgniter\CodeIgniter->run()
14 SYSTEMPATH\Commands\Server\rewrite.php(43): require_once('FCPATH\\index.php')
ERROR - 2022-12-05 06:27:55 --> Duplicate entry '' for key 'PRIMARY'
CRITICAL - 2022-12-05 06:27:55 --> Duplicate entry '' for key 'PRIMARY'
in SYSTEMPATH\Database\MySQLi\Connection.php on line 292.
 1 SYSTEMPATH\Database\MySQLi\Connection.php(292): mysqli->query('INSERT INTO `akun` (`nama`, `created_at`, `updated_at`) VALUES (\'Fajar\', \'2022-12-05 06:27:55\', \'2022-12-05 06:27:55\')', 0)
 2 SYSTEMPATH\Database\BaseConnection.php(695): CodeIgniter\Database\MySQLi\Connection->execute('INSERT INTO `akun` (`nama`, `created_at`, `updated_at`) VALUES (\'Fajar\', \'2022-12-05 06:27:55\', \'2022-12-05 06:27:55\')')
 3 SYSTEMPATH\Database\BaseConnection.php(609): CodeIgniter\Database\BaseConnection->simpleQuery('INSERT INTO `akun` (`nama`, `created_at`, `updated_at`) VALUES (\'Fajar\', \'2022-12-05 06:27:55\', \'2022-12-05 06:27:55\')')
 4 SYSTEMPATH\Database\BaseBuilder.php(1904): CodeIgniter\Database\BaseConnection->query('INSERT INTO `akun` (`nama`, `created_at`, `updated_at`) VALUES (:nama:, :created_at:, :updated_at:)', [...], false)
 5 SYSTEMPATH\Model.php(278): CodeIgniter\Database\BaseBuilder->insert()
 6 SYSTEMPATH\BaseModel.php(738): CodeIgniter\Model->doInsert([...])
 7 SYSTEMPATH\Model.php(666): CodeIgniter\BaseModel->insert([...], false)
 8 SYSTEMPATH\BaseModel.php(658): CodeIgniter\Model->insert([...], false)
 9 APPPATH\Controllers\AuthenticationController.php(152): CodeIgniter\BaseModel->save([...])
10 SYSTEMPATH\CodeIgniter.php(896): App\Controllers\AuthenticationController->updateprofile('fajar@gmail.com')
11 SYSTEMPATH\CodeIgniter.php(466): CodeIgniter\CodeIgniter->runController(Object(App\Controllers\AuthenticationController))
12 SYSTEMPATH\CodeIgniter.php(349): CodeIgniter\CodeIgniter->handleRequest(null, Object(Config\Cache), false)
13 FCPATH\index.php(55): CodeIgniter\CodeIgniter->run()
14 SYSTEMPATH\Commands\Server\rewrite.php(43): require_once('FCPATH\\index.php')
CRITICAL - 2022-12-05 06:28:17 --> Undefined variable $id
in APPPATH\Views\users-profile.php on line 53.
 1 APPPATH\Views\users-profile.php(53): CodeIgniter\Debug\Exceptions->errorHandler(2, 'Undefined variable $id', 'APPPATH\\Views\\users-profile.php', 53)
 2 SYSTEMPATH\View\View.php(213): include('APPPATH\\Views\\users-profile.php')
 3 SYSTEMPATH\View\View.php(216): CodeIgniter\View\View->CodeIgniter\View\{closure}()
 4 SYSTEMPATH\Common.php(1135): CodeIgniter\View\View->render('users-profile', [], true)
 5 APPPATH\Controllers\PagesController.php(95): view('users-profile', [...])
 6 SYSTEMPATH\CodeIgniter.php(896): App\Controllers\PagesController->users_profile()
 7 SYSTEMPATH\CodeIgniter.php(466): CodeIgniter\CodeIgniter->runController(Object(App\Controllers\PagesController))
 8 SYSTEMPATH\CodeIgniter.php(349): CodeIgniter\CodeIgniter->handleRequest(null, Object(Config\Cache), false)
 9 FCPATH\index.php(55): CodeIgniter\CodeIgniter->run()
10 SYSTEMPATH\Commands\Server\rewrite.php(43): require_once('FCPATH\\index.php')
ERROR - 2022-12-05 06:40:42 --> Duplicate entry '' for key 'PRIMARY'
CRITICAL - 2022-12-05 06:40:42 --> Duplicate entry '' for key 'PRIMARY'
in SYSTEMPATH\Database\MySQLi\Connection.php on line 292.
 1 SYSTEMPATH\Database\MySQLi\Connection.php(292): mysqli->query('INSERT INTO `akun` (`nama`, `created_at`, `updated_at`) VALUES (\'Fajar \', \'2022-12-05 06:40:42\', \'2022-12-05 06:40:42\')', 0)
 2 SYSTEMPATH\Database\BaseConnection.php(695): CodeIgniter\Database\MySQLi\Connection->execute('INSERT INTO `akun` (`nama`, `created_at`, `updated_at`) VALUES (\'Fajar \', \'2022-12-05 06:40:42\', \'2022-12-05 06:40:42\')')
 3 SYSTEMPATH\Database\BaseConnection.php(609): CodeIgniter\Database\BaseConnection->simpleQuery('INSERT INTO `akun` (`nama`, `created_at`, `updated_at`) VALUES (\'Fajar \', \'2022-12-05 06:40:42\', \'2022-12-05 06:40:42\')')
 4 SYSTEMPATH\Database\BaseBuilder.php(1904): CodeIgniter\Database\BaseConnection->query('INSERT INTO `akun` (`nama`, `created_at`, `updated_at`) VALUES (:nama:, :created_at:, :updated_at:)', [...], false)
 5 SYSTEMPATH\Model.php(278): CodeIgniter\Database\BaseBuilder->insert()
 6 SYSTEMPATH\BaseModel.php(738): CodeIgniter\Model->doInsert([...])
 7 SYSTEMPATH\Model.php(666): CodeIgniter\BaseModel->insert([...], false)
 8 SYSTEMPATH\BaseModel.php(658): CodeIgniter\Model->insert([...], false)
 9 APPPATH\Controllers\AuthenticationController.php(150): CodeIgniter\BaseModel->save([...])
10 SYSTEMPATH\CodeIgniter.php(896): App\Controllers\AuthenticationController->updateprofile('Fajar Indrawan')
11 SYSTEMPATH\CodeIgniter.php(466): CodeIgniter\CodeIgniter->runController(Object(App\Controllers\AuthenticationController))
12 SYSTEMPATH\CodeIgniter.php(349): CodeIgniter\CodeIgniter->handleRequest(null, Object(Config\Cache), false)
13 FCPATH\index.php(55): CodeIgniter\CodeIgniter->run()
14 SYSTEMPATH\Commands\Server\rewrite.php(43): require_once('FCPATH\\index.php')
ERROR - 2022-12-05 06:40:51 --> Duplicate entry '' for key 'PRIMARY'
CRITICAL - 2022-12-05 06:40:51 --> Duplicate entry '' for key 'PRIMARY'
in SYSTEMPATH\Database\MySQLi\Connection.php on line 292.
 1 SYSTEMPATH\Database\MySQLi\Connection.php(292): mysqli->query('INSERT INTO `akun` (`nama`, `created_at`, `updated_at`) VALUES (\'Fajar 2\', \'2022-12-05 06:40:51\', \'2022-12-05 06:40:51\')', 0)
 2 SYSTEMPATH\Database\BaseConnection.php(695): CodeIgniter\Database\MySQLi\Connection->execute('INSERT INTO `akun` (`nama`, `created_at`, `updated_at`) VALUES (\'Fajar 2\', \'2022-12-05 06:40:51\', \'2022-12-05 06:40:51\')')
 3 SYSTEMPATH\Database\BaseConnection.php(609): CodeIgniter\Database\BaseConnection->simpleQuery('INSERT INTO `akun` (`nama`, `created_at`, `updated_at`) VALUES (\'Fajar 2\', \'2022-12-05 06:40:51\', \'2022-12-05 06:40:51\')')
 4 SYSTEMPATH\Database\BaseBuilder.php(1904): CodeIgniter\Database\BaseConnection->query('INSERT INTO `akun` (`nama`, `created_at`, `updated_at`) VALUES (:nama:, :created_at:, :updated_at:)', [...], false)
 5 SYSTEMPATH\Model.php(278): CodeIgniter\Database\BaseBuilder->insert()
 6 SYSTEMPATH\BaseModel.php(738): CodeIgniter\Model->doInsert([...])
 7 SYSTEMPATH\Model.php(666): CodeIgniter\BaseModel->insert([...], false)
 8 SYSTEMPATH\BaseModel.php(658): CodeIgniter\Model->insert([...], false)
 9 APPPATH\Controllers\AuthenticationController.php(150): CodeIgniter\BaseModel->save([...])
10 SYSTEMPATH\CodeIgniter.php(896): App\Controllers\AuthenticationController->updateprofile('Fajar Indrawan')
11 SYSTEMPATH\CodeIgniter.php(466): CodeIgniter\CodeIgniter->runController(Object(App\Controllers\AuthenticationController))
12 SYSTEMPATH\CodeIgniter.php(349): CodeIgniter\CodeIgniter->handleRequest(null, Object(Config\Cache), false)
13 FCPATH\index.php(55): CodeIgniter\CodeIgniter->run()
14 SYSTEMPATH\Commands\Server\rewrite.php(43): require_once('FCPATH\\index.php')
ERROR - 2022-12-05 06:45:49 --> Duplicate entry '' for key 'PRIMARY'
CRITICAL - 2022-12-05 06:45:49 --> Duplicate entry '' for key 'PRIMARY'
in SYSTEMPATH\Database\MySQLi\Connection.php on line 292.
 1 SYSTEMPATH\Database\MySQLi\Connection.php(292): mysqli->query('INSERT INTO `akun` (`nama`, `created_at`, `updated_at`) VALUES (\'Fajar Indrawan\', \'2022-12-05 06:45:49\', \'2022-12-05 06:45:49\')', 0)
 2 SYSTEMPATH\Database\BaseConnection.php(695): CodeIgniter\Database\MySQLi\Connection->execute('INSERT INTO `akun` (`nama`, `created_at`, `updated_at`) VALUES (\'Fajar Indrawan\', \'2022-12-05 06:45:49\', \'2022-12-05 06:45:49\')')
 3 SYSTEMPATH\Database\BaseConnection.php(609): CodeIgniter\Database\BaseConnection->simpleQuery('INSERT INTO `akun` (`nama`, `created_at`, `updated_at`) VALUES (\'Fajar Indrawan\', \'2022-12-05 06:45:49\', \'2022-12-05 06:45:49\')')
 4 SYSTEMPATH\Database\BaseBuilder.php(1904): CodeIgniter\Database\BaseConnection->query('INSERT INTO `akun` (`nama`, `created_at`, `updated_at`) VALUES (:nama:, :created_at:, :updated_at:)', [...], false)
 5 SYSTEMPATH\Model.php(278): CodeIgniter\Database\BaseBuilder->insert()
 6 SYSTEMPATH\BaseModel.php(738): CodeIgniter\Model->doInsert([...])
 7 SYSTEMPATH\Model.php(666): CodeIgniter\BaseModel->insert([...], false)
 8 SYSTEMPATH\BaseModel.php(658): CodeIgniter\Model->insert([...], false)
 9 APPPATH\Controllers\AuthenticationController.php(150): CodeIgniter\BaseModel->save([...])
10 SYSTEMPATH\CodeIgniter.php(896): App\Controllers\AuthenticationController->updateprofile('Fajar Indrawan')
11 SYSTEMPATH\CodeIgniter.php(466): CodeIgniter\CodeIgniter->runController(Object(App\Controllers\AuthenticationController))
12 SYSTEMPATH\CodeIgniter.php(349): CodeIgniter\CodeIgniter->handleRequest(null, Object(Config\Cache), false)
13 FCPATH\index.php(55): CodeIgniter\CodeIgniter->run()
14 SYSTEMPATH\Commands\Server\rewrite.php(43): require_once('FCPATH\\index.php')
CRITICAL - 2022-12-05 06:58:29 --> Undefined property: App\Controllers\AuthenticationController::$usersModel
in APPPATH\Controllers\AuthenticationController.php on line 144.
 1 APPPATH\Controllers\AuthenticationController.php(144): CodeIgniter\Debug\Exceptions->errorHandler(2, 'Undefined property: App\\Controllers\\AuthenticationController::$usersModel', 'APPPATH\\Controllers\\AuthenticationController.php', 144)
 2 SYSTEMPATH\CodeIgniter.php(896): App\Controllers\AuthenticationController->updateprofile()
 3 SYSTEMPATH\CodeIgniter.php(466): CodeIgniter\CodeIgniter->runController(Object(App\Controllers\AuthenticationController))
 4 SYSTEMPATH\CodeIgniter.php(349): CodeIgniter\CodeIgniter->handleRequest(null, Object(Config\Cache), false)
 5 FCPATH\index.php(55): CodeIgniter\CodeIgniter->run()
 6 SYSTEMPATH\Commands\Server\rewrite.php(43): require_once('FCPATH\\index.php')
ERROR - 2022-12-05 06:59:44 --> Duplicate entry '' for key 'PRIMARY'
CRITICAL - 2022-12-05 06:59:44 --> Duplicate entry '' for key 'PRIMARY'
in SYSTEMPATH\Database\MySQLi\Connection.php on line 292.
 1 SYSTEMPATH\Database\MySQLi\Connection.php(292): mysqli->query('INSERT INTO `akun` (`nama`, `created_at`, `updated_at`) VALUES (\'Fajar \', \'2022-12-05 06:59:44\', \'2022-12-05 06:59:44\')', 0)
 2 SYSTEMPATH\Database\BaseConnection.php(695): CodeIgniter\Database\MySQLi\Connection->execute('INSERT INTO `akun` (`nama`, `created_at`, `updated_at`) VALUES (\'Fajar \', \'2022-12-05 06:59:44\', \'2022-12-05 06:59:44\')')
 3 SYSTEMPATH\Database\BaseConnection.php(609): CodeIgniter\Database\BaseConnection->simpleQuery('INSERT INTO `akun` (`nama`, `created_at`, `updated_at`) VALUES (\'Fajar \', \'2022-12-05 06:59:44\', \'2022-12-05 06:59:44\')')
 4 SYSTEMPATH\Database\BaseBuilder.php(1904): CodeIgniter\Database\BaseConnection->query('INSERT INTO `akun` (`nama`, `created_at`, `updated_at`) VALUES (:nama:, :created_at:, :updated_at:)', [...], false)
 5 SYSTEMPATH\Model.php(278): CodeIgniter\Database\BaseBuilder->insert()
 6 SYSTEMPATH\BaseModel.php(738): CodeIgniter\Model->doInsert([...])
 7 SYSTEMPATH\Model.php(666): CodeIgniter\BaseModel->insert([...], false)
 8 SYSTEMPATH\BaseModel.php(658): CodeIgniter\Model->insert([...], false)
 9 APPPATH\Controllers\AuthenticationController.php(146): CodeIgniter\BaseModel->save([...])
10 SYSTEMPATH\CodeIgniter.php(896): App\Controllers\AuthenticationController->updateprofile('fajar@gmail.com')
11 SYSTEMPATH\CodeIgniter.php(466): CodeIgniter\CodeIgniter->runController(Object(App\Controllers\AuthenticationController))
12 SYSTEMPATH\CodeIgniter.php(349): CodeIgniter\CodeIgniter->handleRequest(null, Object(Config\Cache), false)
13 FCPATH\index.php(55): CodeIgniter\CodeIgniter->run()
14 SYSTEMPATH\Commands\Server\rewrite.php(43): require_once('FCPATH\\index.php')
ERROR - 2022-12-05 07:00:15 --> Duplicate entry '' for key 'PRIMARY'
CRITICAL - 2022-12-05 07:00:15 --> Duplicate entry '' for key 'PRIMARY'
in SYSTEMPATH\Database\MySQLi\Connection.php on line 292.
 1 SYSTEMPATH\Database\MySQLi\Connection.php(292): mysqli->query('INSERT INTO `akun` (`nama`, `created_at`, `updated_at`) VALUES (\'Fajar \', \'2022-12-05 07:00:15\', \'2022-12-05 07:00:15\')', 0)
 2 SYSTEMPATH\Database\BaseConnection.php(695): CodeIgniter\Database\MySQLi\Connection->execute('INSERT INTO `akun` (`nama`, `created_at`, `updated_at`) VALUES (\'Fajar \', \'2022-12-05 07:00:15\', \'2022-12-05 07:00:15\')')
 3 SYSTEMPATH\Database\BaseConnection.php(609): CodeIgniter\Database\BaseConnection->simpleQuery('INSERT INTO `akun` (`nama`, `created_at`, `updated_at`) VALUES (\'Fajar \', \'2022-12-05 07:00:15\', \'2022-12-05 07:00:15\')')
 4 SYSTEMPATH\Database\BaseBuilder.php(1904): CodeIgniter\Database\BaseConnection->query('INSERT INTO `akun` (`nama`, `created_at`, `updated_at`) VALUES (:nama:, :created_at:, :updated_at:)', [...], false)
 5 SYSTEMPATH\Model.php(278): CodeIgniter\Database\BaseBuilder->insert()
 6 SYSTEMPATH\BaseModel.php(738): CodeIgniter\Model->doInsert([...])
 7 SYSTEMPATH\Model.php(666): CodeIgniter\BaseModel->insert([...], false)
 8 SYSTEMPATH\BaseModel.php(658): CodeIgniter\Model->insert([...], false)
 9 APPPATH\Controllers\AuthenticationController.php(146): CodeIgniter\BaseModel->save([...])
10 SYSTEMPATH\CodeIgniter.php(896): App\Controllers\AuthenticationController->updateprofile('fajar@gmail.com')
11 SYSTEMPATH\CodeIgniter.php(466): CodeIgniter\CodeIgniter->runController(Object(App\Controllers\AuthenticationController))
12 SYSTEMPATH\CodeIgniter.php(349): CodeIgniter\CodeIgniter->handleRequest(null, Object(Config\Cache), false)
13 FCPATH\index.php(55): CodeIgniter\CodeIgniter->run()
14 SYSTEMPATH\Commands\Server\rewrite.php(43): require_once('FCPATH\\index.php')
ERROR - 2022-12-05 07:00:22 --> Duplicate entry '' for key 'PRIMARY'
CRITICAL - 2022-12-05 07:00:22 --> Duplicate entry '' for key 'PRIMARY'
in SYSTEMPATH\Database\MySQLi\Connection.php on line 292.
 1 SYSTEMPATH\Database\MySQLi\Connection.php(292): mysqli->query('INSERT INTO `akun` (`nama`, `created_at`, `updated_at`) VALUES (\'Fajar \', \'2022-12-05 07:00:22\', \'2022-12-05 07:00:22\')', 0)
 2 SYSTEMPATH\Database\BaseConnection.php(695): CodeIgniter\Database\MySQLi\Connection->execute('INSERT INTO `akun` (`nama`, `created_at`, `updated_at`) VALUES (\'Fajar \', \'2022-12-05 07:00:22\', \'2022-12-05 07:00:22\')')
 3 SYSTEMPATH\Database\BaseConnection.php(609): CodeIgniter\Database\BaseConnection->simpleQuery('INSERT INTO `akun` (`nama`, `created_at`, `updated_at`) VALUES (\'Fajar \', \'2022-12-05 07:00:22\', \'2022-12-05 07:00:22\')')
 4 SYSTEMPATH\Database\BaseBuilder.php(1904): CodeIgniter\Database\BaseConnection->query('INSERT INTO `akun` (`nama`, `created_at`, `updated_at`) VALUES (:nama:, :created_at:, :updated_at:)', [...], false)
 5 SYSTEMPATH\Model.php(278): CodeIgniter\Database\BaseBuilder->insert()
 6 SYSTEMPATH\BaseModel.php(738): CodeIgniter\Model->doInsert([...])
 7 SYSTEMPATH\Model.php(666): CodeIgniter\BaseModel->insert([...], false)
 8 SYSTEMPATH\BaseModel.php(658): CodeIgniter\Model->insert([...], false)
 9 APPPATH\Controllers\AuthenticationController.php(146): CodeIgniter\BaseModel->save([...])
10 SYSTEMPATH\CodeIgniter.php(896): App\Controllers\AuthenticationController->updateprofile('Fajar Indrawan')
11 SYSTEMPATH\CodeIgniter.php(466): CodeIgniter\CodeIgniter->runController(Object(App\Controllers\AuthenticationController))
12 SYSTEMPATH\CodeIgniter.php(349): CodeIgniter\CodeIgniter->handleRequest(null, Object(Config\Cache), false)
13 FCPATH\index.php(55): CodeIgniter\CodeIgniter->run()
14 SYSTEMPATH\Commands\Server\rewrite.php(43): require_once('FCPATH\\index.php')
ERROR - 2022-12-05 07:00:43 --> Duplicate entry '' for key 'PRIMARY'
CRITICAL - 2022-12-05 07:00:43 --> Duplicate entry '' for key 'PRIMARY'
in SYSTEMPATH\Database\MySQLi\Connection.php on line 292.
 1 SYSTEMPATH\Database\MySQLi\Connection.php(292): mysqli->query('INSERT INTO `akun` (`nama`, `created_at`, `updated_at`) VALUES (\'Fajar \', \'2022-12-05 07:00:43\', \'2022-12-05 07:00:43\')', 0)
 2 SYSTEMPATH\Database\BaseConnection.php(695): CodeIgniter\Database\MySQLi\Connection->execute('INSERT INTO `akun` (`nama`, `created_at`, `updated_at`) VALUES (\'Fajar \', \'2022-12-05 07:00:43\', \'2022-12-05 07:00:43\')')
 3 SYSTEMPATH\Database\BaseConnection.php(609): CodeIgniter\Database\BaseConnection->simpleQuery('INSERT INTO `akun` (`nama`, `created_at`, `updated_at`) VALUES (\'Fajar \', \'2022-12-05 07:00:43\', \'2022-12-05 07:00:43\')')
 4 SYSTEMPATH\Database\BaseBuilder.php(1904): CodeIgniter\Database\BaseConnection->query('INSERT INTO `akun` (`nama`, `created_at`, `updated_at`) VALUES (:nama:, :created_at:, :updated_at:)', [...], false)
 5 SYSTEMPATH\Model.php(278): CodeIgniter\Database\BaseBuilder->insert()
 6 SYSTEMPATH\BaseModel.php(738): CodeIgniter\Model->doInsert([...])
 7 SYSTEMPATH\Model.php(666): CodeIgniter\BaseModel->insert([...], false)
 8 SYSTEMPATH\BaseModel.php(658): CodeIgniter\Model->insert([...], false)
 9 APPPATH\Controllers\AuthenticationController.php(146): CodeIgniter\BaseModel->save([...])
10 SYSTEMPATH\CodeIgniter.php(896): App\Controllers\AuthenticationController->updateprofile('Fajar Indrawan')
11 SYSTEMPATH\CodeIgniter.php(466): CodeIgniter\CodeIgniter->runController(Object(App\Controllers\AuthenticationController))
12 SYSTEMPATH\CodeIgniter.php(349): CodeIgniter\CodeIgniter->handleRequest(null, Object(Config\Cache), false)
13 FCPATH\index.php(55): CodeIgniter\CodeIgniter->run()
14 SYSTEMPATH\Commands\Server\rewrite.php(43): require_once('FCPATH\\index.php')
ERROR - 2022-12-05 07:00:46 --> Duplicate entry '' for key 'PRIMARY'
CRITICAL - 2022-12-05 07:00:46 --> Duplicate entry '' for key 'PRIMARY'
in SYSTEMPATH\Database\MySQLi\Connection.php on line 292.
 1 SYSTEMPATH\Database\MySQLi\Connection.php(292): mysqli->query('INSERT INTO `akun` (`nama`, `created_at`, `updated_at`) VALUES (\'Fajar \', \'2022-12-05 07:00:46\', \'2022-12-05 07:00:46\')', 0)
 2 SYSTEMPATH\Database\BaseConnection.php(695): CodeIgniter\Database\MySQLi\Connection->execute('INSERT INTO `akun` (`nama`, `created_at`, `updated_at`) VALUES (\'Fajar \', \'2022-12-05 07:00:46\', \'2022-12-05 07:00:46\')')
 3 SYSTEMPATH\Database\BaseConnection.php(609): CodeIgniter\Database\BaseConnection->simpleQuery('INSERT INTO `akun` (`nama`, `created_at`, `updated_at`) VALUES (\'Fajar \', \'2022-12-05 07:00:46\', \'2022-12-05 07:00:46\')')
 4 SYSTEMPATH\Database\BaseBuilder.php(1904): CodeIgniter\Database\BaseConnection->query('INSERT INTO `akun` (`nama`, `created_at`, `updated_at`) VALUES (:nama:, :created_at:, :updated_at:)', [...], false)
 5 SYSTEMPATH\Model.php(278): CodeIgniter\Database\BaseBuilder->insert()
 6 SYSTEMPATH\BaseModel.php(738): CodeIgniter\Model->doInsert([...])
 7 SYSTEMPATH\Model.php(666): CodeIgniter\BaseModel->insert([...], false)
 8 SYSTEMPATH\BaseModel.php(658): CodeIgniter\Model->insert([...], false)
 9 APPPATH\Controllers\AuthenticationController.php(146): CodeIgniter\BaseModel->save([...])
10 SYSTEMPATH\CodeIgniter.php(896): App\Controllers\AuthenticationController->updateprofile('Fajar Indrawan')
11 SYSTEMPATH\CodeIgniter.php(466): CodeIgniter\CodeIgniter->runController(Object(App\Controllers\AuthenticationController))
12 SYSTEMPATH\CodeIgniter.php(349): CodeIgniter\CodeIgniter->handleRequest(null, Object(Config\Cache), false)
13 FCPATH\index.php(55): CodeIgniter\CodeIgniter->run()
14 SYSTEMPATH\Commands\Server\rewrite.php(43): require_once('FCPATH\\index.php')
ERROR - 2022-12-05 07:02:25 --> Duplicate entry '' for key 'PRIMARY'
CRITICAL - 2022-12-05 07:02:25 --> Duplicate entry '' for key 'PRIMARY'
in SYSTEMPATH\Database\MySQLi\Connection.php on line 292.
 1 SYSTEMPATH\Database\MySQLi\Connection.php(292): mysqli->query('INSERT INTO `akun` (`nama`, `created_at`, `updated_at`) VALUES (\'Fajar \', \'2022-12-05 07:02:25\', \'2022-12-05 07:02:25\')', 0)
 2 SYSTEMPATH\Database\BaseConnection.php(695): CodeIgniter\Database\MySQLi\Connection->execute('INSERT INTO `akun` (`nama`, `created_at`, `updated_at`) VALUES (\'Fajar \', \'2022-12-05 07:02:25\', \'2022-12-05 07:02:25\')')
 3 SYSTEMPATH\Database\BaseConnection.php(609): CodeIgniter\Database\BaseConnection->simpleQuery('INSERT INTO `akun` (`nama`, `created_at`, `updated_at`) VALUES (\'Fajar \', \'2022-12-05 07:02:25\', \'2022-12-05 07:02:25\')')
 4 SYSTEMPATH\Database\BaseBuilder.php(1904): CodeIgniter\Database\BaseConnection->query('INSERT INTO `akun` (`nama`, `created_at`, `updated_at`) VALUES (:nama:, :created_at:, :updated_at:)', [...], false)
 5 SYSTEMPATH\Model.php(278): CodeIgniter\Database\BaseBuilder->insert()
 6 SYSTEMPATH\BaseModel.php(738): CodeIgniter\Model->doInsert([...])
 7 SYSTEMPATH\Model.php(666): CodeIgniter\BaseModel->insert([...], false)
 8 SYSTEMPATH\BaseModel.php(658): CodeIgniter\Model->insert([...], false)
 9 APPPATH\Controllers\AuthenticationController.php(150): CodeIgniter\BaseModel->save([...])
10 SYSTEMPATH\CodeIgniter.php(896): App\Controllers\AuthenticationController->updateprofile('Fajar Indrawan')
11 SYSTEMPATH\CodeIgniter.php(466): CodeIgniter\CodeIgniter->runController(Object(App\Controllers\AuthenticationController))
12 SYSTEMPATH\CodeIgniter.php(349): CodeIgniter\CodeIgniter->handleRequest(null, Object(Config\Cache), false)
13 FCPATH\index.php(55): CodeIgniter\CodeIgniter->run()
14 SYSTEMPATH\Commands\Server\rewrite.php(43): require_once('FCPATH\\index.php')
CRITICAL - 2022-12-05 07:05:17 --> Undefined variable $emails
in APPPATH\Views\users-profile.php on line 53.
 1 APPPATH\Views\users-profile.php(53): CodeIgniter\Debug\Exceptions->errorHandler(2, 'Undefined variable $emails', 'APPPATH\\Views\\users-profile.php', 53)
 2 SYSTEMPATH\View\View.php(213): include('APPPATH\\Views\\users-profile.php')
 3 SYSTEMPATH\View\View.php(216): CodeIgniter\View\View->CodeIgniter\View\{closure}()
 4 SYSTEMPATH\Common.php(1135): CodeIgniter\View\View->render('users-profile', [], true)
 5 APPPATH\Controllers\PagesController.php(95): view('users-profile', [...])
 6 SYSTEMPATH\CodeIgniter.php(896): App\Controllers\PagesController->users_profile()
 7 SYSTEMPATH\CodeIgniter.php(466): CodeIgniter\CodeIgniter->runController(Object(App\Controllers\PagesController))
 8 SYSTEMPATH\CodeIgniter.php(349): CodeIgniter\CodeIgniter->handleRequest(null, Object(Config\Cache), false)
 9 FCPATH\index.php(55): CodeIgniter\CodeIgniter->run()
10 SYSTEMPATH\Commands\Server\rewrite.php(43): require_once('FCPATH\\index.php')
CRITICAL - 2022-12-05 07:06:36 --> Undefined variable $namas
in APPPATH\Views\users-profile.php on line 53.
 1 APPPATH\Views\users-profile.php(53): CodeIgniter\Debug\Exceptions->errorHandler(2, 'Undefined variable $namas', 'APPPATH\\Views\\users-profile.php', 53)
 2 SYSTEMPATH\View\View.php(213): include('APPPATH\\Views\\users-profile.php')
 3 SYSTEMPATH\View\View.php(216): CodeIgniter\View\View->CodeIgniter\View\{closure}()
 4 SYSTEMPATH\Common.php(1135): CodeIgniter\View\View->render('users-profile', [], true)
 5 APPPATH\Controllers\PagesController.php(95): view('users-profile', [...])
 6 SYSTEMPATH\CodeIgniter.php(896): App\Controllers\PagesController->users_profile()
 7 SYSTEMPATH\CodeIgniter.php(466): CodeIgniter\CodeIgniter->runController(Object(App\Controllers\PagesController))
 8 SYSTEMPATH\CodeIgniter.php(349): CodeIgniter\CodeIgniter->handleRequest(null, Object(Config\Cache), false)
 9 FCPATH\index.php(55): CodeIgniter\CodeIgniter->run()
10 SYSTEMPATH\Commands\Server\rewrite.php(43): require_once('FCPATH\\index.php')
CRITICAL - 2022-12-05 07:06:46 --> Undefined variable $namas
in APPPATH\Views\users-profile.php on line 53.
 1 APPPATH\Views\users-profile.php(53): CodeIgniter\Debug\Exceptions->errorHandler(2, 'Undefined variable $namas', 'APPPATH\\Views\\users-profile.php', 53)
 2 SYSTEMPATH\View\View.php(213): include('APPPATH\\Views\\users-profile.php')
 3 SYSTEMPATH\View\View.php(216): CodeIgniter\View\View->CodeIgniter\View\{closure}()
 4 SYSTEMPATH\Common.php(1135): CodeIgniter\View\View->render('users-profile', [], true)
 5 APPPATH\Controllers\PagesController.php(95): view('users-profile', [...])
 6 SYSTEMPATH\CodeIgniter.php(896): App\Controllers\PagesController->users_profile()
 7 SYSTEMPATH\CodeIgniter.php(466): CodeIgniter\CodeIgniter->runController(Object(App\Controllers\PagesController))
 8 SYSTEMPATH\CodeIgniter.php(349): CodeIgniter\CodeIgniter->handleRequest(null, Object(Config\Cache), false)
 9 FCPATH\index.php(55): CodeIgniter\CodeIgniter->run()
10 SYSTEMPATH\Commands\Server\rewrite.php(43): require_once('FCPATH\\index.php')
CRITICAL - 2022-12-05 07:06:55 --> Undefined variable $namas
in APPPATH\Views\users-profile.php on line 53.
 1 APPPATH\Views\users-profile.php(53): CodeIgniter\Debug\Exceptions->errorHandler(2, 'Undefined variable $namas', 'APPPATH\\Views\\users-profile.php', 53)
 2 SYSTEMPATH\View\View.php(213): include('APPPATH\\Views\\users-profile.php')
 3 SYSTEMPATH\View\View.php(216): CodeIgniter\View\View->CodeIgniter\View\{closure}()
 4 SYSTEMPATH\Common.php(1135): CodeIgniter\View\View->render('users-profile', [], true)
 5 APPPATH\Controllers\PagesController.php(95): view('users-profile', [...])
 6 SYSTEMPATH\CodeIgniter.php(896): App\Controllers\PagesController->users_profile()
 7 SYSTEMPATH\CodeIgniter.php(466): CodeIgniter\CodeIgniter->runController(Object(App\Controllers\PagesController))
 8 SYSTEMPATH\CodeIgniter.php(349): CodeIgniter\CodeIgniter->handleRequest(null, Object(Config\Cache), false)
 9 FCPATH\index.php(55): CodeIgniter\CodeIgniter->run()
10 SYSTEMPATH\Commands\Server\rewrite.php(43): require_once('FCPATH\\index.php')
ERROR - 2022-12-05 07:22:47 --> Duplicate entry 'fajar@gmail.com' for key 'PRIMARY'
CRITICAL - 2022-12-05 07:22:47 --> Duplicate entry 'fajar@gmail.com' for key 'PRIMARY'
in SYSTEMPATH\Database\MySQLi\Connection.php on line 292.
 1 SYSTEMPATH\Database\MySQLi\Connection.php(292): mysqli->query('INSERT INTO `akun` (`nama`, `email_pengguna`, `created_at`, `updated_at`) VALUES (\'Fajar\', \'fajar@gmail.com\', \'2022-12-05 07:22:47\', \'2022-12-05 07:22:47\')', 0)
 2 SYSTEMPATH\Database\BaseConnection.php(695): CodeIgniter\Database\MySQLi\Connection->execute('INSERT INTO `akun` (`nama`, `email_pengguna`, `created_at`, `updated_at`) VALUES (\'Fajar\', \'fajar@gmail.com\', \'2022-12-05 07:22:47\', \'2022-12-05 07:22:47\')')
 3 SYSTEMPATH\Database\BaseConnection.php(609): CodeIgniter\Database\BaseConnection->simpleQuery('INSERT INTO `akun` (`nama`, `email_pengguna`, `created_at`, `updated_at`) VALUES (\'Fajar\', \'fajar@gmail.com\', \'2022-12-05 07:22:47\', \'2022-12-05 07:22:47\')')
 4 SYSTEMPATH\Database\BaseBuilder.php(1904): CodeIgniter\Database\BaseConnection->query('INSERT INTO `akun` (`nama`, `email_pengguna`, `created_at`, `updated_at`) VALUES (:nama:, :email_pengguna:, :created_at:, :updated_at:)', [...], false)
 5 SYSTEMPATH\Model.php(278): CodeIgniter\Database\BaseBuilder->insert()
 6 SYSTEMPATH\BaseModel.php(738): CodeIgniter\Model->doInsert([...])
 7 SYSTEMPATH\Model.php(666): CodeIgniter\BaseModel->insert([...], false)
 8 SYSTEMPATH\BaseModel.php(658): CodeIgniter\Model->insert([...], false)
 9 APPPATH\Controllers\AuthenticationController.php(150): CodeIgniter\BaseModel->save([...])
10 SYSTEMPATH\CodeIgniter.php(896): App\Controllers\AuthenticationController->updateprofile()
11 SYSTEMPATH\CodeIgniter.php(466): CodeIgniter\CodeIgniter->runController(Object(App\Controllers\AuthenticationController))
12 SYSTEMPATH\CodeIgniter.php(349): CodeIgniter\CodeIgniter->handleRequest(null, Object(Config\Cache), false)
13 FCPATH\index.php(55): CodeIgniter\CodeIgniter->run()
14 SYSTEMPATH\Commands\Server\rewrite.php(43): require_once('FCPATH\\index.php')
ERROR - 2022-12-05 07:24:10 --> Duplicate entry 'fajar@gmail.com' for key 'PRIMARY'
CRITICAL - 2022-12-05 07:24:10 --> Duplicate entry 'fajar@gmail.com' for key 'PRIMARY'
in SYSTEMPATH\Database\MySQLi\Connection.php on line 292.
 1 SYSTEMPATH\Database\MySQLi\Connection.php(292): mysqli->query('INSERT INTO `akun` (`nama`, `email_pengguna`, `created_at`, `updated_at`) VALUES (\'Fajaraa\', \'fajar@gmail.com\', \'2022-12-05 07:24:10\', \'2022-12-05 07:24:10\')', 0)
 2 SYSTEMPATH\Database\BaseConnection.php(695): CodeIgniter\Database\MySQLi\Connection->execute('INSERT INTO `akun` (`nama`, `email_pengguna`, `created_at`, `updated_at`) VALUES (\'Fajaraa\', \'fajar@gmail.com\', \'2022-12-05 07:24:10\', \'2022-12-05 07:24:10\')')
 3 SYSTEMPATH\Database\BaseConnection.php(609): CodeIgniter\Database\BaseConnection->simpleQuery('INSERT INTO `akun` (`nama`, `email_pengguna`, `created_at`, `updated_at`) VALUES (\'Fajaraa\', \'fajar@gmail.com\', \'2022-12-05 07:24:10\', \'2022-12-05 07:24:10\')')
 4 SYSTEMPATH\Database\BaseBuilder.php(1904): CodeIgniter\Database\BaseConnection->query('INSERT INTO `akun` (`nama`, `email_pengguna`, `created_at`, `updated_at`) VALUES (:nama:, :email_pengguna:, :created_at:, :updated_at:)', [...], false)
 5 SYSTEMPATH\Model.php(278): CodeIgniter\Database\BaseBuilder->insert()
 6 SYSTEMPATH\BaseModel.php(738): CodeIgniter\Model->doInsert([...])
 7 SYSTEMPATH\Model.php(666): CodeIgniter\BaseModel->insert([...], false)
 8 SYSTEMPATH\BaseModel.php(658): CodeIgniter\Model->insert([...], false)
 9 APPPATH\Controllers\AuthenticationController.php(150): CodeIgniter\BaseModel->save([...])
10 SYSTEMPATH\CodeIgniter.php(896): App\Controllers\AuthenticationController->updateprofile()
11 SYSTEMPATH\CodeIgniter.php(466): CodeIgniter\CodeIgniter->runController(Object(App\Controllers\AuthenticationController))
12 SYSTEMPATH\CodeIgniter.php(349): CodeIgniter\CodeIgniter->handleRequest(null, Object(Config\Cache), false)
13 FCPATH\index.php(55): CodeIgniter\CodeIgniter->run()
14 SYSTEMPATH\Commands\Server\rewrite.php(43): require_once('FCPATH\\index.php')
ERROR - 2022-12-05 07:24:41 --> Duplicate entry '' for key 'PRIMARY'
CRITICAL - 2022-12-05 07:24:41 --> Duplicate entry '' for key 'PRIMARY'
in SYSTEMPATH\Database\MySQLi\Connection.php on line 292.
 1 SYSTEMPATH\Database\MySQLi\Connection.php(292): mysqli->query('INSERT INTO `akun` (`nama`, `created_at`, `updated_at`) VALUES (\'Fajar\', \'2022-12-05 07:24:41\', \'2022-12-05 07:24:41\')', 0)
 2 SYSTEMPATH\Database\BaseConnection.php(695): CodeIgniter\Database\MySQLi\Connection->execute('INSERT INTO `akun` (`nama`, `created_at`, `updated_at`) VALUES (\'Fajar\', \'2022-12-05 07:24:41\', \'2022-12-05 07:24:41\')')
 3 SYSTEMPATH\Database\BaseConnection.php(609): CodeIgniter\Database\BaseConnection->simpleQuery('INSERT INTO `akun` (`nama`, `created_at`, `updated_at`) VALUES (\'Fajar\', \'2022-12-05 07:24:41\', \'2022-12-05 07:24:41\')')
 4 SYSTEMPATH\Database\BaseBuilder.php(1904): CodeIgniter\Database\BaseConnection->query('INSERT INTO `akun` (`nama`, `created_at`, `updated_at`) VALUES (:nama:, :created_at:, :updated_at:)', [...], false)
 5 SYSTEMPATH\Model.php(278): CodeIgniter\Database\BaseBuilder->insert()
 6 SYSTEMPATH\BaseModel.php(738): CodeIgniter\Model->doInsert([...])
 7 SYSTEMPATH\Model.php(666): CodeIgniter\BaseModel->insert([...], false)
 8 SYSTEMPATH\BaseModel.php(658): CodeIgniter\Model->insert([...], false)
 9 APPPATH\Controllers\AuthenticationController.php(150): CodeIgniter\BaseModel->save([...])
10 SYSTEMPATH\CodeIgniter.php(896): App\Controllers\AuthenticationController->updateprofile()
11 SYSTEMPATH\CodeIgniter.php(466): CodeIgniter\CodeIgniter->runController(Object(App\Controllers\AuthenticationController))
12 SYSTEMPATH\CodeIgniter.php(349): CodeIgniter\CodeIgniter->handleRequest(null, Object(Config\Cache), false)
13 FCPATH\index.php(55): CodeIgniter\CodeIgniter->run()
14 SYSTEMPATH\Commands\Server\rewrite.php(43): require_once('FCPATH\\index.php')
ERROR - 2022-12-05 07:25:06 --> Duplicate entry '' for key 'PRIMARY'
CRITICAL - 2022-12-05 07:25:06 --> Duplicate entry '' for key 'PRIMARY'
in SYSTEMPATH\Database\MySQLi\Connection.php on line 292.
 1 SYSTEMPATH\Database\MySQLi\Connection.php(292): mysqli->query('INSERT INTO `akun` (`nama`, `created_at`, `updated_at`) VALUES (\'Fajar123\', \'2022-12-05 07:25:06\', \'2022-12-05 07:25:06\')', 0)
 2 SYSTEMPATH\Database\BaseConnection.php(695): CodeIgniter\Database\MySQLi\Connection->execute('INSERT INTO `akun` (`nama`, `created_at`, `updated_at`) VALUES (\'Fajar123\', \'2022-12-05 07:25:06\', \'2022-12-05 07:25:06\')')
 3 SYSTEMPATH\Database\BaseConnection.php(609): CodeIgniter\Database\BaseConnection->simpleQuery('INSERT INTO `akun` (`nama`, `created_at`, `updated_at`) VALUES (\'Fajar123\', \'2022-12-05 07:25:06\', \'2022-12-05 07:25:06\')')
 4 SYSTEMPATH\Database\BaseBuilder.php(1904): CodeIgniter\Database\BaseConnection->query('INSERT INTO `akun` (`nama`, `created_at`, `updated_at`) VALUES (:nama:, :created_at:, :updated_at:)', [...], false)
 5 SYSTEMPATH\Model.php(278): CodeIgniter\Database\BaseBuilder->insert()
 6 SYSTEMPATH\BaseModel.php(738): CodeIgniter\Model->doInsert([...])
 7 SYSTEMPATH\Model.php(666): CodeIgniter\BaseModel->insert([...], false)
 8 SYSTEMPATH\BaseModel.php(658): CodeIgniter\Model->insert([...], false)
 9 APPPATH\Controllers\AuthenticationController.php(150): CodeIgniter\BaseModel->save([...])
10 SYSTEMPATH\CodeIgniter.php(896): App\Controllers\AuthenticationController->updateprofile()
11 SYSTEMPATH\CodeIgniter.php(466): CodeIgniter\CodeIgniter->runController(Object(App\Controllers\AuthenticationController))
12 SYSTEMPATH\CodeIgniter.php(349): CodeIgniter\CodeIgniter->handleRequest(null, Object(Config\Cache), false)
13 FCPATH\index.php(55): CodeIgniter\CodeIgniter->run()
14 SYSTEMPATH\Commands\Server\rewrite.php(43): require_once('FCPATH\\index.php')
CRITICAL - 2022-12-05 07:27:09 --> password_hash(): Passing null to parameter #1 ($password) of type string is deprecated
in APPPATH\Controllers\AuthenticationController.php on line 151.
 1 [internal function]: CodeIgniter\Debug\Exceptions->errorHandler(8192, 'password_hash(): Passing null to parameter #1 ($password) of type string is deprecated', 'APPPATH\\Controllers\\AuthenticationController.php', 151)
 2 APPPATH\Controllers\AuthenticationController.php(151): password_hash(null, '2y')
 3 SYSTEMPATH\CodeIgniter.php(896): App\Controllers\AuthenticationController->updateprofile()
 4 SYSTEMPATH\CodeIgniter.php(466): CodeIgniter\CodeIgniter->runController(Object(App\Controllers\AuthenticationController))
 5 SYSTEMPATH\CodeIgniter.php(349): CodeIgniter\CodeIgniter->handleRequest(null, Object(Config\Cache), false)
 6 FCPATH\index.php(55): CodeIgniter\CodeIgniter->run()
 7 SYSTEMPATH\Commands\Server\rewrite.php(43): require_once('FCPATH\\index.php')
ERROR - 2022-12-05 07:27:23 --> Column 'tanggal_lahir' cannot be null
CRITICAL - 2022-12-05 07:27:23 --> Column 'tanggal_lahir' cannot be null
in SYSTEMPATH\Database\MySQLi\Connection.php on line 292.
 1 SYSTEMPATH\Database\MySQLi\Connection.php(292): mysqli->query('INSERT INTO `akun` (`nama`, `email_pengguna`, `tanggal_lahir`, `no_whatsapp`, `created_at`, `updated_at`) VALUES (\'Fajar\', \'fajar@gmail.com\', NULL, NULL, \'2022-12-05 07:27:23\', \'2022-12-05 07:27:23\')', 0)
 2 SYSTEMPATH\Database\BaseConnection.php(695): CodeIgniter\Database\MySQLi\Connection->execute('INSERT INTO `akun` (`nama`, `email_pengguna`, `tanggal_lahir`, `no_whatsapp`, `created_at`, `updated_at`) VALUES (\'Fajar\', \'fajar@gmail.com\', NULL, NULL, \'2022-12-05 07:27:23\', \'2022-12-05 07:27:23\')')
 3 SYSTEMPATH\Database\BaseConnection.php(609): CodeIgniter\Database\BaseConnection->simpleQuery('INSERT INTO `akun` (`nama`, `email_pengguna`, `tanggal_lahir`, `no_whatsapp`, `created_at`, `updated_at`) VALUES (\'Fajar\', \'fajar@gmail.com\', NULL, NULL, \'2022-12-05 07:27:23\', \'2022-12-05 07:27:23\')')
 4 SYSTEMPATH\Database\BaseBuilder.php(1904): CodeIgniter\Database\BaseConnection->query('INSERT INTO `akun` (`nama`, `email_pengguna`, `tanggal_lahir`, `no_whatsapp`, `created_at`, `updated_at`) VALUES (:nama:, :email_pengguna:, :tanggal_lahir:, :no_whatsapp:, :created_at:, :updated_at:)', [...], false)
 5 SYSTEMPATH\Model.php(278): CodeIgniter\Database\BaseBuilder->insert()
 6 SYSTEMPATH\BaseModel.php(738): CodeIgniter\Model->doInsert([...])
 7 SYSTEMPATH\Model.php(666): CodeIgniter\BaseModel->insert([...], false)
 8 SYSTEMPATH\BaseModel.php(658): CodeIgniter\Model->insert([...], false)
 9 APPPATH\Controllers\AuthenticationController.php(153): CodeIgniter\BaseModel->save([...])
10 SYSTEMPATH\CodeIgniter.php(896): App\Controllers\AuthenticationController->updateprofile()
11 SYSTEMPATH\CodeIgniter.php(466): CodeIgniter\CodeIgniter->runController(Object(App\Controllers\AuthenticationController))
12 SYSTEMPATH\CodeIgniter.php(349): CodeIgniter\CodeIgniter->handleRequest(null, Object(Config\Cache), false)
13 FCPATH\index.php(55): CodeIgniter\CodeIgniter->run()
14 SYSTEMPATH\Commands\Server\rewrite.php(43): require_once('FCPATH\\index.php')
ERROR - 2022-12-05 07:27:28 --> Column 'tanggal_lahir' cannot be null
CRITICAL - 2022-12-05 07:27:28 --> Column 'tanggal_lahir' cannot be null
in SYSTEMPATH\Database\MySQLi\Connection.php on line 292.
 1 SYSTEMPATH\Database\MySQLi\Connection.php(292): mysqli->query('INSERT INTO `akun` (`nama`, `email_pengguna`, `tanggal_lahir`, `no_whatsapp`, `created_at`, `updated_at`) VALUES (\'Fajar \', \'fajar@gmail.com\', NULL, NULL, \'2022-12-05 07:27:28\', \'2022-12-05 07:27:28\')', 0)
 2 SYSTEMPATH\Database\BaseConnection.php(695): CodeIgniter\Database\MySQLi\Connection->execute('INSERT INTO `akun` (`nama`, `email_pengguna`, `tanggal_lahir`, `no_whatsapp`, `created_at`, `updated_at`) VALUES (\'Fajar \', \'fajar@gmail.com\', NULL, NULL, \'2022-12-05 07:27:28\', \'2022-12-05 07:27:28\')')
 3 SYSTEMPATH\Database\BaseConnection.php(609): CodeIgniter\Database\BaseConnection->simpleQuery('INSERT INTO `akun` (`nama`, `email_pengguna`, `tanggal_lahir`, `no_whatsapp`, `created_at`, `updated_at`) VALUES (\'Fajar \', \'fajar@gmail.com\', NULL, NULL, \'2022-12-05 07:27:28\', \'2022-12-05 07:27:28\')')
 4 SYSTEMPATH\Database\BaseBuilder.php(1904): CodeIgniter\Database\BaseConnection->query('INSERT INTO `akun` (`nama`, `email_pengguna`, `tanggal_lahir`, `no_whatsapp`, `created_at`, `updated_at`) VALUES (:nama:, :email_pengguna:, :tanggal_lahir:, :no_whatsapp:, :created_at:, :updated_at:)', [...], false)
 5 SYSTEMPATH\Model.php(278): CodeIgniter\Database\BaseBuilder->insert()
 6 SYSTEMPATH\BaseModel.php(738): CodeIgniter\Model->doInsert([...])
 7 SYSTEMPATH\Model.php(666): CodeIgniter\BaseModel->insert([...], false)
 8 SYSTEMPATH\BaseModel.php(658): CodeIgniter\Model->insert([...], false)
 9 APPPATH\Controllers\AuthenticationController.php(153): CodeIgniter\BaseModel->save([...])
10 SYSTEMPATH\CodeIgniter.php(896): App\Controllers\AuthenticationController->updateprofile()
11 SYSTEMPATH\CodeIgniter.php(466): CodeIgniter\CodeIgniter->runController(Object(App\Controllers\AuthenticationController))
12 SYSTEMPATH\CodeIgniter.php(349): CodeIgniter\CodeIgniter->handleRequest(null, Object(Config\Cache), false)
13 FCPATH\index.php(55): CodeIgniter\CodeIgniter->run()
14 SYSTEMPATH\Commands\Server\rewrite.php(43): require_once('FCPATH\\index.php')
ERROR - 2022-12-05 07:27:45 --> Duplicate entry 'fajar@gmail.com' for key 'PRIMARY'
CRITICAL - 2022-12-05 07:27:45 --> Duplicate entry 'fajar@gmail.com' for key 'PRIMARY'
in SYSTEMPATH\Database\MySQLi\Connection.php on line 292.
 1 SYSTEMPATH\Database\MySQLi\Connection.php(292): mysqli->query('INSERT INTO `akun` (`nama`, `email_pengguna`, `created_at`, `updated_at`) VALUES (\'Fajar \', \'fajar@gmail.com\', \'2022-12-05 07:27:45\', \'2022-12-05 07:27:45\')', 0)
 2 SYSTEMPATH\Database\BaseConnection.php(695): CodeIgniter\Database\MySQLi\Connection->execute('INSERT INTO `akun` (`nama`, `email_pengguna`, `created_at`, `updated_at`) VALUES (\'Fajar \', \'fajar@gmail.com\', \'2022-12-05 07:27:45\', \'2022-12-05 07:27:45\')')
 3 SYSTEMPATH\Database\BaseConnection.php(609): CodeIgniter\Database\BaseConnection->simpleQuery('INSERT INTO `akun` (`nama`, `email_pengguna`, `created_at`, `updated_at`) VALUES (\'Fajar \', \'fajar@gmail.com\', \'2022-12-05 07:27:45\', \'2022-12-05 07:27:45\')')
 4 SYSTEMPATH\Database\BaseBuilder.php(1904): CodeIgniter\Database\BaseConnection->query('INSERT INTO `akun` (`nama`, `email_pengguna`, `created_at`, `updated_at`) VALUES (:nama:, :email_pengguna:, :created_at:, :updated_at:)', [...], false)
 5 SYSTEMPATH\Model.php(278): CodeIgniter\Database\BaseBuilder->insert()
 6 SYSTEMPATH\BaseModel.php(738): CodeIgniter\Model->doInsert([...])
 7 SYSTEMPATH\Model.php(666): CodeIgniter\BaseModel->insert([...], false)
 8 SYSTEMPATH\BaseModel.php(658): CodeIgniter\Model->insert([...], false)
 9 APPPATH\Controllers\AuthenticationController.php(150): CodeIgniter\BaseModel->save([...])
10 SYSTEMPATH\CodeIgniter.php(896): App\Controllers\AuthenticationController->updateprofile()
11 SYSTEMPATH\CodeIgniter.php(466): CodeIgniter\CodeIgniter->runController(Object(App\Controllers\AuthenticationController))
12 SYSTEMPATH\CodeIgniter.php(349): CodeIgniter\CodeIgniter->handleRequest(null, Object(Config\Cache), false)
13 FCPATH\index.php(55): CodeIgniter\CodeIgniter->run()
14 SYSTEMPATH\Commands\Server\rewrite.php(43): require_once('FCPATH\\index.php')
ERROR - 2022-12-05 07:27:58 --> Duplicate entry 'fajar@gmail.com' for key 'PRIMARY'
CRITICAL - 2022-12-05 07:27:58 --> Duplicate entry 'fajar@gmail.com' for key 'PRIMARY'
in SYSTEMPATH\Database\MySQLi\Connection.php on line 292.
 1 SYSTEMPATH\Database\MySQLi\Connection.php(292): mysqli->query('INSERT INTO `akun` (`nama`, `email_pengguna`, `created_at`, `updated_at`) VALUES (\'Fajar Indrawan\', \'fajar@gmail.com\', \'2022-12-05 07:27:58\', \'2022-12-05 07:27:58\')', 0)
 2 SYSTEMPATH\Database\BaseConnection.php(695): CodeIgniter\Database\MySQLi\Connection->execute('INSERT INTO `akun` (`nama`, `email_pengguna`, `created_at`, `updated_at`) VALUES (\'Fajar Indrawan\', \'fajar@gmail.com\', \'2022-12-05 07:27:58\', \'2022-12-05 07:27:58\')')
 3 SYSTEMPATH\Database\BaseConnection.php(609): CodeIgniter\Database\BaseConnection->simpleQuery('INSERT INTO `akun` (`nama`, `email_pengguna`, `created_at`, `updated_at`) VALUES (\'Fajar Indrawan\', \'fajar@gmail.com\', \'2022-12-05 07:27:58\', \'2022-12-05 07:27:58\')')
 4 SYSTEMPATH\Database\BaseBuilder.php(1904): CodeIgniter\Database\BaseConnection->query('INSERT INTO `akun` (`nama`, `email_pengguna`, `created_at`, `updated_at`) VALUES (:nama:, :email_pengguna:, :created_at:, :updated_at:)', [...], false)
 5 SYSTEMPATH\Model.php(278): CodeIgniter\Database\BaseBuilder->insert()
 6 SYSTEMPATH\BaseModel.php(738): CodeIgniter\Model->doInsert([...])
 7 SYSTEMPATH\Model.php(666): CodeIgniter\BaseModel->insert([...], false)
 8 SYSTEMPATH\BaseModel.php(658): CodeIgniter\Model->insert([...], false)
 9 APPPATH\Controllers\AuthenticationController.php(150): CodeIgniter\BaseModel->save([...])
10 SYSTEMPATH\CodeIgniter.php(896): App\Controllers\AuthenticationController->updateprofile()
11 SYSTEMPATH\CodeIgniter.php(466): CodeIgniter\CodeIgniter->runController(Object(App\Controllers\AuthenticationController))
12 SYSTEMPATH\CodeIgniter.php(349): CodeIgniter\CodeIgniter->handleRequest(null, Object(Config\Cache), false)
13 FCPATH\index.php(55): CodeIgniter\CodeIgniter->run()
14 SYSTEMPATH\Commands\Server\rewrite.php(43): require_once('FCPATH\\index.php')
CRITICAL - 2022-12-05 07:35:38 --> Too few arguments to function App\Controllers\AuthenticationController::updateprofile(), 0 passed in C:\xampp\htdocs\Lakjasi\system\CodeIgniter.php on line 896 and exactly 1 expected
in APPPATH\Controllers\AuthenticationController.php on line 142.
 1 SYSTEMPATH\CodeIgniter.php(896): App\Controllers\AuthenticationController->updateprofile()
 2 SYSTEMPATH\CodeIgniter.php(466): CodeIgniter\CodeIgniter->runController(Object(App\Controllers\AuthenticationController))
 3 SYSTEMPATH\CodeIgniter.php(349): CodeIgniter\CodeIgniter->handleRequest(null, Object(Config\Cache), false)
 4 FCPATH\index.php(55): CodeIgniter\CodeIgniter->run()
 5 SYSTEMPATH\Commands\Server\rewrite.php(43): require_once('FCPATH\\index.php')
CRITICAL - 2022-12-05 08:07:42 --> Undefined variable $id
in APPPATH\Views\users-profile.php on line 53.
 1 APPPATH\Views\users-profile.php(53): CodeIgniter\Debug\Exceptions->errorHandler(2, 'Undefined variable $id', 'APPPATH\\Views\\users-profile.php', 53)
 2 SYSTEMPATH\View\View.php(213): include('APPPATH\\Views\\users-profile.php')
 3 SYSTEMPATH\View\View.php(216): CodeIgniter\View\View->CodeIgniter\View\{closure}()
 4 SYSTEMPATH\Common.php(1135): CodeIgniter\View\View->render('users-profile', [], true)
 5 APPPATH\Controllers\PagesController.php(95): view('users-profile', [...])
 6 SYSTEMPATH\CodeIgniter.php(896): App\Controllers\PagesController->users_profile()
 7 SYSTEMPATH\CodeIgniter.php(466): CodeIgniter\CodeIgniter->runController(Object(App\Controllers\PagesController))
 8 SYSTEMPATH\CodeIgniter.php(349): CodeIgniter\CodeIgniter->handleRequest(null, Object(Config\Cache), false)
 9 FCPATH\index.php(55): CodeIgniter\CodeIgniter->run()
10 SYSTEMPATH\Commands\Server\rewrite.php(43): require_once('FCPATH\\index.php')
CRITICAL - 2022-12-05 08:08:45 --> Undefined variable $akunmodel
in APPPATH\Views\users-profile.php on line 53.
 1 APPPATH\Views\users-profile.php(53): CodeIgniter\Debug\Exceptions->errorHandler(2, 'Undefined variable $akunmodel', 'APPPATH\\Views\\users-profile.php', 53)
 2 SYSTEMPATH\View\View.php(213): include('APPPATH\\Views\\users-profile.php')
 3 SYSTEMPATH\View\View.php(216): CodeIgniter\View\View->CodeIgniter\View\{closure}()
 4 SYSTEMPATH\Common.php(1135): CodeIgniter\View\View->render('users-profile', [], true)
 5 APPPATH\Controllers\PagesController.php(95): view('users-profile', [...])
 6 SYSTEMPATH\CodeIgniter.php(896): App\Controllers\PagesController->users_profile()
 7 SYSTEMPATH\CodeIgniter.php(466): CodeIgniter\CodeIgniter->runController(Object(App\Controllers\PagesController))
 8 SYSTEMPATH\CodeIgniter.php(349): CodeIgniter\CodeIgniter->handleRequest(null, Object(Config\Cache), false)
 9 FCPATH\index.php(55): CodeIgniter\CodeIgniter->run()
10 SYSTEMPATH\Commands\Server\rewrite.php(43): require_once('FCPATH\\index.php')
CRITICAL - 2022-12-05 08:08:48 --> Undefined variable $akunmodel
in APPPATH\Views\users-profile.php on line 53.
 1 APPPATH\Views\users-profile.php(53): CodeIgniter\Debug\Exceptions->errorHandler(2, 'Undefined variable $akunmodel', 'APPPATH\\Views\\users-profile.php', 53)
 2 SYSTEMPATH\View\View.php(213): include('APPPATH\\Views\\users-profile.php')
 3 SYSTEMPATH\View\View.php(216): CodeIgniter\View\View->CodeIgniter\View\{closure}()
 4 SYSTEMPATH\Common.php(1135): CodeIgniter\View\View->render('users-profile', [], true)
 5 APPPATH\Controllers\PagesController.php(95): view('users-profile', [...])
 6 SYSTEMPATH\CodeIgniter.php(896): App\Controllers\PagesController->users_profile()
 7 SYSTEMPATH\CodeIgniter.php(466): CodeIgniter\CodeIgniter->runController(Object(App\Controllers\PagesController))
 8 SYSTEMPATH\CodeIgniter.php(349): CodeIgniter\CodeIgniter->handleRequest(null, Object(Config\Cache), false)
 9 FCPATH\index.php(55): CodeIgniter\CodeIgniter->run()
10 SYSTEMPATH\Commands\Server\rewrite.php(43): require_once('FCPATH\\index.php')
CRITICAL - 2022-12-05 08:12:45 --> Undefined variable $id
in APPPATH\Views\users-profile.php on line 53.
 1 APPPATH\Views\users-profile.php(53): CodeIgniter\Debug\Exceptions->errorHandler(2, 'Undefined variable $id', 'APPPATH\\Views\\users-profile.php', 53)
 2 SYSTEMPATH\View\View.php(213): include('APPPATH\\Views\\users-profile.php')
 3 SYSTEMPATH\View\View.php(216): CodeIgniter\View\View->CodeIgniter\View\{closure}()
 4 SYSTEMPATH\Common.php(1135): CodeIgniter\View\View->render('users-profile', [], true)
 5 APPPATH\Controllers\PagesController.php(95): view('users-profile', [...])
 6 SYSTEMPATH\CodeIgniter.php(896): App\Controllers\PagesController->users_profile()
 7 SYSTEMPATH\CodeIgniter.php(466): CodeIgniter\CodeIgniter->runController(Object(App\Controllers\PagesController))
 8 SYSTEMPATH\CodeIgniter.php(349): CodeIgniter\CodeIgniter->handleRequest(null, Object(Config\Cache), false)
 9 FCPATH\index.php(55): CodeIgniter\CodeIgniter->run()
10 SYSTEMPATH\Commands\Server\rewrite.php(43): require_once('FCPATH\\index.php')
CRITICAL - 2022-12-05 08:14:00 --> Undefined variable $user
in APPPATH\Views\users-profile.php on line 53.
 1 APPPATH\Views\users-profile.php(53): CodeIgniter\Debug\Exceptions->errorHandler(2, 'Undefined variable $user', 'APPPATH\\Views\\users-profile.php', 53)
 2 SYSTEMPATH\View\View.php(213): include('APPPATH\\Views\\users-profile.php')
 3 SYSTEMPATH\View\View.php(216): CodeIgniter\View\View->CodeIgniter\View\{closure}()
 4 SYSTEMPATH\Common.php(1135): CodeIgniter\View\View->render('users-profile', [], true)
 5 APPPATH\Controllers\PagesController.php(95): view('users-profile', [...])
 6 SYSTEMPATH\CodeIgniter.php(896): App\Controllers\PagesController->users_profile()
 7 SYSTEMPATH\CodeIgniter.php(466): CodeIgniter\CodeIgniter->runController(Object(App\Controllers\PagesController))
 8 SYSTEMPATH\CodeIgniter.php(349): CodeIgniter\CodeIgniter->handleRequest(null, Object(Config\Cache), false)
 9 FCPATH\index.php(55): CodeIgniter\CodeIgniter->run()
10 SYSTEMPATH\Commands\Server\rewrite.php(43): require_once('FCPATH\\index.php')
CRITICAL - 2022-12-05 08:14:24 --> Undefined variable $user
in APPPATH\Views\users-profile.php on line 53.
 1 APPPATH\Views\users-profile.php(53): CodeIgniter\Debug\Exceptions->errorHandler(2, 'Undefined variable $user', 'APPPATH\\Views\\users-profile.php', 53)
 2 SYSTEMPATH\View\View.php(213): include('APPPATH\\Views\\users-profile.php')
 3 SYSTEMPATH\View\View.php(216): CodeIgniter\View\View->CodeIgniter\View\{closure}()
 4 SYSTEMPATH\Common.php(1135): CodeIgniter\View\View->render('users-profile', [], true)
 5 APPPATH\Controllers\PagesController.php(95): view('users-profile', [...])
 6 SYSTEMPATH\CodeIgniter.php(896): App\Controllers\PagesController->users_profile()
 7 SYSTEMPATH\CodeIgniter.php(466): CodeIgniter\CodeIgniter->runController(Object(App\Controllers\PagesController))
 8 SYSTEMPATH\CodeIgniter.php(349): CodeIgniter\CodeIgniter->handleRequest(null, Object(Config\Cache), false)
 9 FCPATH\index.php(55): CodeIgniter\CodeIgniter->run()
10 SYSTEMPATH\Commands\Server\rewrite.php(43): require_once('FCPATH\\index.php')
CRITICAL - 2022-12-05 08:14:58 --> Undefined variable $id
in APPPATH\Views\users-profile.php on line 53.
 1 APPPATH\Views\users-profile.php(53): CodeIgniter\Debug\Exceptions->errorHandler(2, 'Undefined variable $id', 'APPPATH\\Views\\users-profile.php', 53)
 2 SYSTEMPATH\View\View.php(213): include('APPPATH\\Views\\users-profile.php')
 3 SYSTEMPATH\View\View.php(216): CodeIgniter\View\View->CodeIgniter\View\{closure}()
 4 SYSTEMPATH\Common.php(1135): CodeIgniter\View\View->render('users-profile', [], true)
 5 APPPATH\Controllers\PagesController.php(95): view('users-profile', [...])
 6 SYSTEMPATH\CodeIgniter.php(896): App\Controllers\PagesController->users_profile()
 7 SYSTEMPATH\CodeIgniter.php(466): CodeIgniter\CodeIgniter->runController(Object(App\Controllers\PagesController))
 8 SYSTEMPATH\CodeIgniter.php(349): CodeIgniter\CodeIgniter->handleRequest(null, Object(Config\Cache), false)
 9 FCPATH\index.php(55): CodeIgniter\CodeIgniter->run()
10 SYSTEMPATH\Commands\Server\rewrite.php(43): require_once('FCPATH\\index.php')
CRITICAL - 2022-12-05 08:14:59 --> Undefined variable $id
in APPPATH\Views\users-profile.php on line 53.
 1 APPPATH\Views\users-profile.php(53): CodeIgniter\Debug\Exceptions->errorHandler(2, 'Undefined variable $id', 'APPPATH\\Views\\users-profile.php', 53)
 2 SYSTEMPATH\View\View.php(213): include('APPPATH\\Views\\users-profile.php')
 3 SYSTEMPATH\View\View.php(216): CodeIgniter\View\View->CodeIgniter\View\{closure}()
 4 SYSTEMPATH\Common.php(1135): CodeIgniter\View\View->render('users-profile', [], true)
 5 APPPATH\Controllers\PagesController.php(95): view('users-profile', [...])
 6 SYSTEMPATH\CodeIgniter.php(896): App\Controllers\PagesController->users_profile()
 7 SYSTEMPATH\CodeIgniter.php(466): CodeIgniter\CodeIgniter->runController(Object(App\Controllers\PagesController))
 8 SYSTEMPATH\CodeIgniter.php(349): CodeIgniter\CodeIgniter->handleRequest(null, Object(Config\Cache), false)
 9 FCPATH\index.php(55): CodeIgniter\CodeIgniter->run()
10 SYSTEMPATH\Commands\Server\rewrite.php(43): require_once('FCPATH\\index.php')
CRITICAL - 2022-12-05 08:14:59 --> Undefined variable $id
in APPPATH\Views\users-profile.php on line 53.
 1 APPPATH\Views\users-profile.php(53): CodeIgniter\Debug\Exceptions->errorHandler(2, 'Undefined variable $id', 'APPPATH\\Views\\users-profile.php', 53)
 2 SYSTEMPATH\View\View.php(213): include('APPPATH\\Views\\users-profile.php')
 3 SYSTEMPATH\View\View.php(216): CodeIgniter\View\View->CodeIgniter\View\{closure}()
 4 SYSTEMPATH\Common.php(1135): CodeIgniter\View\View->render('users-profile', [], true)
 5 APPPATH\Controllers\PagesController.php(95): view('users-profile', [...])
 6 SYSTEMPATH\CodeIgniter.php(896): App\Controllers\PagesController->users_profile()
 7 SYSTEMPATH\CodeIgniter.php(466): CodeIgniter\CodeIgniter->runController(Object(App\Controllers\PagesController))
 8 SYSTEMPATH\CodeIgniter.php(349): CodeIgniter\CodeIgniter->handleRequest(null, Object(Config\Cache), false)
 9 FCPATH\index.php(55): CodeIgniter\CodeIgniter->run()
10 SYSTEMPATH\Commands\Server\rewrite.php(43): require_once('FCPATH\\index.php')
CRITICAL - 2022-12-05 08:14:59 --> Undefined variable $id
in APPPATH\Views\users-profile.php on line 53.
 1 APPPATH\Views\users-profile.php(53): CodeIgniter\Debug\Exceptions->errorHandler(2, 'Undefined variable $id', 'APPPATH\\Views\\users-profile.php', 53)
 2 SYSTEMPATH\View\View.php(213): include('APPPATH\\Views\\users-profile.php')
 3 SYSTEMPATH\View\View.php(216): CodeIgniter\View\View->CodeIgniter\View\{closure}()
 4 SYSTEMPATH\Common.php(1135): CodeIgniter\View\View->render('users-profile', [], true)
 5 APPPATH\Controllers\PagesController.php(95): view('users-profile', [...])
 6 SYSTEMPATH\CodeIgniter.php(896): App\Controllers\PagesController->users_profile()
 7 SYSTEMPATH\CodeIgniter.php(466): CodeIgniter\CodeIgniter->runController(Object(App\Controllers\PagesController))
 8 SYSTEMPATH\CodeIgniter.php(349): CodeIgniter\CodeIgniter->handleRequest(null, Object(Config\Cache), false)
 9 FCPATH\index.php(55): CodeIgniter\CodeIgniter->run()
10 SYSTEMPATH\Commands\Server\rewrite.php(43): require_once('FCPATH\\index.php')
CRITICAL - 2022-12-05 08:16:26 --> Undefined variable $users
in APPPATH\Views\users-profile.php on line 53.
 1 APPPATH\Views\users-profile.php(53): CodeIgniter\Debug\Exceptions->errorHandler(2, 'Undefined variable $users', 'APPPATH\\Views\\users-profile.php', 53)
 2 SYSTEMPATH\View\View.php(213): include('APPPATH\\Views\\users-profile.php')
 3 SYSTEMPATH\View\View.php(216): CodeIgniter\View\View->CodeIgniter\View\{closure}()
 4 SYSTEMPATH\Common.php(1135): CodeIgniter\View\View->render('users-profile', [], true)
 5 APPPATH\Controllers\PagesController.php(95): view('users-profile', [...])
 6 SYSTEMPATH\CodeIgniter.php(896): App\Controllers\PagesController->users_profile()
 7 SYSTEMPATH\CodeIgniter.php(466): CodeIgniter\CodeIgniter->runController(Object(App\Controllers\PagesController))
 8 SYSTEMPATH\CodeIgniter.php(349): CodeIgniter\CodeIgniter->handleRequest(null, Object(Config\Cache), false)
 9 FCPATH\index.php(55): CodeIgniter\CodeIgniter->run()
10 SYSTEMPATH\Commands\Server\rewrite.php(43): require_once('FCPATH\\index.php')
CRITICAL - 2022-12-05 08:17:29 --> Undefined variable $user
in APPPATH\Views\users-profile.php on line 53.
 1 APPPATH\Views\users-profile.php(53): CodeIgniter\Debug\Exceptions->errorHandler(2, 'Undefined variable $user', 'APPPATH\\Views\\users-profile.php', 53)
 2 SYSTEMPATH\View\View.php(213): include('APPPATH\\Views\\users-profile.php')
 3 SYSTEMPATH\View\View.php(216): CodeIgniter\View\View->CodeIgniter\View\{closure}()
 4 SYSTEMPATH\Common.php(1135): CodeIgniter\View\View->render('users-profile', [], true)
 5 APPPATH\Controllers\PagesController.php(95): view('users-profile', [...])
 6 SYSTEMPATH\CodeIgniter.php(896): App\Controllers\PagesController->users_profile()
 7 SYSTEMPATH\CodeIgniter.php(466): CodeIgniter\CodeIgniter->runController(Object(App\Controllers\PagesController))
 8 SYSTEMPATH\CodeIgniter.php(349): CodeIgniter\CodeIgniter->handleRequest(null, Object(Config\Cache), false)
 9 FCPATH\index.php(55): CodeIgniter\CodeIgniter->run()
10 SYSTEMPATH\Commands\Server\rewrite.php(43): require_once('FCPATH\\index.php')
CRITICAL - 2022-12-05 08:17:31 --> Undefined variable $user
in APPPATH\Views\users-profile.php on line 53.
 1 APPPATH\Views\users-profile.php(53): CodeIgniter\Debug\Exceptions->errorHandler(2, 'Undefined variable $user', 'APPPATH\\Views\\users-profile.php', 53)
 2 SYSTEMPATH\View\View.php(213): include('APPPATH\\Views\\users-profile.php')
 3 SYSTEMPATH\View\View.php(216): CodeIgniter\View\View->CodeIgniter\View\{closure}()
 4 SYSTEMPATH\Common.php(1135): CodeIgniter\View\View->render('users-profile', [], true)
 5 APPPATH\Controllers\PagesController.php(95): view('users-profile', [...])
 6 SYSTEMPATH\CodeIgniter.php(896): App\Controllers\PagesController->users_profile()
 7 SYSTEMPATH\CodeIgniter.php(466): CodeIgniter\CodeIgniter->runController(Object(App\Controllers\PagesController))
 8 SYSTEMPATH\CodeIgniter.php(349): CodeIgniter\CodeIgniter->handleRequest(null, Object(Config\Cache), false)
 9 FCPATH\index.php(55): CodeIgniter\CodeIgniter->run()
10 SYSTEMPATH\Commands\Server\rewrite.php(43): require_once('FCPATH\\index.php')
CRITICAL - 2022-12-05 08:18:23 --> Undefined variable $user
in APPPATH\Views\users-profile.php on line 53.
 1 APPPATH\Views\users-profile.php(53): CodeIgniter\Debug\Exceptions->errorHandler(2, 'Undefined variable $user', 'APPPATH\\Views\\users-profile.php', 53)
 2 SYSTEMPATH\View\View.php(213): include('APPPATH\\Views\\users-profile.php')
 3 SYSTEMPATH\View\View.php(216): CodeIgniter\View\View->CodeIgniter\View\{closure}()
 4 SYSTEMPATH\Common.php(1135): CodeIgniter\View\View->render('users-profile', [], true)
 5 APPPATH\Controllers\PagesController.php(95): view('users-profile', [...])
 6 SYSTEMPATH\CodeIgniter.php(896): App\Controllers\PagesController->users_profile()
 7 SYSTEMPATH\CodeIgniter.php(466): CodeIgniter\CodeIgniter->runController(Object(App\Controllers\PagesController))
 8 SYSTEMPATH\CodeIgniter.php(349): CodeIgniter\CodeIgniter->handleRequest(null, Object(Config\Cache), false)
 9 FCPATH\index.php(55): CodeIgniter\CodeIgniter->run()
10 SYSTEMPATH\Commands\Server\rewrite.php(43): require_once('FCPATH\\index.php')
ERROR - 2022-12-05 08:18:38 --> Duplicate entry 'fajar@gmail.com' for key 'PRIMARY'
CRITICAL - 2022-12-05 08:18:38 --> Duplicate entry 'fajar@gmail.com' for key 'PRIMARY'
in SYSTEMPATH\Database\MySQLi\Connection.php on line 292.
 1 SYSTEMPATH\Database\MySQLi\Connection.php(292): mysqli->query('INSERT INTO `akun` (`nama`, `email_pengguna`, `created_at`, `updated_at`) VALUES (\'Fajar\', \'fajar@gmail.com\', \'2022-12-05 08:18:38\', \'2022-12-05 08:18:38\')', 0)
 2 SYSTEMPATH\Database\BaseConnection.php(695): CodeIgniter\Database\MySQLi\Connection->execute('INSERT INTO `akun` (`nama`, `email_pengguna`, `created_at`, `updated_at`) VALUES (\'Fajar\', \'fajar@gmail.com\', \'2022-12-05 08:18:38\', \'2022-12-05 08:18:38\')')
 3 SYSTEMPATH\Database\BaseConnection.php(609): CodeIgniter\Database\BaseConnection->simpleQuery('INSERT INTO `akun` (`nama`, `email_pengguna`, `created_at`, `updated_at`) VALUES (\'Fajar\', \'fajar@gmail.com\', \'2022-12-05 08:18:38\', \'2022-12-05 08:18:38\')')
 4 SYSTEMPATH\Database\BaseBuilder.php(1904): CodeIgniter\Database\BaseConnection->query('INSERT INTO `akun` (`nama`, `email_pengguna`, `created_at`, `updated_at`) VALUES (:nama:, :email_pengguna:, :created_at:, :updated_at:)', [...], false)
 5 SYSTEMPATH\Model.php(278): CodeIgniter\Database\BaseBuilder->insert()
 6 SYSTEMPATH\BaseModel.php(738): CodeIgniter\Model->doInsert([...])
 7 SYSTEMPATH\Model.php(666): CodeIgniter\BaseModel->insert([...], false)
 8 SYSTEMPATH\BaseModel.php(658): CodeIgniter\Model->insert([...], false)
 9 APPPATH\Controllers\AuthenticationController.php(152): CodeIgniter\BaseModel->save([...])
10 SYSTEMPATH\CodeIgniter.php(896): App\Controllers\AuthenticationController->updateprofile(null)
11 SYSTEMPATH\CodeIgniter.php(466): CodeIgniter\CodeIgniter->runController(Object(App\Controllers\AuthenticationController))
12 SYSTEMPATH\CodeIgniter.php(349): CodeIgniter\CodeIgniter->handleRequest(null, Object(Config\Cache), false)
13 FCPATH\index.php(55): CodeIgniter\CodeIgniter->run()
14 SYSTEMPATH\Commands\Server\rewrite.php(43): require_once('FCPATH\\index.php')
ERROR - 2022-12-05 19:47:12 --> Duplicate entry 'fajar@gmail.com' for key 'PRIMARY'
CRITICAL - 2022-12-05 19:47:12 --> Duplicate entry 'fajar@gmail.com' for key 'PRIMARY'
in SYSTEMPATH\Database\MySQLi\Connection.php on line 292.
 1 SYSTEMPATH\Database\MySQLi\Connection.php(292): mysqli->query('INSERT INTO `akun` (`nama`, `email_pengguna`, `password`, `tanggal_lahir`, `no_whatsapp`, `role`, `status_active`, `created_at`, `updated_at`) VALUES (\'Fajar Indrawan\', \'fajar@gmail.com\', \'$2y$10$E/CJi2KV1USeoS9EW/fu0.C3NgYo.NL8WeNFakMJA9TYfkZGy7kp2\', \'2022-12-06\', \'6281936666426\', 2, 1, \'2022-12-05 19:47:12\', \'2022-12-05 19:47:12\')', 0)
 2 SYSTEMPATH\Database\BaseConnection.php(695): CodeIgniter\Database\MySQLi\Connection->execute('INSERT INTO `akun` (`nama`, `email_pengguna`, `password`, `tanggal_lahir`, `no_whatsapp`, `role`, `status_active`, `created_at`, `updated_at`) VALUES (\'Fajar Indrawan\', \'fajar@gmail.com\', \'$2y$10$E/CJi2KV1USeoS9EW/fu0.C3NgYo.NL8WeNFakMJA9TYfkZGy7kp2\', \'2022-12-06\', \'6281936666426\', 2, 1, \'2022-12-05 19:47:12\', \'2022-12-05 19:47:12\')')
 3 SYSTEMPATH\Database\BaseConnection.php(609): CodeIgniter\Database\BaseConnection->simpleQuery('INSERT INTO `akun` (`nama`, `email_pengguna`, `password`, `tanggal_lahir`, `no_whatsapp`, `role`, `status_active`, `created_at`, `updated_at`) VALUES (\'Fajar Indrawan\', \'fajar@gmail.com\', \'$2y$10$E/CJi2KV1USeoS9EW/fu0.C3NgYo.NL8WeNFakMJA9TYfkZGy7kp2\', \'2022-12-06\', \'6281936666426\', 2, 1, \'2022-12-05 19:47:12\', \'2022-12-05 19:47:12\')')
 4 SYSTEMPATH\Database\BaseBuilder.php(1904): CodeIgniter\Database\BaseConnection->query('INSERT INTO `akun` (`nama`, `email_pengguna`, `password`, `tanggal_lahir`, `no_whatsapp`, `role`, `status_active`, `created_at`, `updated_at`) VALUES (:nama:, :email_pengguna:, :password:, :tanggal_lahir:, :no_whatsapp:, :role:, :status_active:, :created_at:, :updated_at:)', [...], false)
 5 SYSTEMPATH\Model.php(278): CodeIgniter\Database\BaseBuilder->insert()
 6 SYSTEMPATH\BaseModel.php(738): CodeIgniter\Model->doInsert([...])
 7 SYSTEMPATH\Model.php(666): CodeIgniter\BaseModel->insert([...], false)
 8 SYSTEMPATH\BaseModel.php(658): CodeIgniter\Model->insert([...], false)
 9 APPPATH\Controllers\AuthenticationController.php(65): CodeIgniter\BaseModel->save([...])
10 SYSTEMPATH\CodeIgniter.php(896): App\Controllers\AuthenticationController->Register()
11 SYSTEMPATH\CodeIgniter.php(466): CodeIgniter\CodeIgniter->runController(Object(App\Controllers\AuthenticationController))
12 SYSTEMPATH\CodeIgniter.php(349): CodeIgniter\CodeIgniter->handleRequest(null, Object(Config\Cache), false)
13 FCPATH\index.php(55): CodeIgniter\CodeIgniter->run()
14 SYSTEMPATH\Commands\Server\rewrite.php(43): require_once('FCPATH\\index.php')
CRITICAL - 2022-12-05 20:51:10 --> Undefined constant "assets"
in APPPATH\Views\pages-blank.php on line 21.
 1 SYSTEMPATH\View\View.php(213): include()
 2 SYSTEMPATH\View\View.php(216): CodeIgniter\View\View->CodeIgniter\View\{closure}()
 3 SYSTEMPATH\Common.php(1135): CodeIgniter\View\View->render('pages-blank', [], true)
 4 APPPATH\Controllers\PagesController.php(104): view('pages-blank', [...])
 5 SYSTEMPATH\CodeIgniter.php(896): App\Controllers\PagesController->blank()
 6 SYSTEMPATH\CodeIgniter.php(466): CodeIgniter\CodeIgniter->runController(Object(App\Controllers\PagesController))
 7 SYSTEMPATH\CodeIgniter.php(349): CodeIgniter\CodeIgniter->handleRequest(null, Object(Config\Cache), false)
 8 FCPATH\index.php(55): CodeIgniter\CodeIgniter->run()
 9 SYSTEMPATH\Commands\Server\rewrite.php(43): require_once('FCPATH\\index.php')
CRITICAL - 2022-12-05 20:51:11 --> Undefined constant "assets"
in APPPATH\Views\pages-blank.php on line 21.
 1 SYSTEMPATH\View\View.php(213): include()
 2 SYSTEMPATH\View\View.php(216): CodeIgniter\View\View->CodeIgniter\View\{closure}()
 3 SYSTEMPATH\Common.php(1135): CodeIgniter\View\View->render('pages-blank', [], true)
 4 APPPATH\Controllers\PagesController.php(104): view('pages-blank', [...])
 5 SYSTEMPATH\CodeIgniter.php(896): App\Controllers\PagesController->blank()
 6 SYSTEMPATH\CodeIgniter.php(466): CodeIgniter\CodeIgniter->runController(Object(App\Controllers\PagesController))
 7 SYSTEMPATH\CodeIgniter.php(349): CodeIgniter\CodeIgniter->handleRequest(null, Object(Config\Cache), false)
 8 FCPATH\index.php(55): CodeIgniter\CodeIgniter->run()
 9 SYSTEMPATH\Commands\Server\rewrite.php(43): require_once('FCPATH\\index.php')
