CRITICAL - 2023-02-17 01:20:10 --> syntax error, unexpected end of file, expecting "elseif" or "else" or "endif"
in APPPATH\Views\data-users.php on line 173.
 1 SYSTEMPATH\View\View.php(216): CodeIgniter\View\View->CodeIgniter\View\{closure}()
 2 SYSTEMPATH\Common.php(1135): CodeIgniter\View\View->render('data-users', [], true)
 3 APPPATH\Controllers\PagesController.php(129): view('data-users', [...])
 4 SYSTEMPATH\CodeIgniter.php(896): App\Controllers\PagesController->data_users()
 5 SYSTEMPATH\CodeIgniter.php(466): CodeIgniter\CodeIgniter->runController(Object(App\Controllers\PagesController))
 6 SYSTEMPATH\CodeIgniter.php(349): CodeIgniter\CodeIgniter->handleRequest(null, Object(Config\Cache), false)
 7 FCPATH\index.php(55): CodeIgniter\CodeIgniter->run()
 8 SYSTEMPATH\Commands\Server\rewrite.php(43): require_once('FCPATH\\index.php')
ERROR - 2023-02-17 02:26:46 --> Error connecting to the database: No connection could be made because the target machine actively refused it
CRITICAL - 2023-02-17 02:26:46 --> Unable to connect to the database.
Main connection [MySQLi]: No connection could be made because the target machine actively refused it
in SYSTEMPATH\Database\BaseConnection.php on line 416.
 1 SYSTEMPATH\Database\BaseConnection.php(586): CodeIgniter\Database\BaseConnection->initialize()
 2 APPPATH\Models\AkunModel.php(15): CodeIgniter\Database\BaseConnection->query('SELECT * FROM akun WHERE role = 2')
 3 APPPATH\Controllers\PagesController.php(52): App\Models\AkunModel->getAllAkun()
 4 SYSTEMPATH\CodeIgniter.php(896): App\Controllers\PagesController->dashboard()
 5 SYSTEMPATH\CodeIgniter.php(466): CodeIgniter\CodeIgniter->runController(Object(App\Controllers\PagesController))
 6 SYSTEMPATH\CodeIgniter.php(349): CodeIgniter\CodeIgniter->handleRequest(null, Object(Config\Cache), false)
 7 FCPATH\index.php(55): CodeIgniter\CodeIgniter->run()
 8 SYSTEMPATH\Commands\Server\rewrite.php(43): require_once('FCPATH\\index.php')
ERROR - 2023-02-17 02:27:05 --> Error connecting to the database: No connection could be made because the target machine actively refused it
CRITICAL - 2023-02-17 02:27:05 --> Unable to connect to the database.
Main connection [MySQLi]: No connection could be made because the target machine actively refused it
in SYSTEMPATH\Database\BaseConnection.php on line 416.
 1 SYSTEMPATH\Database\BaseConnection.php(586): CodeIgniter\Database\BaseConnection->initialize()
 2 APPPATH\Models\AkunModel.php(15): CodeIgniter\Database\BaseConnection->query('SELECT * FROM akun WHERE role = 2')
 3 APPPATH\Controllers\PagesController.php(52): App\Models\AkunModel->getAllAkun()
 4 SYSTEMPATH\CodeIgniter.php(896): App\Controllers\PagesController->dashboard()
 5 SYSTEMPATH\CodeIgniter.php(466): CodeIgniter\CodeIgniter->runController(Object(App\Controllers\PagesController))
 6 SYSTEMPATH\CodeIgniter.php(349): CodeIgniter\CodeIgniter->handleRequest(null, Object(Config\Cache), false)
 7 FCPATH\index.php(55): CodeIgniter\CodeIgniter->run()
 8 SYSTEMPATH\Commands\Server\rewrite.php(43): require_once('FCPATH\\index.php')
