CRITICAL - 2022-11-11 03:20:58 --> Invalid file: Templates/admin.php
in SYSTEMPATH\Exceptions\FrameworkException.php on line 33.
 1 SYSTEMPATH\View\View.php(201): CodeIgniter\Exceptions\FrameworkException::forInvalidFile('Templates/admin.php')
 2 SYSTEMPATH\View\View.php(229): CodeIgniter\View\View->render('Templates/admin', [], true)
 3 SYSTEMPATH\Common.php(1135): CodeIgniter\View\View->render('dashboard', [], true)
 4 APPPATH\Controllers\PagesController.php(53): view('dashboard', [...])
 5 SYSTEMPATH\CodeIgniter.php(896): App\Controllers\PagesController->dashboard()
 6 SYSTEMPATH\CodeIgniter.php(466): CodeIgniter\CodeIgniter->runController(Object(App\Controllers\PagesController))
 7 SYSTEMPATH\CodeIgniter.php(349): CodeIgniter\CodeIgniter->handleRequest(null, Object(Config\Cache), false)
 8 FCPATH\index.php(55): CodeIgniter\CodeIgniter->run()
 9 SYSTEMPATH\Commands\Server\rewrite.php(43): require_once('FCPATH\\index.php')
CRITICAL - 2022-11-11 03:23:23 --> Invalid file: Templates/admin.php
in SYSTEMPATH\Exceptions\FrameworkException.php on line 33.
 1 SYSTEMPATH\View\View.php(201): CodeIgniter\Exceptions\FrameworkException::forInvalidFile('Templates/admin.php')
 2 SYSTEMPATH\View\View.php(229): CodeIgniter\View\View->render('Templates/admin', [], true)
 3 SYSTEMPATH\Common.php(1135): CodeIgniter\View\View->render('dashboard', [], true)
 4 APPPATH\Controllers\PagesController.php(53): view('dashboard', [...])
 5 SYSTEMPATH\CodeIgniter.php(896): App\Controllers\PagesController->dashboard()
 6 SYSTEMPATH\CodeIgniter.php(466): CodeIgniter\CodeIgniter->runController(Object(App\Controllers\PagesController))
 7 SYSTEMPATH\CodeIgniter.php(349): CodeIgniter\CodeIgniter->handleRequest(null, Object(Config\Cache), false)
 8 FCPATH\index.php(55): CodeIgniter\CodeIgniter->run()
 9 SYSTEMPATH\Commands\Server\rewrite.php(43): require_once('FCPATH\\index.php')
CRITICAL - 2022-11-11 03:25:13 --> Invalid file: Templates/admin.php
in SYSTEMPATH\Exceptions\FrameworkException.php on line 33.
 1 SYSTEMPATH\View\View.php(201): CodeIgniter\Exceptions\FrameworkException::forInvalidFile('Templates/admin.php')
 2 SYSTEMPATH\View\View.php(229): CodeIgniter\View\View->render('Templates/admin', [], true)
 3 SYSTEMPATH\Common.php(1135): CodeIgniter\View\View->render('dashboard', [], true)
 4 APPPATH\Controllers\PagesController.php(53): view('dashboard', [...])
 5 SYSTEMPATH\CodeIgniter.php(896): App\Controllers\PagesController->dashboard()
 6 SYSTEMPATH\CodeIgniter.php(466): CodeIgniter\CodeIgniter->runController(Object(App\Controllers\PagesController))
 7 SYSTEMPATH\CodeIgniter.php(349): CodeIgniter\CodeIgniter->handleRequest(null, Object(Config\Cache), false)
 8 FCPATH\index.php(55): CodeIgniter\CodeIgniter->run()
 9 SYSTEMPATH\Commands\Server\rewrite.php(43): require_once('FCPATH\\index.php')
CRITICAL - 2022-11-11 03:31:46 --> Invalid file: Templates/admin.php
in SYSTEMPATH\Exceptions\FrameworkException.php on line 33.
 1 SYSTEMPATH\View\View.php(201): CodeIgniter\Exceptions\FrameworkException::forInvalidFile('Templates/admin.php')
 2 SYSTEMPATH\View\View.php(229): CodeIgniter\View\View->render('Templates/admin', [], true)
 3 SYSTEMPATH\Common.php(1135): CodeIgniter\View\View->render('users-profile', [], true)
 4 APPPATH\Controllers\PagesController.php(87): view('users-profile', [...])
 5 SYSTEMPATH\CodeIgniter.php(896): App\Controllers\PagesController->users_profile()
 6 SYSTEMPATH\CodeIgniter.php(466): CodeIgniter\CodeIgniter->runController(Object(App\Controllers\PagesController))
 7 SYSTEMPATH\CodeIgniter.php(349): CodeIgniter\CodeIgniter->handleRequest(null, Object(Config\Cache), false)
 8 FCPATH\index.php(55): CodeIgniter\CodeIgniter->run()
 9 SYSTEMPATH\Commands\Server\rewrite.php(43): require_once('FCPATH\\index.php')
CRITICAL - 2022-11-11 03:31:58 --> Invalid file: Templates/admin.php
in SYSTEMPATH\Exceptions\FrameworkException.php on line 33.
 1 SYSTEMPATH\View\View.php(201): CodeIgniter\Exceptions\FrameworkException::forInvalidFile('Templates/admin.php')
 2 SYSTEMPATH\View\View.php(229): CodeIgniter\View\View->render('Templates/admin', [], true)
 3 SYSTEMPATH\Common.php(1135): CodeIgniter\View\View->render('users-profile', [], true)
 4 APPPATH\Controllers\PagesController.php(87): view('users-profile', [...])
 5 SYSTEMPATH\CodeIgniter.php(896): App\Controllers\PagesController->users_profile()
 6 SYSTEMPATH\CodeIgniter.php(466): CodeIgniter\CodeIgniter->runController(Object(App\Controllers\PagesController))
 7 SYSTEMPATH\CodeIgniter.php(349): CodeIgniter\CodeIgniter->handleRequest(null, Object(Config\Cache), false)
 8 FCPATH\index.php(55): CodeIgniter\CodeIgniter->run()
 9 SYSTEMPATH\Commands\Server\rewrite.php(43): require_once('FCPATH\\index.php')
CRITICAL - 2022-11-11 03:33:45 --> Invalid file: Templates/admin.php
in SYSTEMPATH\Exceptions\FrameworkException.php on line 33.
 1 SYSTEMPATH\View\View.php(201): CodeIgniter\Exceptions\FrameworkException::forInvalidFile('Templates/admin.php')
 2 SYSTEMPATH\View\View.php(229): CodeIgniter\View\View->render('Templates/admin', [], true)
 3 SYSTEMPATH\Common.php(1135): CodeIgniter\View\View->render('users-profile', [], true)
 4 APPPATH\Controllers\PagesController.php(87): view('users-profile', [...])
 5 SYSTEMPATH\CodeIgniter.php(896): App\Controllers\PagesController->users_profile()
 6 SYSTEMPATH\CodeIgniter.php(466): CodeIgniter\CodeIgniter->runController(Object(App\Controllers\PagesController))
 7 SYSTEMPATH\CodeIgniter.php(349): CodeIgniter\CodeIgniter->handleRequest(null, Object(Config\Cache), false)
 8 FCPATH\index.php(55): CodeIgniter\CodeIgniter->run()
 9 SYSTEMPATH\Commands\Server\rewrite.php(43): require_once('FCPATH\\index.php')
CRITICAL - 2022-11-11 03:33:46 --> Invalid file: Templates/admin.php
in SYSTEMPATH\Exceptions\FrameworkException.php on line 33.
 1 SYSTEMPATH\View\View.php(201): CodeIgniter\Exceptions\FrameworkException::forInvalidFile('Templates/admin.php')
 2 SYSTEMPATH\View\View.php(229): CodeIgniter\View\View->render('Templates/admin', [], true)
 3 SYSTEMPATH\Common.php(1135): CodeIgniter\View\View->render('users-profile', [], true)
 4 APPPATH\Controllers\PagesController.php(87): view('users-profile', [...])
 5 SYSTEMPATH\CodeIgniter.php(896): App\Controllers\PagesController->users_profile()
 6 SYSTEMPATH\CodeIgniter.php(466): CodeIgniter\CodeIgniter->runController(Object(App\Controllers\PagesController))
 7 SYSTEMPATH\CodeIgniter.php(349): CodeIgniter\CodeIgniter->handleRequest(null, Object(Config\Cache), false)
 8 FCPATH\index.php(55): CodeIgniter\CodeIgniter->run()
 9 SYSTEMPATH\Commands\Server\rewrite.php(43): require_once('FCPATH\\index.php')
CRITICAL - 2022-11-11 03:34:26 --> Invalid file: Templates/admin.php
in SYSTEMPATH\Exceptions\FrameworkException.php on line 33.
 1 SYSTEMPATH\View\View.php(201): CodeIgniter\Exceptions\FrameworkException::forInvalidFile('Templates/admin.php')
 2 SYSTEMPATH\View\View.php(229): CodeIgniter\View\View->render('Templates/admin', [], true)
 3 SYSTEMPATH\Common.php(1135): CodeIgniter\View\View->render('users-profile', [], true)
 4 APPPATH\Controllers\PagesController.php(87): view('users-profile', [...])
 5 SYSTEMPATH\CodeIgniter.php(896): App\Controllers\PagesController->users_profile()
 6 SYSTEMPATH\CodeIgniter.php(466): CodeIgniter\CodeIgniter->runController(Object(App\Controllers\PagesController))
 7 SYSTEMPATH\CodeIgniter.php(349): CodeIgniter\CodeIgniter->handleRequest(null, Object(Config\Cache), false)
 8 FCPATH\index.php(55): CodeIgniter\CodeIgniter->run()
 9 SYSTEMPATH\Commands\Server\rewrite.php(43): require_once('FCPATH\\index.php')
CRITICAL - 2022-11-11 03:37:54 --> Invalid file: Templates/admin.php
in SYSTEMPATH\Exceptions\FrameworkException.php on line 33.
 1 SYSTEMPATH\View\View.php(201): CodeIgniter\Exceptions\FrameworkException::forInvalidFile('Templates/admin.php')
 2 SYSTEMPATH\View\View.php(229): CodeIgniter\View\View->render('Templates/admin', [], true)
 3 SYSTEMPATH\Common.php(1135): CodeIgniter\View\View->render('users-profile', [], true)
 4 APPPATH\Controllers\PagesController.php(87): view('users-profile', [...])
 5 SYSTEMPATH\CodeIgniter.php(896): App\Controllers\PagesController->users_profile()
 6 SYSTEMPATH\CodeIgniter.php(466): CodeIgniter\CodeIgniter->runController(Object(App\Controllers\PagesController))
 7 SYSTEMPATH\CodeIgniter.php(349): CodeIgniter\CodeIgniter->handleRequest(null, Object(Config\Cache), false)
 8 FCPATH\index.php(55): CodeIgniter\CodeIgniter->run()
 9 SYSTEMPATH\Commands\Server\rewrite.php(43): require_once('FCPATH\\index.php')
CRITICAL - 2022-11-11 03:38:30 --> Invalid file: Templates/admin.php
in SYSTEMPATH\Exceptions\FrameworkException.php on line 33.
 1 SYSTEMPATH\View\View.php(201): CodeIgniter\Exceptions\FrameworkException::forInvalidFile('Templates/admin.php')
 2 SYSTEMPATH\View\View.php(229): CodeIgniter\View\View->render('Templates/admin', [], true)
 3 SYSTEMPATH\Common.php(1135): CodeIgniter\View\View->render('users-profile', [], true)
 4 APPPATH\Controllers\PagesController.php(87): view('users-profile', [...])
 5 SYSTEMPATH\CodeIgniter.php(896): App\Controllers\PagesController->users_profile()
 6 SYSTEMPATH\CodeIgniter.php(466): CodeIgniter\CodeIgniter->runController(Object(App\Controllers\PagesController))
 7 SYSTEMPATH\CodeIgniter.php(349): CodeIgniter\CodeIgniter->handleRequest(null, Object(Config\Cache), false)
 8 FCPATH\index.php(55): CodeIgniter\CodeIgniter->run()
 9 SYSTEMPATH\Commands\Server\rewrite.php(43): require_once('FCPATH\\index.php')
