ERROR - 2023-01-24 17:48:17 --> Error connecting to the database: No connection could be made because the target machine actively refused it
CRITICAL - 2023-01-24 17:48:17 --> Unable to connect to the database.
Main connection [MySQLi]: No connection could be made because the target machine actively refused it
in SYSTEMPATH\Database\BaseConnection.php on line 416.
 1 SYSTEMPATH\Database\BaseConnection.php(586): CodeIgniter\Database\BaseConnection->initialize()
 2 SYSTEMPATH\Database\BaseBuilder.php(1585): CodeIgniter\Database\BaseConnection->query('SELECT *
FROM `akun`
WHERE `email_pengguna` = :email_pengguna:
 LIMIT 1', [...], false)
 3 SYSTEMPATH\Model.php(249): CodeIgniter\Database\BaseBuilder->get()
 4 SYSTEMPATH\BaseModel.php(622): CodeIgniter\Model->doFirst()
 5 APPPATH\Controllers\AuthenticationController.php(85): CodeIgniter\BaseModel->first()
 6 SYSTEMPATH\CodeIgniter.php(896): App\Controllers\AuthenticationController->Login()
 7 SYSTEMPATH\CodeIgniter.php(466): CodeIgniter\CodeIgniter->runController(Object(App\Controllers\AuthenticationController))
 8 SYSTEMPATH\CodeIgniter.php(349): CodeIgniter\CodeIgniter->handleRequest(null, Object(Config\Cache), false)
 9 FCPATH\index.php(55): CodeIgniter\CodeIgniter->run()
10 SYSTEMPATH\Commands\Server\rewrite.php(43): require_once('FCPATH\\index.php')
CRITICAL - 2023-01-24 21:30:06 --> Undefined variable $akun
in APPPATH\Views\data-users.php on line 90.
 1 APPPATH\Views\data-users.php(90): CodeIgniter\Debug\Exceptions->errorHandler(2, 'Undefined variable $akun', 'APPPATH\\Views\\data-users.php', 90)
 2 SYSTEMPATH\View\View.php(213): include('APPPATH\\Views\\data-users.php')
 3 SYSTEMPATH\View\View.php(216): CodeIgniter\View\View->CodeIgniter\View\{closure}()
 4 SYSTEMPATH\Common.php(1135): CodeIgniter\View\View->render('data-users', [], true)
 5 APPPATH\Controllers\PagesController.php(119): view('data-users', [...])
 6 SYSTEMPATH\CodeIgniter.php(896): App\Controllers\PagesController->data_users()
 7 SYSTEMPATH\CodeIgniter.php(466): CodeIgniter\CodeIgniter->runController(Object(App\Controllers\PagesController))
 8 SYSTEMPATH\CodeIgniter.php(349): CodeIgniter\CodeIgniter->handleRequest(null, Object(Config\Cache), false)
 9 FCPATH\index.php(55): CodeIgniter\CodeIgniter->run()
10 SYSTEMPATH\Commands\Server\rewrite.php(43): require_once('FCPATH\\index.php')
CRITICAL - 2023-01-24 21:32:45 --> Undefined variable $role
in APPPATH\Views\data-users.php on line 90.
 1 APPPATH\Views\data-users.php(90): CodeIgniter\Debug\Exceptions->errorHandler(2, 'Undefined variable $role', 'APPPATH\\Views\\data-users.php', 90)
 2 SYSTEMPATH\View\View.php(213): include('APPPATH\\Views\\data-users.php')
 3 SYSTEMPATH\View\View.php(216): CodeIgniter\View\View->CodeIgniter\View\{closure}()
 4 SYSTEMPATH\Common.php(1135): CodeIgniter\View\View->render('data-users', [], true)
 5 APPPATH\Controllers\PagesController.php(119): view('data-users', [...])
 6 SYSTEMPATH\CodeIgniter.php(896): App\Controllers\PagesController->data_users()
 7 SYSTEMPATH\CodeIgniter.php(466): CodeIgniter\CodeIgniter->runController(Object(App\Controllers\PagesController))
 8 SYSTEMPATH\CodeIgniter.php(349): CodeIgniter\CodeIgniter->handleRequest(null, Object(Config\Cache), false)
 9 FCPATH\index.php(55): CodeIgniter\CodeIgniter->run()
10 SYSTEMPATH\Commands\Server\rewrite.php(43): require_once('FCPATH\\index.php')
CRITICAL - 2023-01-24 21:32:49 --> Undefined variable $akun
in APPPATH\Views\data-users.php on line 90.
 1 APPPATH\Views\data-users.php(90): CodeIgniter\Debug\Exceptions->errorHandler(2, 'Undefined variable $akun', 'APPPATH\\Views\\data-users.php', 90)
 2 SYSTEMPATH\View\View.php(213): include('APPPATH\\Views\\data-users.php')
 3 SYSTEMPATH\View\View.php(216): CodeIgniter\View\View->CodeIgniter\View\{closure}()
 4 SYSTEMPATH\Common.php(1135): CodeIgniter\View\View->render('data-users', [], true)
 5 APPPATH\Controllers\PagesController.php(119): view('data-users', [...])
 6 SYSTEMPATH\CodeIgniter.php(896): App\Controllers\PagesController->data_users()
 7 SYSTEMPATH\CodeIgniter.php(466): CodeIgniter\CodeIgniter->runController(Object(App\Controllers\PagesController))
 8 SYSTEMPATH\CodeIgniter.php(349): CodeIgniter\CodeIgniter->handleRequest(null, Object(Config\Cache), false)
 9 FCPATH\index.php(55): CodeIgniter\CodeIgniter->run()
10 SYSTEMPATH\Commands\Server\rewrite.php(43): require_once('FCPATH\\index.php')
CRITICAL - 2023-01-24 21:32:54 --> Undefined variable $statuspelaporan
in APPPATH\Views\data-users.php on line 90.
 1 APPPATH\Views\data-users.php(90): CodeIgniter\Debug\Exceptions->errorHandler(2, 'Undefined variable $statuspelaporan', 'APPPATH\\Views\\data-users.php', 90)
 2 SYSTEMPATH\View\View.php(213): include('APPPATH\\Views\\data-users.php')
 3 SYSTEMPATH\View\View.php(216): CodeIgniter\View\View->CodeIgniter\View\{closure}()
 4 SYSTEMPATH\Common.php(1135): CodeIgniter\View\View->render('data-users', [], true)
 5 APPPATH\Controllers\PagesController.php(119): view('data-users', [...])
 6 SYSTEMPATH\CodeIgniter.php(896): App\Controllers\PagesController->data_users()
 7 SYSTEMPATH\CodeIgniter.php(466): CodeIgniter\CodeIgniter->runController(Object(App\Controllers\PagesController))
 8 SYSTEMPATH\CodeIgniter.php(349): CodeIgniter\CodeIgniter->handleRequest(null, Object(Config\Cache), false)
 9 FCPATH\index.php(55): CodeIgniter\CodeIgniter->run()
10 SYSTEMPATH\Commands\Server\rewrite.php(43): require_once('FCPATH\\index.php')
CRITICAL - 2023-01-24 21:32:59 --> Undefined variable $status_pelaporan
in APPPATH\Views\data-users.php on line 90.
 1 APPPATH\Views\data-users.php(90): CodeIgniter\Debug\Exceptions->errorHandler(2, 'Undefined variable $status_pelaporan', 'APPPATH\\Views\\data-users.php', 90)
 2 SYSTEMPATH\View\View.php(213): include('APPPATH\\Views\\data-users.php')
 3 SYSTEMPATH\View\View.php(216): CodeIgniter\View\View->CodeIgniter\View\{closure}()
 4 SYSTEMPATH\Common.php(1135): CodeIgniter\View\View->render('data-users', [], true)
 5 APPPATH\Controllers\PagesController.php(119): view('data-users', [...])
 6 SYSTEMPATH\CodeIgniter.php(896): App\Controllers\PagesController->data_users()
 7 SYSTEMPATH\CodeIgniter.php(466): CodeIgniter\CodeIgniter->runController(Object(App\Controllers\PagesController))
 8 SYSTEMPATH\CodeIgniter.php(349): CodeIgniter\CodeIgniter->handleRequest(null, Object(Config\Cache), false)
 9 FCPATH\index.php(55): CodeIgniter\CodeIgniter->run()
10 SYSTEMPATH\Commands\Server\rewrite.php(43): require_once('FCPATH\\index.php')
