ERROR - 2023-02-20 23:27:36 --> Error connecting to the database: No connection could be made because the target machine actively refused it
CRITICAL - 2023-02-20 23:27:36 --> Unable to connect to the database.
Main connection [MySQLi]: No connection could be made because the target machine actively refused it
in SYSTEMPATH\Database\BaseConnection.php on line 416.
 1 SYSTEMPATH\Database\BaseConnection.php(586): CodeIgniter\Database\BaseConnection->initialize()
 2 SYSTEMPATH\Database\BaseBuilder.php(1585): CodeIgniter\Database\BaseConnection->query('SELECT *
FROM `akun`
WHERE `email_pengguna` = :email_pengguna:
 LIMIT 1', [...], false)
 3 SYSTEMPATH\Model.php(249): CodeIgniter\Database\BaseBuilder->get()
 4 SYSTEMPATH\BaseModel.php(622): CodeIgniter\Model->doFirst()
 5 APPPATH\Controllers\AuthenticationController.php(86): CodeIgniter\BaseModel->first()
 6 SYSTEMPATH\CodeIgniter.php(896): App\Controllers\AuthenticationController->Login()
 7 SYSTEMPATH\CodeIgniter.php(466): CodeIgniter\CodeIgniter->runController(Object(App\Controllers\AuthenticationController))
 8 SYSTEMPATH\CodeIgniter.php(349): CodeIgniter\CodeIgniter->handleRequest(null, Object(Config\Cache), false)
 9 FCPATH\index.php(55): CodeIgniter\CodeIgniter->run()
10 SYSTEMPATH\Commands\Server\rewrite.php(43): require_once('FCPATH\\index.php')
CRITICAL - 2023-02-20 23:43:04 --> Undefined variable $pelaporan
in APPPATH\Views\dashboard.php on line 109.
 1 APPPATH\Views\dashboard.php(109): CodeIgniter\Debug\Exceptions->errorHandler(2, 'Undefined variable $pelaporan', 'APPPATH\\Views\\dashboard.php', 109)
 2 SYSTEMPATH\View\View.php(213): include('APPPATH\\Views\\dashboard.php')
 3 SYSTEMPATH\View\View.php(216): CodeIgniter\View\View->CodeIgniter\View\{closure}()
 4 SYSTEMPATH\Common.php(1135): CodeIgniter\View\View->render('dashboard', [], true)
 5 APPPATH\Controllers\PagesController.php(55): view('dashboard', [...])
 6 SYSTEMPATH\CodeIgniter.php(896): App\Controllers\PagesController->dashboard()
 7 SYSTEMPATH\CodeIgniter.php(466): CodeIgniter\CodeIgniter->runController(Object(App\Controllers\PagesController))
 8 SYSTEMPATH\CodeIgniter.php(349): CodeIgniter\CodeIgniter->handleRequest(null, Object(Config\Cache), false)
 9 FCPATH\index.php(55): CodeIgniter\CodeIgniter->run()
10 SYSTEMPATH\Commands\Server\rewrite.php(43): require_once('FCPATH\\index.php')
CRITICAL - 2023-02-20 23:45:44 --> Call to undefined method App\Models\AkunModel::getLatLong
in SYSTEMPATH\Model.php on line 773.
 1 APPPATH\Controllers\PagesController.php(53): CodeIgniter\Model->__call('getLatLong', [])
 2 SYSTEMPATH\CodeIgniter.php(896): App\Controllers\PagesController->dashboard()
 3 SYSTEMPATH\CodeIgniter.php(466): CodeIgniter\CodeIgniter->runController(Object(App\Controllers\PagesController))
 4 SYSTEMPATH\CodeIgniter.php(349): CodeIgniter\CodeIgniter->handleRequest(null, Object(Config\Cache), false)
 5 FCPATH\index.php(55): CodeIgniter\CodeIgniter->run()
 6 SYSTEMPATH\Commands\Server\rewrite.php(43): require_once('FCPATH\\index.php')
CRITICAL - 2023-02-20 23:45:45 --> Call to undefined method App\Models\AkunModel::getLatLong
in SYSTEMPATH\Model.php on line 773.
 1 APPPATH\Controllers\PagesController.php(53): CodeIgniter\Model->__call('getLatLong', [])
 2 SYSTEMPATH\CodeIgniter.php(896): App\Controllers\PagesController->dashboard()
 3 SYSTEMPATH\CodeIgniter.php(466): CodeIgniter\CodeIgniter->runController(Object(App\Controllers\PagesController))
 4 SYSTEMPATH\CodeIgniter.php(349): CodeIgniter\CodeIgniter->handleRequest(null, Object(Config\Cache), false)
 5 FCPATH\index.php(55): CodeIgniter\CodeIgniter->run()
 6 SYSTEMPATH\Commands\Server\rewrite.php(43): require_once('FCPATH\\index.php')
CRITICAL - 2023-02-20 23:46:00 --> Call to undefined method App\Models\PelaporanModel::getLatLong
in SYSTEMPATH\Model.php on line 773.
 1 APPPATH\Controllers\PagesController.php(53): CodeIgniter\Model->__call('getLatLong', [])
 2 SYSTEMPATH\CodeIgniter.php(896): App\Controllers\PagesController->dashboard()
 3 SYSTEMPATH\CodeIgniter.php(466): CodeIgniter\CodeIgniter->runController(Object(App\Controllers\PagesController))
 4 SYSTEMPATH\CodeIgniter.php(349): CodeIgniter\CodeIgniter->handleRequest(null, Object(Config\Cache), false)
 5 FCPATH\index.php(55): CodeIgniter\CodeIgniter->run()
 6 SYSTEMPATH\Commands\Server\rewrite.php(43): require_once('FCPATH\\index.php')
CRITICAL - 2023-02-20 23:47:14 --> Call to undefined method App\Models\PelaporanModel::getLatLong
in SYSTEMPATH\Model.php on line 773.
 1 APPPATH\Controllers\PagesController.php(53): CodeIgniter\Model->__call('getLatLong', [])
 2 SYSTEMPATH\CodeIgniter.php(896): App\Controllers\PagesController->dashboard()
 3 SYSTEMPATH\CodeIgniter.php(466): CodeIgniter\CodeIgniter->runController(Object(App\Controllers\PagesController))
 4 SYSTEMPATH\CodeIgniter.php(349): CodeIgniter\CodeIgniter->handleRequest(null, Object(Config\Cache), false)
 5 FCPATH\index.php(55): CodeIgniter\CodeIgniter->run()
 6 SYSTEMPATH\Commands\Server\rewrite.php(43): require_once('FCPATH\\index.php')
CRITICAL - 2023-02-20 23:47:15 --> Call to undefined method App\Models\PelaporanModel::getLatLong
in SYSTEMPATH\Model.php on line 773.
 1 APPPATH\Controllers\PagesController.php(53): CodeIgniter\Model->__call('getLatLong', [])
 2 SYSTEMPATH\CodeIgniter.php(896): App\Controllers\PagesController->dashboard()
 3 SYSTEMPATH\CodeIgniter.php(466): CodeIgniter\CodeIgniter->runController(Object(App\Controllers\PagesController))
 4 SYSTEMPATH\CodeIgniter.php(349): CodeIgniter\CodeIgniter->handleRequest(null, Object(Config\Cache), false)
 5 FCPATH\index.php(55): CodeIgniter\CodeIgniter->run()
 6 SYSTEMPATH\Commands\Server\rewrite.php(43): require_once('FCPATH\\index.php')
CRITICAL - 2023-02-20 23:48:23 --> Call to undefined method App\Models\PelaporanModel::getLatLong
in SYSTEMPATH\Model.php on line 773.
 1 APPPATH\Controllers\PagesController.php(53): CodeIgniter\Model->__call('getLatLong', [])
 2 SYSTEMPATH\CodeIgniter.php(896): App\Controllers\PagesController->dashboard()
 3 SYSTEMPATH\CodeIgniter.php(466): CodeIgniter\CodeIgniter->runController(Object(App\Controllers\PagesController))
 4 SYSTEMPATH\CodeIgniter.php(349): CodeIgniter\CodeIgniter->handleRequest(null, Object(Config\Cache), false)
 5 FCPATH\index.php(55): CodeIgniter\CodeIgniter->run()
 6 SYSTEMPATH\Commands\Server\rewrite.php(43): require_once('FCPATH\\index.php')
CRITICAL - 2023-02-20 23:48:24 --> Call to undefined method App\Models\PelaporanModel::getLatLong
in SYSTEMPATH\Model.php on line 773.
 1 APPPATH\Controllers\PagesController.php(53): CodeIgniter\Model->__call('getLatLong', [])
 2 SYSTEMPATH\CodeIgniter.php(896): App\Controllers\PagesController->dashboard()
 3 SYSTEMPATH\CodeIgniter.php(466): CodeIgniter\CodeIgniter->runController(Object(App\Controllers\PagesController))
 4 SYSTEMPATH\CodeIgniter.php(349): CodeIgniter\CodeIgniter->handleRequest(null, Object(Config\Cache), false)
 5 FCPATH\index.php(55): CodeIgniter\CodeIgniter->run()
 6 SYSTEMPATH\Commands\Server\rewrite.php(43): require_once('FCPATH\\index.php')
CRITICAL - 2023-02-20 23:48:25 --> Call to undefined method App\Models\PelaporanModel::getLatLong
in SYSTEMPATH\Model.php on line 773.
 1 APPPATH\Controllers\PagesController.php(53): CodeIgniter\Model->__call('getLatLong', [])
 2 SYSTEMPATH\CodeIgniter.php(896): App\Controllers\PagesController->dashboard()
 3 SYSTEMPATH\CodeIgniter.php(466): CodeIgniter\CodeIgniter->runController(Object(App\Controllers\PagesController))
 4 SYSTEMPATH\CodeIgniter.php(349): CodeIgniter\CodeIgniter->handleRequest(null, Object(Config\Cache), false)
 5 FCPATH\index.php(55): CodeIgniter\CodeIgniter->run()
 6 SYSTEMPATH\Commands\Server\rewrite.php(43): require_once('FCPATH\\index.php')
CRITICAL - 2023-02-20 23:49:15 --> Call to undefined method App\Models\PelaporanModel::getLatLong
in SYSTEMPATH\Model.php on line 773.
 1 APPPATH\Controllers\PagesController.php(53): CodeIgniter\Model->__call('getLatLong', [])
 2 SYSTEMPATH\CodeIgniter.php(896): App\Controllers\PagesController->dashboard()
 3 SYSTEMPATH\CodeIgniter.php(466): CodeIgniter\CodeIgniter->runController(Object(App\Controllers\PagesController))
 4 SYSTEMPATH\CodeIgniter.php(349): CodeIgniter\CodeIgniter->handleRequest(null, Object(Config\Cache), false)
 5 FCPATH\index.php(55): CodeIgniter\CodeIgniter->run()
 6 SYSTEMPATH\Commands\Server\rewrite.php(43): require_once('FCPATH\\index.php')
CRITICAL - 2023-02-20 23:50:34 --> Call to undefined method App\Models\PelaporanModel::getLatLong
in SYSTEMPATH\Model.php on line 773.
 1 APPPATH\Controllers\PagesController.php(53): CodeIgniter\Model->__call('getLatLong', [])
 2 SYSTEMPATH\CodeIgniter.php(896): App\Controllers\PagesController->dashboard()
 3 SYSTEMPATH\CodeIgniter.php(466): CodeIgniter\CodeIgniter->runController(Object(App\Controllers\PagesController))
 4 SYSTEMPATH\CodeIgniter.php(349): CodeIgniter\CodeIgniter->handleRequest(null, Object(Config\Cache), false)
 5 FCPATH\index.php(55): CodeIgniter\CodeIgniter->run()
 6 SYSTEMPATH\Commands\Server\rewrite.php(43): require_once('FCPATH\\index.php')
CRITICAL - 2023-02-20 23:50:55 --> Undefined variable $pelaporan
in APPPATH\Views\dashboard.php on line 109.
 1 APPPATH\Views\dashboard.php(109): CodeIgniter\Debug\Exceptions->errorHandler(2, 'Undefined variable $pelaporan', 'APPPATH\\Views\\dashboard.php', 109)
 2 SYSTEMPATH\View\View.php(213): include('APPPATH\\Views\\dashboard.php')
 3 SYSTEMPATH\View\View.php(216): CodeIgniter\View\View->CodeIgniter\View\{closure}()
 4 SYSTEMPATH\Common.php(1135): CodeIgniter\View\View->render('dashboard', [], true)
 5 APPPATH\Controllers\PagesController.php(56): view('dashboard', [...])
 6 SYSTEMPATH\CodeIgniter.php(896): App\Controllers\PagesController->dashboard()
 7 SYSTEMPATH\CodeIgniter.php(466): CodeIgniter\CodeIgniter->runController(Object(App\Controllers\PagesController))
 8 SYSTEMPATH\CodeIgniter.php(349): CodeIgniter\CodeIgniter->handleRequest(null, Object(Config\Cache), false)
 9 FCPATH\index.php(55): CodeIgniter\CodeIgniter->run()
10 SYSTEMPATH\Commands\Server\rewrite.php(43): require_once('FCPATH\\index.php')
CRITICAL - 2023-02-20 23:51:28 --> Undefined variable $pelaporan
in APPPATH\Views\dashboard.php on line 109.
 1 APPPATH\Views\dashboard.php(109): CodeIgniter\Debug\Exceptions->errorHandler(2, 'Undefined variable $pelaporan', 'APPPATH\\Views\\dashboard.php', 109)
 2 SYSTEMPATH\View\View.php(213): include('APPPATH\\Views\\dashboard.php')
 3 SYSTEMPATH\View\View.php(216): CodeIgniter\View\View->CodeIgniter\View\{closure}()
 4 SYSTEMPATH\Common.php(1135): CodeIgniter\View\View->render('dashboard', [], true)
 5 APPPATH\Controllers\PagesController.php(56): view('dashboard', [...])
 6 SYSTEMPATH\CodeIgniter.php(896): App\Controllers\PagesController->dashboard()
 7 SYSTEMPATH\CodeIgniter.php(466): CodeIgniter\CodeIgniter->runController(Object(App\Controllers\PagesController))
 8 SYSTEMPATH\CodeIgniter.php(349): CodeIgniter\CodeIgniter->handleRequest(null, Object(Config\Cache), false)
 9 FCPATH\index.php(55): CodeIgniter\CodeIgniter->run()
10 SYSTEMPATH\Commands\Server\rewrite.php(43): require_once('FCPATH\\index.php')
CRITICAL - 2023-02-20 23:54:18 --> Undefined variable $pelaporan
in APPPATH\Views\dashboard.php on line 109.
 1 APPPATH\Views\dashboard.php(109): CodeIgniter\Debug\Exceptions->errorHandler(2, 'Undefined variable $pelaporan', 'APPPATH\\Views\\dashboard.php', 109)
 2 SYSTEMPATH\View\View.php(213): include('APPPATH\\Views\\dashboard.php')
 3 SYSTEMPATH\View\View.php(216): CodeIgniter\View\View->CodeIgniter\View\{closure}()
 4 SYSTEMPATH\Common.php(1135): CodeIgniter\View\View->render('dashboard', [], true)
 5 APPPATH\Controllers\PagesController.php(55): view('dashboard', [...])
 6 SYSTEMPATH\CodeIgniter.php(896): App\Controllers\PagesController->dashboard()
 7 SYSTEMPATH\CodeIgniter.php(466): CodeIgniter\CodeIgniter->runController(Object(App\Controllers\PagesController))
 8 SYSTEMPATH\CodeIgniter.php(349): CodeIgniter\CodeIgniter->handleRequest(null, Object(Config\Cache), false)
 9 FCPATH\index.php(55): CodeIgniter\CodeIgniter->run()
10 SYSTEMPATH\Commands\Server\rewrite.php(43): require_once('FCPATH\\index.php')
CRITICAL - 2023-02-20 23:56:48 --> foreach() argument must be of type array|object, string given
in APPPATH\Views\dashboard.php on line 109.
 1 APPPATH\Views\dashboard.php(109): CodeIgniter\Debug\Exceptions->errorHandler(2, 'foreach() argument must be of type array|object, string given', 'APPPATH\\Views\\dashboard.php', 109)
 2 SYSTEMPATH\View\View.php(213): include('APPPATH\\Views\\dashboard.php')
 3 SYSTEMPATH\View\View.php(216): CodeIgniter\View\View->CodeIgniter\View\{closure}()
 4 SYSTEMPATH\Common.php(1135): CodeIgniter\View\View->render('dashboard', [], true)
 5 APPPATH\Controllers\PagesController.php(55): view('dashboard', [...])
 6 SYSTEMPATH\CodeIgniter.php(896): App\Controllers\PagesController->dashboard()
 7 SYSTEMPATH\CodeIgniter.php(466): CodeIgniter\CodeIgniter->runController(Object(App\Controllers\PagesController))
 8 SYSTEMPATH\CodeIgniter.php(349): CodeIgniter\CodeIgniter->handleRequest(null, Object(Config\Cache), false)
 9 FCPATH\index.php(55): CodeIgniter\CodeIgniter->run()
10 SYSTEMPATH\Commands\Server\rewrite.php(43): require_once('FCPATH\\index.php')
CRITICAL - 2023-02-20 23:56:49 --> foreach() argument must be of type array|object, string given
in APPPATH\Views\dashboard.php on line 109.
 1 APPPATH\Views\dashboard.php(109): CodeIgniter\Debug\Exceptions->errorHandler(2, 'foreach() argument must be of type array|object, string given', 'APPPATH\\Views\\dashboard.php', 109)
 2 SYSTEMPATH\View\View.php(213): include('APPPATH\\Views\\dashboard.php')
 3 SYSTEMPATH\View\View.php(216): CodeIgniter\View\View->CodeIgniter\View\{closure}()
 4 SYSTEMPATH\Common.php(1135): CodeIgniter\View\View->render('dashboard', [], true)
 5 APPPATH\Controllers\PagesController.php(55): view('dashboard', [...])
 6 SYSTEMPATH\CodeIgniter.php(896): App\Controllers\PagesController->dashboard()
 7 SYSTEMPATH\CodeIgniter.php(466): CodeIgniter\CodeIgniter->runController(Object(App\Controllers\PagesController))
 8 SYSTEMPATH\CodeIgniter.php(349): CodeIgniter\CodeIgniter->handleRequest(null, Object(Config\Cache), false)
 9 FCPATH\index.php(55): CodeIgniter\CodeIgniter->run()
10 SYSTEMPATH\Commands\Server\rewrite.php(43): require_once('FCPATH\\index.php')
CRITICAL - 2023-02-20 23:56:50 --> foreach() argument must be of type array|object, string given
in APPPATH\Views\dashboard.php on line 109.
 1 APPPATH\Views\dashboard.php(109): CodeIgniter\Debug\Exceptions->errorHandler(2, 'foreach() argument must be of type array|object, string given', 'APPPATH\\Views\\dashboard.php', 109)
 2 SYSTEMPATH\View\View.php(213): include('APPPATH\\Views\\dashboard.php')
 3 SYSTEMPATH\View\View.php(216): CodeIgniter\View\View->CodeIgniter\View\{closure}()
 4 SYSTEMPATH\Common.php(1135): CodeIgniter\View\View->render('dashboard', [], true)
 5 APPPATH\Controllers\PagesController.php(55): view('dashboard', [...])
 6 SYSTEMPATH\CodeIgniter.php(896): App\Controllers\PagesController->dashboard()
 7 SYSTEMPATH\CodeIgniter.php(466): CodeIgniter\CodeIgniter->runController(Object(App\Controllers\PagesController))
 8 SYSTEMPATH\CodeIgniter.php(349): CodeIgniter\CodeIgniter->handleRequest(null, Object(Config\Cache), false)
 9 FCPATH\index.php(55): CodeIgniter\CodeIgniter->run()
10 SYSTEMPATH\Commands\Server\rewrite.php(43): require_once('FCPATH\\index.php')
CRITICAL - 2023-02-20 23:56:51 --> foreach() argument must be of type array|object, string given
in APPPATH\Views\dashboard.php on line 109.
 1 APPPATH\Views\dashboard.php(109): CodeIgniter\Debug\Exceptions->errorHandler(2, 'foreach() argument must be of type array|object, string given', 'APPPATH\\Views\\dashboard.php', 109)
 2 SYSTEMPATH\View\View.php(213): include('APPPATH\\Views\\dashboard.php')
 3 SYSTEMPATH\View\View.php(216): CodeIgniter\View\View->CodeIgniter\View\{closure}()
 4 SYSTEMPATH\Common.php(1135): CodeIgniter\View\View->render('dashboard', [], true)
 5 APPPATH\Controllers\PagesController.php(55): view('dashboard', [...])
 6 SYSTEMPATH\CodeIgniter.php(896): App\Controllers\PagesController->dashboard()
 7 SYSTEMPATH\CodeIgniter.php(466): CodeIgniter\CodeIgniter->runController(Object(App\Controllers\PagesController))
 8 SYSTEMPATH\CodeIgniter.php(349): CodeIgniter\CodeIgniter->handleRequest(null, Object(Config\Cache), false)
 9 FCPATH\index.php(55): CodeIgniter\CodeIgniter->run()
10 SYSTEMPATH\Commands\Server\rewrite.php(43): require_once('FCPATH\\index.php')
CRITICAL - 2023-02-20 23:56:54 --> Undefined variable $pelaporan
in APPPATH\Views\dashboard.php on line 109.
 1 APPPATH\Views\dashboard.php(109): CodeIgniter\Debug\Exceptions->errorHandler(2, 'Undefined variable $pelaporan', 'APPPATH\\Views\\dashboard.php', 109)
 2 SYSTEMPATH\View\View.php(213): include('APPPATH\\Views\\dashboard.php')
 3 SYSTEMPATH\View\View.php(216): CodeIgniter\View\View->CodeIgniter\View\{closure}()
 4 SYSTEMPATH\Common.php(1135): CodeIgniter\View\View->render('dashboard', [], true)
 5 APPPATH\Controllers\PagesController.php(55): view('dashboard', [...])
 6 SYSTEMPATH\CodeIgniter.php(896): App\Controllers\PagesController->dashboard()
 7 SYSTEMPATH\CodeIgniter.php(466): CodeIgniter\CodeIgniter->runController(Object(App\Controllers\PagesController))
 8 SYSTEMPATH\CodeIgniter.php(349): CodeIgniter\CodeIgniter->handleRequest(null, Object(Config\Cache), false)
 9 FCPATH\index.php(55): CodeIgniter\CodeIgniter->run()
10 SYSTEMPATH\Commands\Server\rewrite.php(43): require_once('FCPATH\\index.php')
CRITICAL - 2023-02-20 23:57:20 --> Undefined variable $pelaporan
in APPPATH\Views\dashboard.php on line 109.
 1 APPPATH\Views\dashboard.php(109): CodeIgniter\Debug\Exceptions->errorHandler(2, 'Undefined variable $pelaporan', 'APPPATH\\Views\\dashboard.php', 109)
 2 SYSTEMPATH\View\View.php(213): include('APPPATH\\Views\\dashboard.php')
 3 SYSTEMPATH\View\View.php(216): CodeIgniter\View\View->CodeIgniter\View\{closure}()
 4 SYSTEMPATH\Common.php(1135): CodeIgniter\View\View->render('dashboard', [], true)
 5 APPPATH\Controllers\PagesController.php(55): view('dashboard', [...])
 6 SYSTEMPATH\CodeIgniter.php(896): App\Controllers\PagesController->dashboard()
 7 SYSTEMPATH\CodeIgniter.php(466): CodeIgniter\CodeIgniter->runController(Object(App\Controllers\PagesController))
 8 SYSTEMPATH\CodeIgniter.php(349): CodeIgniter\CodeIgniter->handleRequest(null, Object(Config\Cache), false)
 9 FCPATH\index.php(55): CodeIgniter\CodeIgniter->run()
10 SYSTEMPATH\Commands\Server\rewrite.php(43): require_once('FCPATH\\index.php')
CRITICAL - 2023-02-20 23:57:56 --> Undefined variable $pelaporan
in APPPATH\Views\dashboard.php on line 109.
 1 APPPATH\Views\dashboard.php(109): CodeIgniter\Debug\Exceptions->errorHandler(2, 'Undefined variable $pelaporan', 'APPPATH\\Views\\dashboard.php', 109)
 2 SYSTEMPATH\View\View.php(213): include('APPPATH\\Views\\dashboard.php')
 3 SYSTEMPATH\View\View.php(216): CodeIgniter\View\View->CodeIgniter\View\{closure}()
 4 SYSTEMPATH\Common.php(1135): CodeIgniter\View\View->render('dashboard', [], true)
 5 APPPATH\Controllers\PagesController.php(55): view('dashboard', [...])
 6 SYSTEMPATH\CodeIgniter.php(896): App\Controllers\PagesController->dashboard()
 7 SYSTEMPATH\CodeIgniter.php(466): CodeIgniter\CodeIgniter->runController(Object(App\Controllers\PagesController))
 8 SYSTEMPATH\CodeIgniter.php(349): CodeIgniter\CodeIgniter->handleRequest(null, Object(Config\Cache), false)
 9 FCPATH\index.php(55): CodeIgniter\CodeIgniter->run()
10 SYSTEMPATH\Commands\Server\rewrite.php(43): require_once('FCPATH\\index.php')
