CRITICAL - 2022-12-06 07:09:52 --> htmlspecialchars(): Passing null to parameter #1 ($string) of type string is deprecated
in APPPATH\Views\users-profile.php on line 66.
 1 [internal function]: CodeIgniter\Debug\Exceptions->errorHandler(8192, 'htmlspecialchars(): Passing null to parameter #1 ($string) of type string is deprecated', 'APPPATH\\Views\\users-profile.php', 66)
 2 APPPATH\Views\users-profile.php(66): htmlspecialchars(null)
 3 SYSTEMPATH\View\View.php(213): include('APPPATH\\Views\\users-profile.php')
 4 SYSTEMPATH\View\View.php(216): CodeIgniter\View\View->CodeIgniter\View\{closure}()
 5 SYSTEMPATH\Common.php(1135): CodeIgniter\View\View->render('users-profile', [], true)
 6 APPPATH\Controllers\PagesController.php(95): view('users-profile', [...])
 7 SYSTEMPATH\CodeIgniter.php(896): App\Controllers\PagesController->users_profile()
 8 SYSTEMPATH\CodeIgniter.php(466): CodeIgniter\CodeIgniter->runController(Object(App\Controllers\PagesController))
 9 SYSTEMPATH\CodeIgniter.php(349): CodeIgniter\CodeIgniter->handleRequest(null, Object(Config\Cache), false)
10 FCPATH\index.php(55): CodeIgniter\CodeIgniter->run()
11 SYSTEMPATH\Commands\Server\rewrite.php(43): require_once('FCPATH\\index.php')
CRITICAL - 2022-12-06 07:10:49 --> Undefined variable $title
in APPPATH\Views\Template\index.php on line 8.
 1 APPPATH\Views\Template\index.php(8): CodeIgniter\Debug\Exceptions->errorHandler(2, 'Undefined variable $title', 'APPPATH\\Views\\Template\\index.php', 8)
 2 SYSTEMPATH\View\View.php(213): include('APPPATH\\Views\\Template\\index.php')
 3 SYSTEMPATH\View\View.php(216): CodeIgniter\View\View->CodeIgniter\View\{closure}()
 4 SYSTEMPATH\View\View.php(229): CodeIgniter\View\View->render('Template/index', [], true)
 5 SYSTEMPATH\Common.php(1135): CodeIgniter\View\View->render('users-profile', [], true)
 6 APPPATH\Controllers\AuthenticationController.php(156): view('users-profile', [...])
 7 SYSTEMPATH\CodeIgniter.php(896): App\Controllers\AuthenticationController->updateprofile('id')
 8 SYSTEMPATH\CodeIgniter.php(466): CodeIgniter\CodeIgniter->runController(Object(App\Controllers\AuthenticationController))
 9 SYSTEMPATH\CodeIgniter.php(349): CodeIgniter\CodeIgniter->handleRequest(null, Object(Config\Cache), false)
10 FCPATH\index.php(55): CodeIgniter\CodeIgniter->run()
11 SYSTEMPATH\Commands\Server\rewrite.php(43): require_once('FCPATH\\index.php')
CRITICAL - 2022-12-06 07:30:00 --> Undefined variable $nama
in APPPATH\Views\users-profile.php on line 25.
 1 APPPATH\Views\users-profile.php(25): CodeIgniter\Debug\Exceptions->errorHandler(2, 'Undefined variable $nama', 'APPPATH\\Views\\users-profile.php', 25)
 2 SYSTEMPATH\View\View.php(213): include('APPPATH\\Views\\users-profile.php')
 3 SYSTEMPATH\View\View.php(216): CodeIgniter\View\View->CodeIgniter\View\{closure}()
 4 SYSTEMPATH\Common.php(1135): CodeIgniter\View\View->render('users-profile', [], true)
 5 APPPATH\Controllers\PagesController.php(93): view('users-profile', [...])
 6 SYSTEMPATH\CodeIgniter.php(896): App\Controllers\PagesController->users_profile()
 7 SYSTEMPATH\CodeIgniter.php(466): CodeIgniter\CodeIgniter->runController(Object(App\Controllers\PagesController))
 8 SYSTEMPATH\CodeIgniter.php(349): CodeIgniter\CodeIgniter->handleRequest(null, Object(Config\Cache), false)
 9 FCPATH\index.php(55): CodeIgniter\CodeIgniter->run()
10 SYSTEMPATH\Commands\Server\rewrite.php(43): require_once('FCPATH\\index.php')
CRITICAL - 2022-12-06 07:30:01 --> Undefined variable $nama
in APPPATH\Views\users-profile.php on line 25.
 1 APPPATH\Views\users-profile.php(25): CodeIgniter\Debug\Exceptions->errorHandler(2, 'Undefined variable $nama', 'APPPATH\\Views\\users-profile.php', 25)
 2 SYSTEMPATH\View\View.php(213): include('APPPATH\\Views\\users-profile.php')
 3 SYSTEMPATH\View\View.php(216): CodeIgniter\View\View->CodeIgniter\View\{closure}()
 4 SYSTEMPATH\Common.php(1135): CodeIgniter\View\View->render('users-profile', [], true)
 5 APPPATH\Controllers\PagesController.php(93): view('users-profile', [...])
 6 SYSTEMPATH\CodeIgniter.php(896): App\Controllers\PagesController->users_profile()
 7 SYSTEMPATH\CodeIgniter.php(466): CodeIgniter\CodeIgniter->runController(Object(App\Controllers\PagesController))
 8 SYSTEMPATH\CodeIgniter.php(349): CodeIgniter\CodeIgniter->handleRequest(null, Object(Config\Cache), false)
 9 FCPATH\index.php(55): CodeIgniter\CodeIgniter->run()
10 SYSTEMPATH\Commands\Server\rewrite.php(43): require_once('FCPATH\\index.php')
CRITICAL - 2022-12-06 07:30:02 --> Undefined variable $nama
in APPPATH\Views\users-profile.php on line 25.
 1 APPPATH\Views\users-profile.php(25): CodeIgniter\Debug\Exceptions->errorHandler(2, 'Undefined variable $nama', 'APPPATH\\Views\\users-profile.php', 25)
 2 SYSTEMPATH\View\View.php(213): include('APPPATH\\Views\\users-profile.php')
 3 SYSTEMPATH\View\View.php(216): CodeIgniter\View\View->CodeIgniter\View\{closure}()
 4 SYSTEMPATH\Common.php(1135): CodeIgniter\View\View->render('users-profile', [], true)
 5 APPPATH\Controllers\PagesController.php(93): view('users-profile', [...])
 6 SYSTEMPATH\CodeIgniter.php(896): App\Controllers\PagesController->users_profile()
 7 SYSTEMPATH\CodeIgniter.php(466): CodeIgniter\CodeIgniter->runController(Object(App\Controllers\PagesController))
 8 SYSTEMPATH\CodeIgniter.php(349): CodeIgniter\CodeIgniter->handleRequest(null, Object(Config\Cache), false)
 9 FCPATH\index.php(55): CodeIgniter\CodeIgniter->run()
10 SYSTEMPATH\Commands\Server\rewrite.php(43): require_once('FCPATH\\index.php')
CRITICAL - 2022-12-06 07:30:02 --> Undefined variable $nama
in APPPATH\Views\users-profile.php on line 25.
 1 APPPATH\Views\users-profile.php(25): CodeIgniter\Debug\Exceptions->errorHandler(2, 'Undefined variable $nama', 'APPPATH\\Views\\users-profile.php', 25)
 2 SYSTEMPATH\View\View.php(213): include('APPPATH\\Views\\users-profile.php')
 3 SYSTEMPATH\View\View.php(216): CodeIgniter\View\View->CodeIgniter\View\{closure}()
 4 SYSTEMPATH\Common.php(1135): CodeIgniter\View\View->render('users-profile', [], true)
 5 APPPATH\Controllers\PagesController.php(93): view('users-profile', [...])
 6 SYSTEMPATH\CodeIgniter.php(896): App\Controllers\PagesController->users_profile()
 7 SYSTEMPATH\CodeIgniter.php(466): CodeIgniter\CodeIgniter->runController(Object(App\Controllers\PagesController))
 8 SYSTEMPATH\CodeIgniter.php(349): CodeIgniter\CodeIgniter->handleRequest(null, Object(Config\Cache), false)
 9 FCPATH\index.php(55): CodeIgniter\CodeIgniter->run()
10 SYSTEMPATH\Commands\Server\rewrite.php(43): require_once('FCPATH\\index.php')
CRITICAL - 2022-12-06 07:30:03 --> Undefined variable $nama
in APPPATH\Views\users-profile.php on line 25.
 1 APPPATH\Views\users-profile.php(25): CodeIgniter\Debug\Exceptions->errorHandler(2, 'Undefined variable $nama', 'APPPATH\\Views\\users-profile.php', 25)
 2 SYSTEMPATH\View\View.php(213): include('APPPATH\\Views\\users-profile.php')
 3 SYSTEMPATH\View\View.php(216): CodeIgniter\View\View->CodeIgniter\View\{closure}()
 4 SYSTEMPATH\Common.php(1135): CodeIgniter\View\View->render('users-profile', [], true)
 5 APPPATH\Controllers\PagesController.php(93): view('users-profile', [...])
 6 SYSTEMPATH\CodeIgniter.php(896): App\Controllers\PagesController->users_profile()
 7 SYSTEMPATH\CodeIgniter.php(466): CodeIgniter\CodeIgniter->runController(Object(App\Controllers\PagesController))
 8 SYSTEMPATH\CodeIgniter.php(349): CodeIgniter\CodeIgniter->handleRequest(null, Object(Config\Cache), false)
 9 FCPATH\index.php(55): CodeIgniter\CodeIgniter->run()
10 SYSTEMPATH\Commands\Server\rewrite.php(43): require_once('FCPATH\\index.php')
CRITICAL - 2022-12-06 07:30:03 --> Undefined variable $nama
in APPPATH\Views\users-profile.php on line 25.
 1 APPPATH\Views\users-profile.php(25): CodeIgniter\Debug\Exceptions->errorHandler(2, 'Undefined variable $nama', 'APPPATH\\Views\\users-profile.php', 25)
 2 SYSTEMPATH\View\View.php(213): include('APPPATH\\Views\\users-profile.php')
 3 SYSTEMPATH\View\View.php(216): CodeIgniter\View\View->CodeIgniter\View\{closure}()
 4 SYSTEMPATH\Common.php(1135): CodeIgniter\View\View->render('users-profile', [], true)
 5 APPPATH\Controllers\PagesController.php(93): view('users-profile', [...])
 6 SYSTEMPATH\CodeIgniter.php(896): App\Controllers\PagesController->users_profile()
 7 SYSTEMPATH\CodeIgniter.php(466): CodeIgniter\CodeIgniter->runController(Object(App\Controllers\PagesController))
 8 SYSTEMPATH\CodeIgniter.php(349): CodeIgniter\CodeIgniter->handleRequest(null, Object(Config\Cache), false)
 9 FCPATH\index.php(55): CodeIgniter\CodeIgniter->run()
10 SYSTEMPATH\Commands\Server\rewrite.php(43): require_once('FCPATH\\index.php')
CRITICAL - 2022-12-06 07:30:03 --> Undefined variable $nama
in APPPATH\Views\users-profile.php on line 25.
 1 APPPATH\Views\users-profile.php(25): CodeIgniter\Debug\Exceptions->errorHandler(2, 'Undefined variable $nama', 'APPPATH\\Views\\users-profile.php', 25)
 2 SYSTEMPATH\View\View.php(213): include('APPPATH\\Views\\users-profile.php')
 3 SYSTEMPATH\View\View.php(216): CodeIgniter\View\View->CodeIgniter\View\{closure}()
 4 SYSTEMPATH\Common.php(1135): CodeIgniter\View\View->render('users-profile', [], true)
 5 APPPATH\Controllers\PagesController.php(93): view('users-profile', [...])
 6 SYSTEMPATH\CodeIgniter.php(896): App\Controllers\PagesController->users_profile()
 7 SYSTEMPATH\CodeIgniter.php(466): CodeIgniter\CodeIgniter->runController(Object(App\Controllers\PagesController))
 8 SYSTEMPATH\CodeIgniter.php(349): CodeIgniter\CodeIgniter->handleRequest(null, Object(Config\Cache), false)
 9 FCPATH\index.php(55): CodeIgniter\CodeIgniter->run()
10 SYSTEMPATH\Commands\Server\rewrite.php(43): require_once('FCPATH\\index.php')
CRITICAL - 2022-12-06 07:30:04 --> Undefined variable $nama
in APPPATH\Views\users-profile.php on line 25.
 1 APPPATH\Views\users-profile.php(25): CodeIgniter\Debug\Exceptions->errorHandler(2, 'Undefined variable $nama', 'APPPATH\\Views\\users-profile.php', 25)
 2 SYSTEMPATH\View\View.php(213): include('APPPATH\\Views\\users-profile.php')
 3 SYSTEMPATH\View\View.php(216): CodeIgniter\View\View->CodeIgniter\View\{closure}()
 4 SYSTEMPATH\Common.php(1135): CodeIgniter\View\View->render('users-profile', [], true)
 5 APPPATH\Controllers\PagesController.php(93): view('users-profile', [...])
 6 SYSTEMPATH\CodeIgniter.php(896): App\Controllers\PagesController->users_profile()
 7 SYSTEMPATH\CodeIgniter.php(466): CodeIgniter\CodeIgniter->runController(Object(App\Controllers\PagesController))
 8 SYSTEMPATH\CodeIgniter.php(349): CodeIgniter\CodeIgniter->handleRequest(null, Object(Config\Cache), false)
 9 FCPATH\index.php(55): CodeIgniter\CodeIgniter->run()
10 SYSTEMPATH\Commands\Server\rewrite.php(43): require_once('FCPATH\\index.php')
CRITICAL - 2022-12-06 07:30:37 --> Undefined variable $email
in APPPATH\Views\users-profile.php on line 86.
 1 APPPATH\Views\users-profile.php(86): CodeIgniter\Debug\Exceptions->errorHandler(2, 'Undefined variable $email', 'APPPATH\\Views\\users-profile.php', 86)
 2 SYSTEMPATH\View\View.php(213): include('APPPATH\\Views\\users-profile.php')
 3 SYSTEMPATH\View\View.php(216): CodeIgniter\View\View->CodeIgniter\View\{closure}()
 4 SYSTEMPATH\Common.php(1135): CodeIgniter\View\View->render('users-profile', [], true)
 5 APPPATH\Controllers\PagesController.php(93): view('users-profile', [...])
 6 SYSTEMPATH\CodeIgniter.php(896): App\Controllers\PagesController->users_profile()
 7 SYSTEMPATH\CodeIgniter.php(466): CodeIgniter\CodeIgniter->runController(Object(App\Controllers\PagesController))
 8 SYSTEMPATH\CodeIgniter.php(349): CodeIgniter\CodeIgniter->handleRequest(null, Object(Config\Cache), false)
 9 FCPATH\index.php(55): CodeIgniter\CodeIgniter->run()
10 SYSTEMPATH\Commands\Server\rewrite.php(43): require_once('FCPATH\\index.php')
CRITICAL - 2022-12-06 07:34:49 --> Undefined variable $nama
in APPPATH\Views\Template\navheader.php on line 19.
 1 APPPATH\Views\Template\navheader.php(19): CodeIgniter\Debug\Exceptions->errorHandler(2, 'Undefined variable $nama', 'APPPATH\\Views\\Template\\navheader.php', 19)
 2 SYSTEMPATH\View\View.php(213): include('APPPATH\\Views\\Template\\navheader.php')
 3 SYSTEMPATH\View\View.php(216): CodeIgniter\View\View->CodeIgniter\View\{closure}()
 4 SYSTEMPATH\View\View.php(429): CodeIgniter\View\View->render('Template/navheader', null, true)
 5 APPPATH\Views\Template\index.php(44): CodeIgniter\View\View->include('Template/navheader')
 6 SYSTEMPATH\View\View.php(213): include('APPPATH\\Views\\Template\\index.php')
 7 SYSTEMPATH\View\View.php(216): CodeIgniter\View\View->CodeIgniter\View\{closure}()
 8 SYSTEMPATH\View\View.php(229): CodeIgniter\View\View->render('Template/index', [], true)
 9 SYSTEMPATH\Common.php(1135): CodeIgniter\View\View->render('users-profile', [], true)
10 APPPATH\Controllers\PagesController.php(93): view('users-profile', [...])
11 SYSTEMPATH\CodeIgniter.php(896): App\Controllers\PagesController->users_profile()
12 SYSTEMPATH\CodeIgniter.php(466): CodeIgniter\CodeIgniter->runController(Object(App\Controllers\PagesController))
13 SYSTEMPATH\CodeIgniter.php(349): CodeIgniter\CodeIgniter->handleRequest(null, Object(Config\Cache), false)
14 FCPATH\index.php(55): CodeIgniter\CodeIgniter->run()
15 SYSTEMPATH\Commands\Server\rewrite.php(43): require_once('FCPATH\\index.php')
CRITICAL - 2022-12-06 07:35:12 --> Undefined variable $nama
in APPPATH\Views\Template\navheader.php on line 19.
 1 APPPATH\Views\Template\navheader.php(19): CodeIgniter\Debug\Exceptions->errorHandler(2, 'Undefined variable $nama', 'APPPATH\\Views\\Template\\navheader.php', 19)
 2 SYSTEMPATH\View\View.php(213): include('APPPATH\\Views\\Template\\navheader.php')
 3 SYSTEMPATH\View\View.php(216): CodeIgniter\View\View->CodeIgniter\View\{closure}()
 4 SYSTEMPATH\View\View.php(429): CodeIgniter\View\View->render('Template/navheader', null, true)
 5 APPPATH\Views\Template\index.php(44): CodeIgniter\View\View->include('Template/navheader')
 6 SYSTEMPATH\View\View.php(213): include('APPPATH\\Views\\Template\\index.php')
 7 SYSTEMPATH\View\View.php(216): CodeIgniter\View\View->CodeIgniter\View\{closure}()
 8 SYSTEMPATH\View\View.php(229): CodeIgniter\View\View->render('Template/index', [], true)
 9 SYSTEMPATH\Common.php(1135): CodeIgniter\View\View->render('users-profile', [], true)
10 APPPATH\Controllers\PagesController.php(93): view('users-profile', [...])
11 SYSTEMPATH\CodeIgniter.php(896): App\Controllers\PagesController->users_profile()
12 SYSTEMPATH\CodeIgniter.php(466): CodeIgniter\CodeIgniter->runController(Object(App\Controllers\PagesController))
13 SYSTEMPATH\CodeIgniter.php(349): CodeIgniter\CodeIgniter->handleRequest(null, Object(Config\Cache), false)
14 FCPATH\index.php(55): CodeIgniter\CodeIgniter->run()
15 SYSTEMPATH\Commands\Server\rewrite.php(43): require_once('FCPATH\\index.php')
CRITICAL - 2022-12-06 07:35:21 --> Undefined variable $nama
in APPPATH\Views\Template\navheader.php on line 19.
 1 APPPATH\Views\Template\navheader.php(19): CodeIgniter\Debug\Exceptions->errorHandler(2, 'Undefined variable $nama', 'APPPATH\\Views\\Template\\navheader.php', 19)
 2 SYSTEMPATH\View\View.php(213): include('APPPATH\\Views\\Template\\navheader.php')
 3 SYSTEMPATH\View\View.php(216): CodeIgniter\View\View->CodeIgniter\View\{closure}()
 4 SYSTEMPATH\View\View.php(429): CodeIgniter\View\View->render('Template/navheader', null, true)
 5 APPPATH\Views\Template\index.php(44): CodeIgniter\View\View->include('Template/navheader')
 6 SYSTEMPATH\View\View.php(213): include('APPPATH\\Views\\Template\\index.php')
 7 SYSTEMPATH\View\View.php(216): CodeIgniter\View\View->CodeIgniter\View\{closure}()
 8 SYSTEMPATH\View\View.php(229): CodeIgniter\View\View->render('Template/index', [], true)
 9 SYSTEMPATH\Common.php(1135): CodeIgniter\View\View->render('users-profile', [], true)
10 APPPATH\Controllers\PagesController.php(93): view('users-profile', [...])
11 SYSTEMPATH\CodeIgniter.php(896): App\Controllers\PagesController->users_profile()
12 SYSTEMPATH\CodeIgniter.php(466): CodeIgniter\CodeIgniter->runController(Object(App\Controllers\PagesController))
13 SYSTEMPATH\CodeIgniter.php(349): CodeIgniter\CodeIgniter->handleRequest(null, Object(Config\Cache), false)
14 FCPATH\index.php(55): CodeIgniter\CodeIgniter->run()
15 SYSTEMPATH\Commands\Server\rewrite.php(43): require_once('FCPATH\\index.php')
CRITICAL - 2022-12-06 07:37:06 --> Undefined variable $nama
in APPPATH\Views\Template\navheader.php on line 24.
 1 APPPATH\Views\Template\navheader.php(24): CodeIgniter\Debug\Exceptions->errorHandler(2, 'Undefined variable $nama', 'APPPATH\\Views\\Template\\navheader.php', 24)
 2 SYSTEMPATH\View\View.php(213): include('APPPATH\\Views\\Template\\navheader.php')
 3 SYSTEMPATH\View\View.php(216): CodeIgniter\View\View->CodeIgniter\View\{closure}()
 4 SYSTEMPATH\View\View.php(429): CodeIgniter\View\View->render('Template/navheader', null, true)
 5 APPPATH\Views\Template\index.php(44): CodeIgniter\View\View->include('Template/navheader')
 6 SYSTEMPATH\View\View.php(213): include('APPPATH\\Views\\Template\\index.php')
 7 SYSTEMPATH\View\View.php(216): CodeIgniter\View\View->CodeIgniter\View\{closure}()
 8 SYSTEMPATH\View\View.php(229): CodeIgniter\View\View->render('Template/index', [], true)
 9 SYSTEMPATH\Common.php(1135): CodeIgniter\View\View->render('users-profile', [], true)
10 APPPATH\Controllers\PagesController.php(93): view('users-profile', [...])
11 SYSTEMPATH\CodeIgniter.php(896): App\Controllers\PagesController->users_profile()
12 SYSTEMPATH\CodeIgniter.php(466): CodeIgniter\CodeIgniter->runController(Object(App\Controllers\PagesController))
13 SYSTEMPATH\CodeIgniter.php(349): CodeIgniter\CodeIgniter->handleRequest(null, Object(Config\Cache), false)
14 FCPATH\index.php(55): CodeIgniter\CodeIgniter->run()
15 SYSTEMPATH\Commands\Server\rewrite.php(43): require_once('FCPATH\\index.php')
CRITICAL - 2022-12-06 07:38:40 --> Trying to access array offset on value of type null
in APPPATH\Controllers\AuthenticationController.php on line 166.
 1 APPPATH\Controllers\AuthenticationController.php(166): CodeIgniter\Debug\Exceptions->errorHandler(2, 'Trying to access array offset on value of type null', 'APPPATH\\Controllers\\AuthenticationController.php', 166)
 2 SYSTEMPATH\CodeIgniter.php(896): App\Controllers\AuthenticationController->updateprofile()
 3 SYSTEMPATH\CodeIgniter.php(466): CodeIgniter\CodeIgniter->runController(Object(App\Controllers\AuthenticationController))
 4 SYSTEMPATH\CodeIgniter.php(349): CodeIgniter\CodeIgniter->handleRequest(null, Object(Config\Cache), false)
 5 FCPATH\index.php(55): CodeIgniter\CodeIgniter->run()
 6 SYSTEMPATH\Commands\Server\rewrite.php(43): require_once('FCPATH\\index.php')
CRITICAL - 2022-12-06 07:38:50 --> htmlspecialchars(): Passing null to parameter #1 ($string) of type string is deprecated
in APPPATH\Views\users-profile.php on line 66.
 1 [internal function]: CodeIgniter\Debug\Exceptions->errorHandler(8192, 'htmlspecialchars(): Passing null to parameter #1 ($string) of type string is deprecated', 'APPPATH\\Views\\users-profile.php', 66)
 2 APPPATH\Views\users-profile.php(66): htmlspecialchars(null)
 3 SYSTEMPATH\View\View.php(213): include('APPPATH\\Views\\users-profile.php')
 4 SYSTEMPATH\View\View.php(216): CodeIgniter\View\View->CodeIgniter\View\{closure}()
 5 SYSTEMPATH\Common.php(1135): CodeIgniter\View\View->render('users-profile', [], true)
 6 APPPATH\Controllers\PagesController.php(93): view('users-profile', [...])
 7 SYSTEMPATH\CodeIgniter.php(896): App\Controllers\PagesController->users_profile()
 8 SYSTEMPATH\CodeIgniter.php(466): CodeIgniter\CodeIgniter->runController(Object(App\Controllers\PagesController))
 9 SYSTEMPATH\CodeIgniter.php(349): CodeIgniter\CodeIgniter->handleRequest(null, Object(Config\Cache), false)
10 FCPATH\index.php(55): CodeIgniter\CodeIgniter->run()
11 SYSTEMPATH\Commands\Server\rewrite.php(43): require_once('FCPATH\\index.php')
CRITICAL - 2022-12-06 07:38:53 --> htmlspecialchars(): Passing null to parameter #1 ($string) of type string is deprecated
in APPPATH\Views\users-profile.php on line 66.
 1 [internal function]: CodeIgniter\Debug\Exceptions->errorHandler(8192, 'htmlspecialchars(): Passing null to parameter #1 ($string) of type string is deprecated', 'APPPATH\\Views\\users-profile.php', 66)
 2 APPPATH\Views\users-profile.php(66): htmlspecialchars(null)
 3 SYSTEMPATH\View\View.php(213): include('APPPATH\\Views\\users-profile.php')
 4 SYSTEMPATH\View\View.php(216): CodeIgniter\View\View->CodeIgniter\View\{closure}()
 5 SYSTEMPATH\Common.php(1135): CodeIgniter\View\View->render('users-profile', [], true)
 6 APPPATH\Controllers\PagesController.php(93): view('users-profile', [...])
 7 SYSTEMPATH\CodeIgniter.php(896): App\Controllers\PagesController->users_profile()
 8 SYSTEMPATH\CodeIgniter.php(466): CodeIgniter\CodeIgniter->runController(Object(App\Controllers\PagesController))
 9 SYSTEMPATH\CodeIgniter.php(349): CodeIgniter\CodeIgniter->handleRequest(null, Object(Config\Cache), false)
10 FCPATH\index.php(55): CodeIgniter\CodeIgniter->run()
11 SYSTEMPATH\Commands\Server\rewrite.php(43): require_once('FCPATH\\index.php')
CRITICAL - 2022-12-06 07:38:59 --> htmlspecialchars(): Passing null to parameter #1 ($string) of type string is deprecated
in APPPATH\Views\users-profile.php on line 66.
 1 [internal function]: CodeIgniter\Debug\Exceptions->errorHandler(8192, 'htmlspecialchars(): Passing null to parameter #1 ($string) of type string is deprecated', 'APPPATH\\Views\\users-profile.php', 66)
 2 APPPATH\Views\users-profile.php(66): htmlspecialchars(null)
 3 SYSTEMPATH\View\View.php(213): include('APPPATH\\Views\\users-profile.php')
 4 SYSTEMPATH\View\View.php(216): CodeIgniter\View\View->CodeIgniter\View\{closure}()
 5 SYSTEMPATH\Common.php(1135): CodeIgniter\View\View->render('users-profile', [], true)
 6 APPPATH\Controllers\PagesController.php(93): view('users-profile', [...])
 7 SYSTEMPATH\CodeIgniter.php(896): App\Controllers\PagesController->users_profile()
 8 SYSTEMPATH\CodeIgniter.php(466): CodeIgniter\CodeIgniter->runController(Object(App\Controllers\PagesController))
 9 SYSTEMPATH\CodeIgniter.php(349): CodeIgniter\CodeIgniter->handleRequest(null, Object(Config\Cache), false)
10 FCPATH\index.php(55): CodeIgniter\CodeIgniter->run()
11 SYSTEMPATH\Commands\Server\rewrite.php(43): require_once('FCPATH\\index.php')
CRITICAL - 2022-12-06 07:39:07 --> htmlspecialchars(): Passing null to parameter #1 ($string) of type string is deprecated
in APPPATH\Views\users-profile.php on line 66.
 1 [internal function]: CodeIgniter\Debug\Exceptions->errorHandler(8192, 'htmlspecialchars(): Passing null to parameter #1 ($string) of type string is deprecated', 'APPPATH\\Views\\users-profile.php', 66)
 2 APPPATH\Views\users-profile.php(66): htmlspecialchars(null)
 3 SYSTEMPATH\View\View.php(213): include('APPPATH\\Views\\users-profile.php')
 4 SYSTEMPATH\View\View.php(216): CodeIgniter\View\View->CodeIgniter\View\{closure}()
 5 SYSTEMPATH\Common.php(1135): CodeIgniter\View\View->render('users-profile', [], true)
 6 APPPATH\Controllers\PagesController.php(93): view('users-profile', [...])
 7 SYSTEMPATH\CodeIgniter.php(896): App\Controllers\PagesController->users_profile()
 8 SYSTEMPATH\CodeIgniter.php(466): CodeIgniter\CodeIgniter->runController(Object(App\Controllers\PagesController))
 9 SYSTEMPATH\CodeIgniter.php(349): CodeIgniter\CodeIgniter->handleRequest(null, Object(Config\Cache), false)
10 FCPATH\index.php(55): CodeIgniter\CodeIgniter->run()
11 SYSTEMPATH\Commands\Server\rewrite.php(43): require_once('FCPATH\\index.php')
CRITICAL - 2022-12-06 07:41:02 --> htmlspecialchars(): Passing null to parameter #1 ($string) of type string is deprecated
in APPPATH\Views\users-profile.php on line 66.
 1 [internal function]: CodeIgniter\Debug\Exceptions->errorHandler(8192, 'htmlspecialchars(): Passing null to parameter #1 ($string) of type string is deprecated', 'APPPATH\\Views\\users-profile.php', 66)
 2 APPPATH\Views\users-profile.php(66): htmlspecialchars(null)
 3 SYSTEMPATH\View\View.php(213): include('APPPATH\\Views\\users-profile.php')
 4 SYSTEMPATH\View\View.php(216): CodeIgniter\View\View->CodeIgniter\View\{closure}()
 5 SYSTEMPATH\Common.php(1135): CodeIgniter\View\View->render('users-profile', [], true)
 6 APPPATH\Controllers\PagesController.php(93): view('users-profile', [...])
 7 SYSTEMPATH\CodeIgniter.php(896): App\Controllers\PagesController->users_profile()
 8 SYSTEMPATH\CodeIgniter.php(466): CodeIgniter\CodeIgniter->runController(Object(App\Controllers\PagesController))
 9 SYSTEMPATH\CodeIgniter.php(349): CodeIgniter\CodeIgniter->handleRequest(null, Object(Config\Cache), false)
10 FCPATH\index.php(55): CodeIgniter\CodeIgniter->run()
11 SYSTEMPATH\Commands\Server\rewrite.php(43): require_once('FCPATH\\index.php')
CRITICAL - 2022-12-06 07:45:42 --> Trying to access array offset on value of type null
in APPPATH\Controllers\AuthenticationController.php on line 171.
 1 APPPATH\Controllers\AuthenticationController.php(171): CodeIgniter\Debug\Exceptions->errorHandler(2, 'Trying to access array offset on value of type null', 'APPPATH\\Controllers\\AuthenticationController.php', 171)
 2 SYSTEMPATH\CodeIgniter.php(896): App\Controllers\AuthenticationController->updatepass()
 3 SYSTEMPATH\CodeIgniter.php(466): CodeIgniter\CodeIgniter->runController(Object(App\Controllers\AuthenticationController))
 4 SYSTEMPATH\CodeIgniter.php(349): CodeIgniter\CodeIgniter->handleRequest(null, Object(Config\Cache), false)
 5 FCPATH\index.php(55): CodeIgniter\CodeIgniter->run()
 6 SYSTEMPATH\Commands\Server\rewrite.php(43): require_once('FCPATH\\index.php')
CRITICAL - 2022-12-06 22:37:42 --> htmlspecialchars(): Passing null to parameter #1 ($string) of type string is deprecated
in APPPATH\Views\users-profile.php on line 66.
 1 [internal function]: CodeIgniter\Debug\Exceptions->errorHandler(8192, 'htmlspecialchars(): Passing null to parameter #1 ($string) of type string is deprecated', 'APPPATH\\Views\\users-profile.php', 66)
 2 APPPATH\Views\users-profile.php(66): htmlspecialchars(null)
 3 SYSTEMPATH\View\View.php(213): include('APPPATH\\Views\\users-profile.php')
 4 SYSTEMPATH\View\View.php(216): CodeIgniter\View\View->CodeIgniter\View\{closure}()
 5 SYSTEMPATH\Common.php(1135): CodeIgniter\View\View->render('users-profile', [], true)
 6 APPPATH\Controllers\PagesController.php(93): view('users-profile', [...])
 7 SYSTEMPATH\CodeIgniter.php(896): App\Controllers\PagesController->users_profile()
 8 SYSTEMPATH\CodeIgniter.php(466): CodeIgniter\CodeIgniter->runController(Object(App\Controllers\PagesController))
 9 SYSTEMPATH\CodeIgniter.php(349): CodeIgniter\CodeIgniter->handleRequest(null, Object(Config\Cache), false)
10 FCPATH\index.php(55): CodeIgniter\CodeIgniter->run()
11 SYSTEMPATH\Commands\Server\rewrite.php(43): require_once('FCPATH\\index.php')
